            --------------------------------------------------------
                             AMBER SQM VERSION 19
 
                                     By
              Ross C. Walker, Michael F. Crowley, Scott Brozell,
                         Tim Giese, Andreas W. Goetz,
                        Tai-Sung Lee and David A. Case
 
            --------------------------------------------------------
 

--------------------------------------------------------------------------------
  QM CALCULATION INFO
--------------------------------------------------------------------------------

| QMMM: Citation for AMBER QMMM Run:
| QMMM: R.C. Walker, M.F. Crowley and D.A. Case, J. COMP. CHEM. 29:1019, 2008

QMMM: SINGLET STATE CALCULATION
QMMM: RHF CALCULATION, NO. OF DOUBLY OCCUPIED LEVELS = 30

| QMMM: *** Selected Hamiltonian *** 
| QMMM: AM1         

| QMMM: *** Parameter sets in use ***
| QMMM: C : M.J.S.DEWAR et al. JACS, 107, 3902, (1985)
| QMMM: N : M.J.S.DEWAR et al. JACS, 107, 3902, (1985)
| QMMM: H : M.J.S.DEWAR et al. JACS, 107, 3902, (1985)

| QMMM: *** SCF convergence criteria ***
| QMMM: Energy change                :  0.1D-09 kcal/mol
| QMMM: Error matrix |FP-PF|         :  0.1D+00 au
| QMMM: Density matrix change        :  0.5D-06
| QMMM: Maximum number of SCF cycles :     1000

| QMMM: *** Diagonalization Routine Information ***
| QMMM: Pseudo diagonalizations are allowed.
| QMMM: Auto diagonalization routine selection is in use.
| QMMM:
| QMMM: Timing diagonalization routines:
| QMMM:                              norbs =       59
| QMMM:    diag iterations used for timing =       15
| QMMM:
| QMMM:              Internal diag routine = 0.007027 seconds
| QMMM:                 Dspev diag routine = 0.008186 seconds
| QMMM:                Dspevd diag routine = 0.006385 seconds
| QMMM:                Dspevx diag routine = 0.031416 seconds
| QMMM:                 Dsyev diag routine = 0.008438 seconds
| QMMM:                Dsyevd diag routine = 0.006984 seconds
| QMMM:                Dsyevr diag routine = 0.007520 seconds
| QMMM:
| QMMM:                Pseudo diag routine = 0.002197 seconds
| QMMM:
| QMMM: Using dspevd routine (diag_routine=3).

  QMMM: QM Region Cartesian Coordinates (*=link atom) 
  QMMM: QM_NO.   MM_NO.  ATOM         X         Y         Z
  QMMM:     1        1      C       30.6270   27.6720   32.1000
  QMMM:     2        2      N       30.5090   32.1840   35.7570
  QMMM:     3        3      C       30.2300   29.6150   30.9390
  QMMM:     4        4      C       30.6840   28.9930   32.0470
  QMMM:     5        5      C       30.8130   29.8060   33.3460
  QMMM:     6        6      C       32.0310   29.8300   34.0700
  QMMM:     7        7      C       32.2080   28.5520   34.8220
  QMMM:     8        8      C       32.1150   28.6500   36.3870
  QMMM:     9        9      C       31.6150   29.8080   37.1420
  QMMM:    10       10      C       32.4810   27.3390   37.2810
  QMMM:    11       11      C       31.1110   30.9710   36.4680
  QMMM:    12       12      H       31.8110   26.5200   37.0180
  QMMM:    13       13      H       33.5110   27.0420   37.0860
  QMMM:    14       14      H       32.3660   27.5760   38.3390
  QMMM:    15       15      H       31.6270   29.7830   38.2320
  QMMM:    16       16      H       31.4540   27.8440   34.4780
  QMMM:    17       17      H       33.1800   28.1330   34.5620
  QMMM:    18       18      H       32.8670   29.9770   33.3860
  QMMM:    19       19      H       32.0350   30.6720   34.7630
  QMMM:    20       20      H       29.9570   30.3710   33.7150
  QMMM:    21       21      H       30.8000   29.2780   30.0730
  QMMM:    22       22      H       29.1760   29.3770   30.7940
  QMMM:    23       23      H       30.3460   30.6930   31.0530
  QMMM:    24       24      H       31.2140   27.2490   31.2850
  QMMM:    25       25      H       29.5900   27.3480   32.0060
  QMMM:    26       26      H       31.0290   27.3280   33.0530

--------------------------------------------------------------------------------
  RESULTS
--------------------------------------------------------------------------------

      iter         sqm energy              rms gradient
      ----    -------------------    -----------------------
xmin    10       29.2794 kcal/mol        2.6300 kcal/(mol*A)
xmin    20       25.4978 kcal/mol        0.5548 kcal/(mol*A)
xmin    30       24.0053 kcal/mol        0.2940 kcal/(mol*A)
xmin    40       23.4511 kcal/mol        0.2124 kcal/(mol*A)
xmin    50       23.1544 kcal/mol        0.2241 kcal/(mol*A)
xmin    60       23.0130 kcal/mol        0.2153 kcal/(mol*A)
xmin    70       22.6018 kcal/mol        0.2618 kcal/(mol*A)
xmin    80       22.5106 kcal/mol        0.0986 kcal/(mol*A)
xmin    90       22.4409 kcal/mol        0.1200 kcal/(mol*A)
xmin   100       22.3829 kcal/mol        0.0498 kcal/(mol*A)
xmin   110       22.3562 kcal/mol        0.1134 kcal/(mol*A)
xmin   120       22.3515 kcal/mol        0.0166 kcal/(mol*A)
xmin   130       22.3480 kcal/mol        0.0712 kcal/(mol*A)
xmin   140       22.3471 kcal/mol        0.0541 kcal/(mol*A)
xmin   150       22.3461 kcal/mol        0.0350 kcal/(mol*A)
xmin   160       22.3454 kcal/mol        0.0347 kcal/(mol*A)
xmin   170       22.3450 kcal/mol        0.0114 kcal/(mol*A)
xmin   180       22.3450 kcal/mol        0.0079 kcal/(mol*A)
xmin   190       22.3448 kcal/mol        0.0092 kcal/(mol*A)
xmin   200       22.3445 kcal/mol        0.0320 kcal/(mol*A)
xmin   210       22.3441 kcal/mol        0.0067 kcal/(mol*A)
xmin   220       22.3429 kcal/mol        0.0159 kcal/(mol*A)
xmin   230       22.3388 kcal/mol        0.0909 kcal/(mol*A)
xmin   240       22.3208 kcal/mol        0.0253 kcal/(mol*A)
xmin   250       22.3113 kcal/mol        0.0383 kcal/(mol*A)
xmin   260       22.3078 kcal/mol        0.0294 kcal/(mol*A)
xmin   270       22.3049 kcal/mol        0.0956 kcal/(mol*A)
xmin   280       22.3037 kcal/mol        0.0127 kcal/(mol*A)
xmin   290       22.3036 kcal/mol        0.0069 kcal/(mol*A)
xmin   300       22.3033 kcal/mol        0.0096 kcal/(mol*A)
xmin   310       22.3030 kcal/mol        0.0089 kcal/(mol*A)
xmin   320       22.3029 kcal/mol        0.0055 kcal/(mol*A)
xmin   330       22.3028 kcal/mol        0.0078 kcal/(mol*A)
xmin   340       22.3028 kcal/mol        0.0048 kcal/(mol*A)
xmin   350       22.3028 kcal/mol        0.0022 kcal/(mol*A)
xmin   360       22.3028 kcal/mol        0.0005 kcal/(mol*A)
xmin   360       22.3028 kcal/mol        0.0004 kcal/(mol*A)
  ... geometry converged !
 
 Final MO eigenvalues (eV):
 -38.8018  -37.2120  -35.9209  -32.5910  -29.2855  -28.3088  -27.5846  -23.6699
 -21.3171  -19.1000  -17.6731  -16.5662  -15.7058  -15.4412  -15.1838  -14.5779
 -14.4612  -14.2692  -13.7817  -13.2113  -13.1912  -13.1462  -13.0631  -12.6832
 -12.5559  -12.1708  -11.9941  -11.7769  -10.0448   -9.4037    0.0382    1.0624
   1.8170    2.5250    3.1055    3.3865    3.5439    3.7930    4.0005    4.0348
   4.0789    4.1616    4.2149    4.2992    4.3272    4.3690    4.4440    4.5709
   4.6100    4.7353    4.7597    4.8193    4.8833    5.0152    5.0811    5.2821
   5.6501    5.9118    6.7799

 Heat of formation   =         22.30276929 kcal/mol  (        0.96712065 eV)

 Total SCF energy    =     -39052.37749208 kcal/mol  (    -1693.43816366 eV)
 Electronic energy   =    -205320.71427315 kcal/mol  (    -8903.37428009 eV)
 Core-core repulsion =     166268.33678107 kcal/mol  (     7209.93611643 eV)
 
    Atomic Charges for Step       1 :
  Atom    Element       Mulliken Charge
     1      C                 -0.184
     2      N                 -0.051
     3      C                 -0.180
     4      C                 -0.108
     5      C                 -0.178
     6      C                 -0.121
     7      C                 -0.142
     8      C                 -0.033
     9      C                 -0.123
    10      C                 -0.195
    11      C                 -0.100
    12      H                  0.095
    13      H                  0.094
    14      H                  0.086
    15      H                  0.151
    16      H                  0.101
    17      H                  0.096
    18      H                  0.085
    19      H                  0.096
    20      H                  0.125
    21      H                  0.084
    22      H                  0.081
    23      H                  0.078
    24      H                  0.080
    25      H                  0.081
    26      H                  0.082
 Total Mulliken Charge =       0.000
 
                  X        Y        Z     TOTAL  
  QM DIPOLE     0.583   -3.498   -0.399    3.568
 
 Final Structure

  QMMM: QM Region Cartesian Coordinates (*=link atom) 
  QMMM: QM_NO.   MM_NO.  ATOM         X         Y         Z
  QMMM:     1        1      C       32.3855   28.5012   31.4798
  QMMM:     2        2      N       31.3679   32.4205   37.0482
  QMMM:     3        3      C       30.0635   28.9955   30.6521
  QMMM:     4        4      C       30.9871   28.8715   31.8052
  QMMM:     5        5      C       30.5759   29.0809   33.0663
  QMMM:     6        6      C       31.4711   28.9762   34.2419
  QMMM:     7        7      C       30.6969   29.0557   35.5465
  QMMM:     8        8      C       31.5926   28.9140   36.7290
  QMMM:     9        9      C       32.0051   29.9561   37.4736
  QMMM:    10       10      C       32.0003   27.5283   37.0683
  QMMM:    11       11      C       31.6469   31.3041   37.2267
  QMMM:    12       12      H       31.1010   26.9333   37.3690
  QMMM:    13       13      H       32.4624   27.0351   36.1764
  QMMM:    14       14      H       32.7367   27.5048   37.9083
  QMMM:    15       15      H       32.6648   29.8110   38.3483
  QMMM:    16       16      H       30.1476   30.0348   35.5901
  QMMM:    17       17      H       29.9255   28.2390   35.5712
  QMMM:    18       18      H       32.0423   28.0083   34.1986
  QMMM:    19       19      H       32.2315   29.8045   34.2057
  QMMM:    20       20      H       29.5293   29.3552   33.2756
  QMMM:    21       21      H       30.4126   29.8098   29.9687
  QMMM:    22       22      H       30.0432   28.0388   30.0724
  QMMM:    23       23      H       29.0219   29.2326   30.9796
  QMMM:    24       24      H       32.5676   28.5312   30.3779
  QMMM:    25       25      H       32.6055   27.4664   31.8458
  QMMM:    26       26      H       33.1027   29.2021   31.9769

           --------- Calculation Completed ----------

