
          -------------------------------------------------------
          Amber 20 PMEMD                              2020
          -------------------------------------------------------

| PMEMD implementation of SANDER, Release 18

|  Compiled date/time: Tue Apr 28 03:19:54 2020
| Run on 04/15/2022 at 19:32:42

|   Executable path: pmemd.cuda
| Working directory: /m100_work/AIRC_Fortun21/barletta/extra_obp/ctv/pre
|          Hostname: login06

  [-O]verwriting output

File Assignments:
|   MDIN: step7.in                                                              
|  MDOUT: step7.out                                                             
| INPCRD: step6.rst7                                                            
|   PARM: ../top/ctv.prmtop                                                     
| RESTRT: step7.rst7                                                            
|   REFC: step5.rst7                                                            
|  MDVEL: mdvel                                                                 
|   MDEN: mden                                                                  
|  MDCRD: step7.nc                                                              
| MDINFO: step7.mdinfo                                                          
|  MDFRC: mdfrc                                                                 


 Here is the input file:

MD: step7.in                                                                   
 &cntrl                                                                        
   imin = 0, nstlim = 5000, dt = 0.001,                                        
   ntx = 5, irest = 1, ig = -1,                                                
   ntwx = 500, ntwv = -1, ioutfm = 1, ntxo = 1, ntpr = 50, ntwr = 500,         
   iwrap = 0, nscm = 0,                                                        
   ntc = 2, ntf = 2, ntb = 2, cut = 8.0, icnstph = 2, ntcnstph = 100000,       
   ntt = 3, gamma_ln = 5, temp0 = 300, tempi = 300,                            
   ntp = 1, barostat = 2, pres0 = 1.0, mcbarint = 100,                         
   ntr = 1, restraintmask = ":1-119&!@H=", restraint_wt = 0.5,                 
 &end                                                                          


Note: ig = -1. Setting random seed to   619786 based on wallclock time in 
      microseconds.
| irandom = 1, using AMBER's internal random number generator (default).
 
|--------------------- INFORMATION ----------------------
| GPU (CUDA) Version of PMEMD in use: NVIDIA GPU IN USE.
|                    Version 18.0.0
| 
|                      03/25/2018
| 
| Implementation by:
|                    Ross C. Walker     (SDSC)
|                    Scott Le Grand     (nVIDIA)
| 
| Version 18 performance extensions by:
|                    David Cerutti     (Rutgers)
| 
| Precision model in use:
|      [SPFP] - Single Precision Forces, 64-bit Fixed Point
|               Accumulation. (Default)
| 
|--------------------------------------------------------
 
|----------------- CITATION INFORMATION -----------------
|
|    When publishing work that utilized the CUDA version
|    of AMBER, please cite the following in addition to
|    the regular AMBER citations:
|
|  - Romelia Salomon-Ferrer; Andreas W. Goetz; Duncan
|    Poole; Scott Le Grand; Ross C. Walker "Routine
|    microsecond molecular dynamics simulations with
|    AMBER - Part II: Particle Mesh Ewald", J. Chem.
|    Theory Comput., 2013, 9 (9), pp3878-3888,
|    DOI: 10.1021/ct400314y.
|
|  - Andreas W. Goetz; Mark J. Williamson; Dong Xu;
|    Duncan Poole; Scott Le Grand; Ross C. Walker
|    "Routine microsecond molecular dynamics simulations
|    with AMBER - Part I: Generalized Born", J. Chem.
|    Theory Comput., 2012, 8 (5), pp1542-1555.
|
|  - Scott Le Grand; Andreas W. Goetz; Ross C. Walker
|    "SPFP: Speed without compromise - a mixed precision
|    model for GPU accelerated molecular dynamics
|    simulations.", Comp. Phys. Comm., 2013, 184
|    pp374-380, DOI: 10.1016/j.cpc.2012.09.022
|
|    When publishing work that utilized the CUDA version
|    of Constant pH MD please cite the following in
|    addition to the regular AMBER GPU citations:
|
|  - Daniel J. Mermelstein; J. Andrew McCammon; Ross C. Walker
|    "pH dependent conformational dynamics of Beta-secretase 1:
|    a molecular dynamics study".
|    J. Chem. Theory Comput., 2018, in review.
|
|
|--------------------------------------------------------
 
|------------------- GPU DEVICE INFO --------------------
|
|            CUDA_VISIBLE_DEVICES: 0
|   CUDA Capable Devices Detected:      1
|           CUDA Device ID in use:      0
|                CUDA Device Name: Tesla V100-SXM2-16GB
|     CUDA Device Global Mem Size:  16128 MB
| CUDA Device Num Multiprocessors:     80
|           CUDA Device Core Freq:   1.53 GHz
|
|--------------------------------------------------------
 
 
| Conditional Compilation Defines Used:
| PUBFFT
| BINTRAJ
| CUDA
| EMIL

| Largest sphere to fit in unit cell has radius =    23.978

| New format PARM file being parsed.
| Version =    1.000 Date = 04/15/22 Time = 19:29:20

| Note: 1-4 EEL scale factors are being read from the topology file.

| Note: 1-4 VDW scale factors are being read from the topology file.
| INFO:    Reading atomic numbers from topology file.
| Duplicated    0 dihedrals

| Duplicated    0 dihedrals

--------------------------------------------------------------------------------
   1.  RESOURCE   USE: 
--------------------------------------------------------------------------------

 getting new box info from bottom of inpcrd
 NATOM  =   14772 NTYPES =      18 NBONH =   13817 MBONA  =     963
 NTHETH =    2369 MTHETA =    1293 NPHIH =    4533 MPHIA  =    3267
 NHPARM =       0 NPARM  =       0 NNB   =   28105 NRES   =    4374
 NBONA  =     963 NTHETA =    1293 NPHIA =    3267 NUMBND =      51
 NUMANG =     105 NPTRA  =      44 NATYP =      35 NPHB   =       1
 IFBOX  =       2 NMXRS  =      26 IFCAP =       0 NEXTRA =       0
 NCOPY  =       0

 Implicit solvent radii are H(N)-modified Bondi radii (mbondi2)                                             
|reading charge increments from file: ../top/cpin_ctv                                                                                                                                                                                                                                                 
| Coordinate Index Table dimensions:    11   11   11
| Direct force subcell size =     5.3394    5.3394    5.3394

     BOX TYPE: TRUNCATED OCTAHEDRON

--------------------------------------------------------------------------------
   2.  CONTROL  DATA  FOR  THE  RUN
--------------------------------------------------------------------------------

default_name                                                                    

General flags:
     imin    =       0, nmropt  =       0

Nature and format of input:
     ntx     =       5, irest   =       1, ntrx    =       1

Nature and format of output:
     ntxo    =       1, ntpr    =      50, ntrx    =       1, ntwr    =     500
     iwrap   =       0, ntwx    =     500, ntwv    =      -1, ntwe    =       0
     ioutfm  =       1, ntwprt  =       0, idecomp =       0, rbornstat=      0

Potential function:
     ntf     =       2, ntb     =       2, igb     =       0, nsnb    =      25
     ipol    =       0, gbsa    =       0, iesp    =       0
     dielc   =   1.00000, cut     =   8.00000, intdiel =   1.00000
     saltcon =   0.00000, offset  =   0.09000, gbalpha=    0.80000
     gbbeta  =   0.00000, gbgamma =   2.90912, surften =   0.00500
     rdt     =   0.00000, rgbmax  =  25.00000  extdiel =  78.50000
     alpb  =        0

Frozen or restrained atoms:
     ibelly  =       0, ntr     =       1
     restraint_wt =   0.50000

Molecular dynamics:
     nstlim  =      5000, nscm    =         0, nrespa  =         1
     t       =   0.00000, dt      =   0.00100, vlimit  =  -1.00000

Langevin dynamics temperature regulation:
     ig      =  619786
     temp0   = 300.00000, tempi   = 300.00000, gamma_ln=   5.00000

Pressure regulation:
     ntp     =       1
     pres0   =   1.00000, comp    =  44.60000, taup    =   1.00000
     Monte-Carlo Barostat:
     mcbarint  =     100

SHAKE:
     ntc     =       2, jfastw  =       0
     tol     =   0.00001

Constant pH options:
     icnstph =       2
     ntcnstph =  100000
     solvph =   7.00000
     ntrelax =     500 mccycles =       1

| Intermolecular bonds treatment:
|     no_intermolecular_bonds =       1

| Energy averages sample interval:
|     ene_avg_sampling =      50

Ewald parameters:
     verbose =       0, ew_type =       0, nbflag  =       1, use_pme =       1
     vdwmeth =       1, eedmeth =       1, netfrc  =       1
     Box X =   58.733   Box Y =   58.733   Box Z =   58.733
     Alpha =  109.471   Beta  =  109.471   Gamma =  109.471
     NFFT1 =   64       NFFT2 =   64       NFFT3 =   64
     Cutoff=    8.000   Tol   =0.100E-04
     Ewald Coefficient =  0.34864
     Interpolation order =    4

    LOADING THE CONSTRAINED ATOMS AS GROUPS


   5.  REFERENCE ATOM COORDINATES

  default_name                                                                    
     Mask :1-119&!@H=; matches   943 atoms
| MONTE CARLO BAROSTAT IMPORTANT NOTE:
|   The Monte-Carlo barostat does not require the virial to adjust the system volume.
|   Since it is an expensive calculation, it is skipped for efficiency. A side-effect
|   is that the reported pressure is always 0 because it is not calculated.

--------------------------------------------------------------------------------
   3.  ATOMIC COORDINATES AND VELOCITIES
--------------------------------------------------------------------------------

default_name                                                                    
 begin time read from input coords =     5.000 ps

 
 Number of triangulated 3-point waters found:     4253

     Sum of charges from parm topology file =   0.00000094
     Forcing neutrality...

| Dynamic Memory, Types Used:
| Reals              864921
| Integers           723466

| Nonbonded Pairs Initial Allocation:     2467293

| GPU memory information (estimate):
| KB of GPU memory in use:    115275
| KB of CPU memory in use:     37995

--------------------------------------------------------------------------------
   4.  RESULTS
--------------------------------------------------------------------------------


 NSTEP =       50   TIME(PS) =       5.050  TEMP(K) =   297.79  PRESS =     0.0
 Etot   =    -33154.2189  EKtot   =      9024.2344  EPtot      =    -42178.4533
 BOND   =       346.9697  ANGLE   =      1018.1246  DIHED      =      1377.7753
 1-4 NB =       442.0529  1-4 EEL =      6367.5080  VDWAALS    =      4722.9191
 EELEC  =    -57692.6518  EHBOND  =         0.0000  RESTRAINT  =      1238.8489
 EAMBER (non-restraint)  =    -43417.3023
 EKCMT  =         0.0000  VIRIAL  =         0.0000  VOLUME     =    155963.3365
                                                    Density    =         0.9625
 ------------------------------------------------------------------------------


 NSTEP =      100   TIME(PS) =       5.100  TEMP(K) =   305.39  PRESS =     0.0
 Etot   =    -33092.2282  EKtot   =      9254.3008  EPtot      =    -42346.5290
 BOND   =       320.5357  ANGLE   =      1021.3298  DIHED      =      1350.0728
 1-4 NB =       448.3527  1-4 EEL =      6367.1028  VDWAALS    =      4686.1223
 EELEC  =    -57624.4370  EHBOND  =         0.0000  RESTRAINT  =      1084.3919
 EAMBER (non-restraint)  =    -43430.9209
 EKCMT  =         0.0000  VIRIAL  =         0.0000  VOLUME     =    155963.3365
                                                    Density    =         0.9625
 ------------------------------------------------------------------------------


 NSTEP =      150   TIME(PS) =       5.150  TEMP(K) =   307.97  PRESS =     0.0
 Etot   =    -33189.2523  EKtot   =      9332.7383  EPtot      =    -42521.9905
 BOND   =       341.4899  ANGLE   =      1053.9553  DIHED      =      1362.7910
 1-4 NB =       432.7523  1-4 EEL =      6351.8391  VDWAALS    =      4749.2798
 EELEC  =    -57714.2327  EHBOND  =         0.0000  RESTRAINT  =       900.1348
 EAMBER (non-restraint)  =    -43422.1253
 EKCMT  =         0.0000  VIRIAL  =         0.0000  VOLUME     =    155963.3365
                                                    Density    =         0.9625
 ------------------------------------------------------------------------------


 NSTEP =      200   TIME(PS) =       5.200  TEMP(K) =   309.79  PRESS =     0.0
 Etot   =    -33240.7544  EKtot   =      9387.8018  EPtot      =    -42628.5561
 BOND   =       327.0464  ANGLE   =      1036.1423  DIHED      =      1356.2498
 1-4 NB =       448.4244  1-4 EEL =      6371.3139  VDWAALS    =      4860.6908
 EELEC  =    -57747.9634  EHBOND  =         0.0000  RESTRAINT  =       719.5398
 EAMBER (non-restraint)  =    -43348.0959
 EKCMT  =         0.0000  VIRIAL  =         0.0000  VOLUME     =    155538.7025
                                                    Density    =         0.9651
 ------------------------------------------------------------------------------


 NSTEP =      250   TIME(PS) =       5.250  TEMP(K) =   310.00  PRESS =     0.0
 Etot   =    -33427.1808  EKtot   =      9394.1182  EPtot      =    -42821.2990
 BOND   =       338.2844  ANGLE   =      1030.5303  DIHED      =      1343.4078
 1-4 NB =       449.6007  1-4 EEL =      6350.4894  VDWAALS    =      4805.3926
 EELEC  =    -57698.6077  EHBOND  =         0.0000  RESTRAINT  =       559.6035
 EAMBER (non-restraint)  =    -43380.9025
 EKCMT  =         0.0000  VIRIAL  =         0.0000  VOLUME     =    155538.7025
                                                    Density    =         0.9651
 ------------------------------------------------------------------------------


 NSTEP =      300   TIME(PS) =       5.300  TEMP(K) =   307.51  PRESS =     0.0
 Etot   =    -33667.5045  EKtot   =      9318.5957  EPtot      =    -42986.1002
 BOND   =       351.1893  ANGLE   =      1025.2815  DIHED      =      1356.6519
 1-4 NB =       440.0236  1-4 EEL =      6336.2912  VDWAALS    =      4845.1733
 EELEC  =    -57765.1634  EHBOND  =         0.0000  RESTRAINT  =       424.4524
 EAMBER (non-restraint)  =    -43410.5526
 EKCMT  =         0.0000  VIRIAL  =         0.0000  VOLUME     =    155538.7025
                                                    Density    =         0.9651
 ------------------------------------------------------------------------------


 NSTEP =      350   TIME(PS) =       5.350  TEMP(K) =   311.77  PRESS =     0.0
 Etot   =    -33714.7056  EKtot   =      9447.7266  EPtot      =    -43162.4322
 BOND   =       318.0962  ANGLE   =      1029.8431  DIHED      =      1344.0831
 1-4 NB =       440.1494  1-4 EEL =      6393.6406  VDWAALS    =      4882.2441
 EELEC  =    -57892.4217  EHBOND  =         0.0000  RESTRAINT  =       321.9330
 EAMBER (non-restraint)  =    -43484.3652
 EKCMT  =         0.0000  VIRIAL  =         0.0000  VOLUME     =    155538.7025
                                                    Density    =         0.9651
 ------------------------------------------------------------------------------


 NSTEP =      400   TIME(PS) =       5.400  TEMP(K) =   304.86  PRESS =     0.0
 Etot   =    -33801.5259  EKtot   =      9238.3447  EPtot      =    -43039.8706
 BOND   =       326.8755  ANGLE   =      1057.9176  DIHED      =      1359.8698
 1-4 NB =       453.4461  1-4 EEL =      6350.4390  VDWAALS    =      4888.4569
 EELEC  =    -57725.3556  EHBOND  =         0.0000  RESTRAINT  =       248.4801
 EAMBER (non-restraint)  =    -43288.3507
 EKCMT  =         0.0000  VIRIAL  =         0.0000  VOLUME     =    155564.2599
                                                    Density    =         0.9650
 ------------------------------------------------------------------------------


 NSTEP =      450   TIME(PS) =       5.450  TEMP(K) =   306.99  PRESS =     0.0
 Etot   =    -33937.0372  EKtot   =      9303.0498  EPtot      =    -43240.0870
 BOND   =       336.7340  ANGLE   =      1010.0803  DIHED      =      1365.4836
 1-4 NB =       445.3386  1-4 EEL =      6370.9929  VDWAALS    =      4726.2388
 EELEC  =    -57690.0930  EHBOND  =         0.0000  RESTRAINT  =       195.1377
 EAMBER (non-restraint)  =    -43435.2247
 EKCMT  =         0.0000  VIRIAL  =         0.0000  VOLUME     =    155564.2599
                                                    Density    =         0.9650
 ------------------------------------------------------------------------------


 NSTEP =      500   TIME(PS) =       5.500  TEMP(K) =   302.03  PRESS =     0.0
 Etot   =    -34064.4688  EKtot   =      9152.5703  EPtot      =    -43217.0391
 BOND   =       321.0324  ANGLE   =      1054.0717  DIHED      =      1375.8339
 1-4 NB =       445.7519  1-4 EEL =      6376.1553  VDWAALS    =      4899.5835
 EELEC  =    -57849.8935  EHBOND  =         0.0000  RESTRAINT  =       160.4257
 EAMBER (non-restraint)  =    -43377.4649
 EKCMT  =         0.0000  VIRIAL  =         0.0000  VOLUME     =    155564.2599
                                                    Density    =         0.9650
 ------------------------------------------------------------------------------


 NSTEP =      550   TIME(PS) =       5.550  TEMP(K) =   300.51  PRESS =     0.0
 Etot   =    -34206.6796  EKtot   =      9106.6533  EPtot      =    -43313.3329
 BOND   =       333.6633  ANGLE   =      1014.0520  DIHED      =      1361.9378
 1-4 NB =       452.3748  1-4 EEL =      6419.8043  VDWAALS    =      4938.7359
 EELEC  =    -57970.7960  EHBOND  =         0.0000  RESTRAINT  =       136.8950
 EAMBER (non-restraint)  =    -43450.2279
 EKCMT  =         0.0000  VIRIAL  =         0.0000  VOLUME     =    155564.2599
                                                    Density    =         0.9650
 ------------------------------------------------------------------------------


 NSTEP =      600   TIME(PS) =       5.600  TEMP(K) =   301.13  PRESS =     0.0
 Etot   =    -34142.1333  EKtot   =      9125.4004  EPtot      =    -43267.5337
 BOND   =       349.1250  ANGLE   =      1030.2811  DIHED      =      1351.6667
 1-4 NB =       440.8330  1-4 EEL =      6373.0373  VDWAALS    =      4631.0085
 EELEC  =    -57561.7871  EHBOND  =         0.0000  RESTRAINT  =       118.3017
 EAMBER (non-restraint)  =    -43385.8354
 EKCMT  =         0.0000  VIRIAL  =         0.0000  VOLUME     =    155564.2599
                                                    Density    =         0.9650
 ------------------------------------------------------------------------------


 NSTEP =      650   TIME(PS) =       5.650  TEMP(K) =   298.94  PRESS =     0.0
 Etot   =    -34298.3695  EKtot   =      9059.0518  EPtot      =    -43357.4213
 BOND   =       320.3139  ANGLE   =      1038.4920  DIHED      =      1349.8328
 1-4 NB =       451.8183  1-4 EEL =      6355.5704  VDWAALS    =      4623.1985
 EELEC  =    -57603.4246  EHBOND  =         0.0000  RESTRAINT  =       106.7775
 EAMBER (non-restraint)  =    -43464.1988
 EKCMT  =         0.0000  VIRIAL  =         0.0000  VOLUME     =    155564.2599
                                                    Density    =         0.9650
 ------------------------------------------------------------------------------


 NSTEP =      700   TIME(PS) =       5.700  TEMP(K) =   299.68  PRESS =     0.0
 Etot   =    -34313.9850  EKtot   =      9081.4824  EPtot      =    -43395.4675
 BOND   =       350.0159  ANGLE   =      1045.9150  DIHED      =      1352.7687
 1-4 NB =       449.0904  1-4 EEL =      6377.8922  VDWAALS    =      5125.3799
 EELEC  =    -58193.9664  EHBOND  =         0.0000  RESTRAINT  =        97.4368
 EAMBER (non-restraint)  =    -43492.9043
 EKCMT  =         0.0000  VIRIAL  =         0.0000  VOLUME     =    154119.9610
                                                    Density    =         0.9740
 ------------------------------------------------------------------------------


 NSTEP =      750   TIME(PS) =       5.750  TEMP(K) =   301.67  PRESS =     0.0
 Etot   =    -34282.4285  EKtot   =      9141.7920  EPtot      =    -43424.2205
 BOND   =       331.3816  ANGLE   =      1049.4959  DIHED      =      1369.7930
 1-4 NB =       457.1667  1-4 EEL =      6404.0966  VDWAALS    =      4923.4176
 EELEC  =    -58049.8075  EHBOND  =         0.0000  RESTRAINT  =        90.2355
 EAMBER (non-restraint)  =    -43514.4560
 EKCMT  =         0.0000  VIRIAL  =         0.0000  VOLUME     =    154119.9610
                                                    Density    =         0.9740
 ------------------------------------------------------------------------------


 NSTEP =      800   TIME(PS) =       5.800  TEMP(K) =   297.69  PRESS =     0.0
 Etot   =    -34379.3146  EKtot   =      9020.9854  EPtot      =    -43400.2999
 BOND   =       362.9258  ANGLE   =      1022.6781  DIHED      =      1367.4671
 1-4 NB =       450.0617  1-4 EEL =      6367.1615  VDWAALS    =      4784.5990
 EELEC  =    -57838.0176  EHBOND  =         0.0000  RESTRAINT  =        82.8244
 EAMBER (non-restraint)  =    -43483.1243
 EKCMT  =         0.0000  VIRIAL  =         0.0000  VOLUME     =    154119.9610
                                                    Density    =         0.9740
 ------------------------------------------------------------------------------


 NSTEP =      850   TIME(PS) =       5.850  TEMP(K) =   302.93  PRESS =     0.0
 Etot   =    -34284.9234  EKtot   =      9180.0049  EPtot      =    -43464.9283
 BOND   =       354.1363  ANGLE   =      1027.7781  DIHED      =      1386.6540
 1-4 NB =       426.0441  1-4 EEL =      6317.6754  VDWAALS    =      4816.8155
 EELEC  =    -57873.3688  EHBOND  =         0.0000  RESTRAINT  =        79.3370
 EAMBER (non-restraint)  =    -43544.2653
 EKCMT  =         0.0000  VIRIAL  =         0.0000  VOLUME     =    154119.9610
                                                    Density    =         0.9740
 ------------------------------------------------------------------------------


 NSTEP =      900   TIME(PS) =       5.900  TEMP(K) =   303.30  PRESS =     0.0
 Etot   =    -34209.4978  EKtot   =      9190.9912  EPtot      =    -43400.4890
 BOND   =       330.6272  ANGLE   =      1049.3910  DIHED      =      1375.4764
 1-4 NB =       467.5246  1-4 EEL =      6381.2844  VDWAALS    =      4947.2039
 EELEC  =    -58028.6401  EHBOND  =         0.0000  RESTRAINT  =        76.6436
 EAMBER (non-restraint)  =    -43477.1327
 EKCMT  =         0.0000  VIRIAL  =         0.0000  VOLUME     =    154119.9610
                                                    Density    =         0.9740
 ------------------------------------------------------------------------------


 NSTEP =      950   TIME(PS) =       5.950  TEMP(K) =   299.10  PRESS =     0.0
 Etot   =    -34223.0118  EKtot   =      9063.7295  EPtot      =    -43286.7413
 BOND   =       332.7453  ANGLE   =      1038.8406  DIHED      =      1374.2650
 1-4 NB =       467.1047  1-4 EEL =      6353.8809  VDWAALS    =      4907.9154
 EELEC  =    -57838.4069  EHBOND  =         0.0000  RESTRAINT  =        76.9137
 EAMBER (non-restraint)  =    -43363.6550
 EKCMT  =         0.0000  VIRIAL  =         0.0000  VOLUME     =    154119.9610
                                                    Density    =         0.9740
 ------------------------------------------------------------------------------


 NSTEP =     1000   TIME(PS) =       6.000  TEMP(K) =   302.14  PRESS =     0.0
 Etot   =    -34308.6521  EKtot   =      9156.0938  EPtot      =    -43464.7459
 BOND   =       357.4921  ANGLE   =      1047.4785  DIHED      =      1344.7593
 1-4 NB =       438.2317  1-4 EEL =      6331.2249  VDWAALS    =      4781.0522
 EELEC  =    -57845.9307  EHBOND  =         0.0000  RESTRAINT  =        80.9461
 EAMBER (non-restraint)  =    -43545.6920
 EKCMT  =         0.0000  VIRIAL  =         0.0000  VOLUME     =    154119.9610
                                                    Density    =         0.9740
 ------------------------------------------------------------------------------


 NSTEP =     1050   TIME(PS) =       6.050  TEMP(K) =   301.32  PRESS =     0.0
 Etot   =    -34263.0370  EKtot   =      9131.2441  EPtot      =    -43394.2811
 BOND   =       361.6281  ANGLE   =      1045.3642  DIHED      =      1357.2361
 1-4 NB =       443.3961  1-4 EEL =      6348.1575  VDWAALS    =      4615.7411
 EELEC  =    -57649.1169  EHBOND  =         0.0000  RESTRAINT  =        83.3126
 EAMBER (non-restraint)  =    -43477.5937
 EKCMT  =         0.0000  VIRIAL  =         0.0000  VOLUME     =    154119.9610
                                                    Density    =         0.9740
 ------------------------------------------------------------------------------


 NSTEP =     1100   TIME(PS) =       6.100  TEMP(K) =   302.33  PRESS =     0.0
 Etot   =    -34310.9217  EKtot   =      9161.5703  EPtot      =    -43472.4920
 BOND   =       386.5184  ANGLE   =       985.0915  DIHED      =      1346.3338
 1-4 NB =       451.2180  1-4 EEL =      6388.5788  VDWAALS    =      4977.8574
 EELEC  =    -58091.7341  EHBOND  =         0.0000  RESTRAINT  =        83.6442
 EAMBER (non-restraint)  =    -43556.1362
 EKCMT  =         0.0000  VIRIAL  =         0.0000  VOLUME     =    152878.3347
                                                    Density    =         0.9819
 ------------------------------------------------------------------------------


 NSTEP =     1150   TIME(PS) =       6.150  TEMP(K) =   302.98  PRESS =     0.0
 Etot   =    -34301.0215  EKtot   =      9181.3877  EPtot      =    -43482.4092
 BOND   =       334.7909  ANGLE   =      1053.0075  DIHED      =      1377.2082
 1-4 NB =       454.6993  1-4 EEL =      6386.0667  VDWAALS    =      4822.6744
 EELEC  =    -57991.9675  EHBOND  =         0.0000  RESTRAINT  =        81.1113
 EAMBER (non-restraint)  =    -43563.5205
 EKCMT  =         0.0000  VIRIAL  =         0.0000  VOLUME     =    152878.3347
                                                    Density    =         0.9819
 ------------------------------------------------------------------------------


 NSTEP =     1200   TIME(PS) =       6.200  TEMP(K) =   303.75  PRESS =     0.0
 Etot   =    -34261.9677  EKtot   =      9204.8418  EPtot      =    -43466.8095
 BOND   =       364.3667  ANGLE   =      1092.3954  DIHED      =      1366.1567
 1-4 NB =       435.7864  1-4 EEL =      6384.6664  VDWAALS    =      4763.5579
 EELEC  =    -57949.2704  EHBOND  =         0.0000  RESTRAINT  =        75.5314
 EAMBER (non-restraint)  =    -43542.3410
 EKCMT  =         0.0000  VIRIAL  =         0.0000  VOLUME     =    152878.3347
                                                    Density    =         0.9819
 ------------------------------------------------------------------------------


 NSTEP =     1250   TIME(PS) =       6.250  TEMP(K) =   302.32  PRESS =     0.0
 Etot   =    -34241.5279  EKtot   =      9161.3682  EPtot      =    -43402.8960
 BOND   =       385.4271  ANGLE   =      1063.1415  DIHED      =      1359.8869
 1-4 NB =       456.6881  1-4 EEL =      6354.2081  VDWAALS    =      4756.6289
 EELEC  =    -57852.1210  EHBOND  =         0.0000  RESTRAINT  =        73.2445
 EAMBER (non-restraint)  =    -43476.1405
 EKCMT  =         0.0000  VIRIAL  =         0.0000  VOLUME     =    152878.3347
                                                    Density    =         0.9819
 ------------------------------------------------------------------------------


 NSTEP =     1300   TIME(PS) =       6.300  TEMP(K) =   301.86  PRESS =     0.0
 Etot   =    -34256.2154  EKtot   =      9147.5303  EPtot      =    -43403.7457
 BOND   =       350.9313  ANGLE   =      1046.1207  DIHED      =      1370.3699
 1-4 NB =       436.7910  1-4 EEL =      6374.0994  VDWAALS    =      4689.5873
 EELEC  =    -57748.0608  EHBOND  =         0.0000  RESTRAINT  =        76.4155
 EAMBER (non-restraint)  =    -43480.1612
 EKCMT  =         0.0000  VIRIAL  =         0.0000  VOLUME     =    152878.3347
                                                    Density    =         0.9819
 ------------------------------------------------------------------------------


 NSTEP =     1350   TIME(PS) =       6.350  TEMP(K) =   299.62  PRESS =     0.0
 Etot   =    -34302.8551  EKtot   =      9079.5469  EPtot      =    -43382.4020
 BOND   =       352.9459  ANGLE   =      1028.4805  DIHED      =      1366.5691
 1-4 NB =       435.3882  1-4 EEL =      6359.2482  VDWAALS    =      4741.5471
 EELEC  =    -57744.4139  EHBOND  =         0.0000  RESTRAINT  =        77.8329
 EAMBER (non-restraint)  =    -43460.2348
 EKCMT  =         0.0000  VIRIAL  =         0.0000  VOLUME     =    152878.3347
                                                    Density    =         0.9819
 ------------------------------------------------------------------------------


 NSTEP =     1400   TIME(PS) =       6.400  TEMP(K) =   300.56  PRESS =     0.0
 Etot   =    -34343.1083  EKtot   =      9108.0117  EPtot      =    -43451.1200
 BOND   =       373.6403  ANGLE   =      1011.4759  DIHED      =      1380.6012
 1-4 NB =       447.0663  1-4 EEL =      6373.8806  VDWAALS    =      4880.0037
 EELEC  =    -57995.8953  EHBOND  =         0.0000  RESTRAINT  =        78.1072
 EAMBER (non-restraint)  =    -43529.2273
 EKCMT  =         0.0000  VIRIAL  =         0.0000  VOLUME     =    152507.2901
                                                    Density    =         0.9843
 ------------------------------------------------------------------------------


 NSTEP =     1450   TIME(PS) =       6.450  TEMP(K) =   301.82  PRESS =     0.0
 Etot   =    -34350.6441  EKtot   =      9146.1523  EPtot      =    -43496.7964
 BOND   =       342.0475  ANGLE   =      1049.2216  DIHED      =      1370.9636
 1-4 NB =       453.1096  1-4 EEL =      6368.0033  VDWAALS    =      4872.8553
 EELEC  =    -58027.3343  EHBOND  =         0.0000  RESTRAINT  =        74.3369
 EAMBER (non-restraint)  =    -43571.1333
 EKCMT  =         0.0000  VIRIAL  =         0.0000  VOLUME     =    152507.2901
                                                    Density    =         0.9843
 ------------------------------------------------------------------------------


 NSTEP =     1500   TIME(PS) =       6.500  TEMP(K) =   306.03  PRESS =     0.0
 Etot   =    -34268.8484  EKtot   =      9273.7607  EPtot      =    -43542.6092
 BOND   =       334.8527  ANGLE   =      1011.4585  DIHED      =      1370.3175
 1-4 NB =       446.1950  1-4 EEL =      6360.8432  VDWAALS    =      4822.8637
 EELEC  =    -57959.8408  EHBOND  =         0.0000  RESTRAINT  =        70.7010
 EAMBER (non-restraint)  =    -43613.3102
 EKCMT  =         0.0000  VIRIAL  =         0.0000  VOLUME     =    152531.2306
                                                    Density    =         0.9842
 ------------------------------------------------------------------------------


 NSTEP =     1550   TIME(PS) =       6.550  TEMP(K) =   301.55  PRESS =     0.0
 Etot   =    -34287.6246  EKtot   =      9138.2148  EPtot      =    -43425.8394
 BOND   =       333.2010  ANGLE   =      1023.7656  DIHED      =      1378.2382
 1-4 NB =       463.9047  1-4 EEL =      6348.8129  VDWAALS    =      4783.2650
 EELEC  =    -57828.7969  EHBOND  =         0.0000  RESTRAINT  =        71.7701
 EAMBER (non-restraint)  =    -43497.6095
 EKCMT  =         0.0000  VIRIAL  =         0.0000  VOLUME     =    152531.2306
                                                    Density    =         0.9842
 ------------------------------------------------------------------------------


 NSTEP =     1600   TIME(PS) =       6.600  TEMP(K) =   302.23  PRESS =     0.0
 Etot   =    -34284.5866  EKtot   =      9158.6113  EPtot      =    -43443.1980
 BOND   =       340.5526  ANGLE   =      1026.2733  DIHED      =      1362.3573
 1-4 NB =       437.2845  1-4 EEL =      6388.3176  VDWAALS    =      4833.4163
 EELEC  =    -57905.4655  EHBOND  =         0.0000  RESTRAINT  =        74.0659
 EAMBER (non-restraint)  =    -43517.2639
 EKCMT  =         0.0000  VIRIAL  =         0.0000  VOLUME     =    152531.2306
                                                    Density    =         0.9842
 ------------------------------------------------------------------------------


 NSTEP =     1650   TIME(PS) =       6.650  TEMP(K) =   297.97  PRESS =     0.0
 Etot   =    -34275.1066  EKtot   =      9029.6426  EPtot      =    -43304.7491
 BOND   =       355.4710  ANGLE   =      1029.2694  DIHED      =      1339.4146
 1-4 NB =       444.3103  1-4 EEL =      6346.8540  VDWAALS    =      4789.7057
 EELEC  =    -57684.3384  EHBOND  =         0.0000  RESTRAINT  =        74.5643
 EAMBER (non-restraint)  =    -43379.3135
 EKCMT  =         0.0000  VIRIAL  =         0.0000  VOLUME     =    152531.2306
                                                    Density    =         0.9842
 ------------------------------------------------------------------------------


 NSTEP =     1700   TIME(PS) =       6.700  TEMP(K) =   301.01  PRESS =     0.0
 Etot   =    -34340.5827  EKtot   =      9121.8145  EPtot      =    -43462.3971
 BOND   =       344.0358  ANGLE   =      1004.8804  DIHED      =      1371.3764
 1-4 NB =       435.7669  1-4 EEL =      6361.1195  VDWAALS    =      4622.1773
 EELEC  =    -57677.4357  EHBOND  =         0.0000  RESTRAINT  =        75.6822
 EAMBER (non-restraint)  =    -43538.0793
 EKCMT  =         0.0000  VIRIAL  =         0.0000  VOLUME     =    152531.2306
                                                    Density    =         0.9842
 ------------------------------------------------------------------------------


 NSTEP =     1750   TIME(PS) =       6.750  TEMP(K) =   303.87  PRESS =     0.0
 Etot   =    -34299.8048  EKtot   =      9208.3096  EPtot      =    -43508.1144
 BOND   =       347.3481  ANGLE   =      1011.9800  DIHED      =      1346.4920
 1-4 NB =       447.3930  1-4 EEL =      6359.0780  VDWAALS    =      4661.3357
 EELEC  =    -57755.2971  EHBOND  =         0.0000  RESTRAINT  =        73.5559
 EAMBER (non-restraint)  =    -43581.6703
 EKCMT  =         0.0000  VIRIAL  =         0.0000  VOLUME     =    152531.2306
                                                    Density    =         0.9842
 ------------------------------------------------------------------------------


 NSTEP =     1800   TIME(PS) =       6.800  TEMP(K) =   302.83  PRESS =     0.0
 Etot   =    -34390.2549  EKtot   =      9176.9160  EPtot      =    -43567.1709
 BOND   =       321.4958  ANGLE   =      1008.2016  DIHED      =      1381.0538
 1-4 NB =       446.5171  1-4 EEL =      6363.7702  VDWAALS    =      4770.1909
 EELEC  =    -57928.5895  EHBOND  =         0.0000  RESTRAINT  =        70.1892
 EAMBER (non-restraint)  =    -43637.3601
 EKCMT  =         0.0000  VIRIAL  =         0.0000  VOLUME     =    152531.2306
                                                    Density    =         0.9842
 ------------------------------------------------------------------------------


 NSTEP =     1850   TIME(PS) =       6.850  TEMP(K) =   299.21  PRESS =     0.0
 Etot   =    -34442.6871  EKtot   =      9067.1182  EPtot      =    -43509.8053
 BOND   =       340.6978  ANGLE   =      1031.5787  DIHED      =      1375.9325
 1-4 NB =       430.3733  1-4 EEL =      6372.7309  VDWAALS    =      4789.2909
 EELEC  =    -57918.5418  EHBOND  =         0.0000  RESTRAINT  =        68.1324
 EAMBER (non-restraint)  =    -43577.9377
 EKCMT  =         0.0000  VIRIAL  =         0.0000  VOLUME     =    152531.2306
                                                    Density    =         0.9842
 ------------------------------------------------------------------------------


 NSTEP =     1900   TIME(PS) =       6.900  TEMP(K) =   300.83  PRESS =     0.0
 Etot   =    -34389.3678  EKtot   =      9116.2334  EPtot      =    -43505.6012
 BOND   =       323.3740  ANGLE   =      1048.0851  DIHED      =      1358.4528
 1-4 NB =       449.3604  1-4 EEL =      6341.2479  VDWAALS    =      4775.8844
 EELEC  =    -57866.7351  EHBOND  =         0.0000  RESTRAINT  =        64.7294
 EAMBER (non-restraint)  =    -43570.3306
 EKCMT  =         0.0000  VIRIAL  =         0.0000  VOLUME     =    152294.5289
                                                    Density    =         0.9857
 ------------------------------------------------------------------------------


 NSTEP =     1950   TIME(PS) =       6.950  TEMP(K) =   301.81  PRESS =     0.0
 Etot   =    -34382.6073  EKtot   =      9145.9414  EPtot      =    -43528.5487
 BOND   =       337.8316  ANGLE   =      1040.5389  DIHED      =      1363.0021
 1-4 NB =       443.4600  1-4 EEL =      6344.4332  VDWAALS    =      4747.2886
 EELEC  =    -57866.1022  EHBOND  =         0.0000  RESTRAINT  =        60.9990
 EAMBER (non-restraint)  =    -43589.5478
 EKCMT  =         0.0000  VIRIAL  =         0.0000  VOLUME     =    152294.5289
                                                    Density    =         0.9857
 ------------------------------------------------------------------------------


 NSTEP =     2000   TIME(PS) =       7.000  TEMP(K) =   300.55  PRESS =     0.0
 Etot   =    -34446.2907  EKtot   =      9107.8379  EPtot      =    -43554.1286
 BOND   =       313.8129  ANGLE   =      1017.7686  DIHED      =      1345.2491
 1-4 NB =       435.6628  1-4 EEL =      6343.2197  VDWAALS    =      4772.0212
 EELEC  =    -57844.1549  EHBOND  =         0.0000  RESTRAINT  =        62.2920
 EAMBER (non-restraint)  =    -43616.4206
 EKCMT  =         0.0000  VIRIAL  =         0.0000  VOLUME     =    152294.5289
                                                    Density    =         0.9857
 ------------------------------------------------------------------------------


 NSTEP =     2050   TIME(PS) =       7.050  TEMP(K) =   299.91  PRESS =     0.0
 Etot   =    -34470.1909  EKtot   =      9088.2783  EPtot      =    -43558.4692
 BOND   =       346.4055  ANGLE   =      1046.2161  DIHED      =      1364.4344
 1-4 NB =       455.9108  1-4 EEL =      6349.4201  VDWAALS    =      4678.8517
 EELEC  =    -57864.4776  EHBOND  =         0.0000  RESTRAINT  =        64.7698
 EAMBER (non-restraint)  =    -43623.2390
 EKCMT  =         0.0000  VIRIAL  =         0.0000  VOLUME     =    152294.5289
                                                    Density    =         0.9857
 ------------------------------------------------------------------------------


 NSTEP =     2100   TIME(PS) =       7.100  TEMP(K) =   297.91  PRESS =     0.0
 Etot   =    -34461.7564  EKtot   =      9027.9189  EPtot      =    -43489.6754
 BOND   =       343.2720  ANGLE   =      1003.2953  DIHED      =      1377.5690
 1-4 NB =       444.6811  1-4 EEL =      6334.0081  VDWAALS    =      4862.4365
 EELEC  =    -57919.2929  EHBOND  =         0.0000  RESTRAINT  =        64.3553
 EAMBER (non-restraint)  =    -43554.0307
 EKCMT  =         0.0000  VIRIAL  =         0.0000  VOLUME     =    151981.9772
                                                    Density    =         0.9877
 ------------------------------------------------------------------------------


 NSTEP =     2150   TIME(PS) =       7.150  TEMP(K) =   300.35  PRESS =     0.0
 Etot   =    -34474.2075  EKtot   =      9101.8594  EPtot      =    -43576.0668
 BOND   =       339.3051  ANGLE   =      1049.1095  DIHED      =      1377.3588
 1-4 NB =       424.0665  1-4 EEL =      6348.4866  VDWAALS    =      4788.7559
 EELEC  =    -57967.8846  EHBOND  =         0.0000  RESTRAINT  =        64.7353
 EAMBER (non-restraint)  =    -43640.8022
 EKCMT  =         0.0000  VIRIAL  =         0.0000  VOLUME     =    151981.9772
                                                    Density    =         0.9877
 ------------------------------------------------------------------------------


 NSTEP =     2200   TIME(PS) =       7.200  TEMP(K) =   302.07  PRESS =     0.0
 Etot   =    -34499.5316  EKtot   =      9153.9834  EPtot      =    -43653.5150
 BOND   =       303.9995  ANGLE   =       988.4819  DIHED      =      1354.7355
 1-4 NB =       449.5048  1-4 EEL =      6365.5459  VDWAALS    =      5062.5602
 EELEC  =    -58245.5350  EHBOND  =         0.0000  RESTRAINT  =        67.1922
 EAMBER (non-restraint)  =    -43720.7072
 EKCMT  =         0.0000  VIRIAL  =         0.0000  VOLUME     =    151298.0267
                                                    Density    =         0.9922
 ------------------------------------------------------------------------------


 NSTEP =     2250   TIME(PS) =       7.250  TEMP(K) =   304.32  PRESS =     0.0
 Etot   =    -34488.1545  EKtot   =      9221.9062  EPtot      =    -43710.0607
 BOND   =       312.6593  ANGLE   =       997.1917  DIHED      =      1372.7963
 1-4 NB =       446.0693  1-4 EEL =      6341.1802  VDWAALS    =      4912.7764
 EELEC  =    -58160.3366  EHBOND  =         0.0000  RESTRAINT  =        67.6027
 EAMBER (non-restraint)  =    -43777.6634
 EKCMT  =         0.0000  VIRIAL  =         0.0000  VOLUME     =    151298.0267
                                                    Density    =         0.9922
 ------------------------------------------------------------------------------


 NSTEP =     2300   TIME(PS) =       7.300  TEMP(K) =   299.58  PRESS =     0.0
 Etot   =    -34503.6617  EKtot   =      9078.4268  EPtot      =    -43582.0885
 BOND   =       334.8806  ANGLE   =      1011.6817  DIHED      =      1356.5402
 1-4 NB =       429.8382  1-4 EEL =      6328.8795  VDWAALS    =      4876.6355
 EELEC  =    -57989.3176  EHBOND  =         0.0000  RESTRAINT  =        68.7735
 EAMBER (non-restraint)  =    -43650.8619
 EKCMT  =         0.0000  VIRIAL  =         0.0000  VOLUME     =    151298.0267
                                                    Density    =         0.9922
 ------------------------------------------------------------------------------


 NSTEP =     2350   TIME(PS) =       7.350  TEMP(K) =   299.21  PRESS =     0.0
 Etot   =    -34651.1643  EKtot   =      9067.0234  EPtot      =    -43718.1877
 BOND   =       355.5241  ANGLE   =      1027.4748  DIHED      =      1368.1848
 1-4 NB =       451.4620  1-4 EEL =      6358.5900  VDWAALS    =      4845.1495
 EELEC  =    -58190.8854  EHBOND  =         0.0000  RESTRAINT  =        66.3124
 EAMBER (non-restraint)  =    -43784.5001
 EKCMT  =         0.0000  VIRIAL  =         0.0000  VOLUME     =    151298.0267
                                                    Density    =         0.9922
 ------------------------------------------------------------------------------


 NSTEP =     2400   TIME(PS) =       7.400  TEMP(K) =   301.37  PRESS =     0.0
 Etot   =    -34604.2168  EKtot   =      9132.4697  EPtot      =    -43736.6866
 BOND   =       360.9256  ANGLE   =      1035.1621  DIHED      =      1359.9715
 1-4 NB =       443.9928  1-4 EEL =      6330.1876  VDWAALS    =      4811.7308
 EELEC  =    -58141.6833  EHBOND  =         0.0000  RESTRAINT  =        63.0264
 EAMBER (non-restraint)  =    -43799.7130
 EKCMT  =         0.0000  VIRIAL  =         0.0000  VOLUME     =    151298.0267
                                                    Density    =         0.9922
 ------------------------------------------------------------------------------


 NSTEP =     2450   TIME(PS) =       7.450  TEMP(K) =   302.97  PRESS =     0.0
 Etot   =    -34529.7616  EKtot   =      9180.9795  EPtot      =    -43710.7411
 BOND   =       341.8523  ANGLE   =      1059.6423  DIHED      =      1368.2416
 1-4 NB =       438.1237  1-4 EEL =      6348.3501  VDWAALS    =      4821.8588
 EELEC  =    -58152.7003  EHBOND  =         0.0000  RESTRAINT  =        63.8904
 EAMBER (non-restraint)  =    -43774.6315
 EKCMT  =         0.0000  VIRIAL  =         0.0000  VOLUME     =    151298.0267
                                                    Density    =         0.9922
 ------------------------------------------------------------------------------


 NSTEP =     2500   TIME(PS) =       7.500  TEMP(K) =   302.77  PRESS =     0.0
 Etot   =    -34505.4123  EKtot   =      9174.9541  EPtot      =    -43680.3664
 BOND   =       345.8668  ANGLE   =      1036.7617  DIHED      =      1363.9510
 1-4 NB =       448.3447  1-4 EEL =      6367.4239  VDWAALS    =      4787.6693
 EELEC  =    -58095.8748  EHBOND  =         0.0000  RESTRAINT  =        65.4910
 EAMBER (non-restraint)  =    -43745.8574
 EKCMT  =         0.0000  VIRIAL  =         0.0000  VOLUME     =    151298.0267
                                                    Density    =         0.9922
 ------------------------------------------------------------------------------


 NSTEP =     2550   TIME(PS) =       7.550  TEMP(K) =   301.83  PRESS =     0.0
 Etot   =    -34574.2097  EKtot   =      9146.6660  EPtot      =    -43720.8757
 BOND   =       325.6332  ANGLE   =      1034.4215  DIHED      =      1370.0788
 1-4 NB =       437.5822  1-4 EEL =      6326.5898  VDWAALS    =      4721.8165
 EELEC  =    -58001.3464  EHBOND  =         0.0000  RESTRAINT  =        64.3486
 EAMBER (non-restraint)  =    -43785.2244
 EKCMT  =         0.0000  VIRIAL  =         0.0000  VOLUME     =    151298.0267
                                                    Density    =         0.9922
 ------------------------------------------------------------------------------


 NSTEP =     2600   TIME(PS) =       7.600  TEMP(K) =   299.95  PRESS =     0.0
 Etot   =    -34612.6708  EKtot   =      9089.4932  EPtot      =    -43702.1639
 BOND   =       352.1689  ANGLE   =      1038.8751  DIHED      =      1371.8074
 1-4 NB =       448.2172  1-4 EEL =      6360.6247  VDWAALS    =      4706.2977
 EELEC  =    -58044.4460  EHBOND  =         0.0000  RESTRAINT  =        64.2911
 EAMBER (non-restraint)  =    -43766.4550
 EKCMT  =         0.0000  VIRIAL  =         0.0000  VOLUME     =    151298.0267
                                                    Density    =         0.9922
 ------------------------------------------------------------------------------


 NSTEP =     2650   TIME(PS) =       7.650  TEMP(K) =   297.59  PRESS =     0.0
 Etot   =    -34775.3695  EKtot   =      9017.9473  EPtot      =    -43793.3167
 BOND   =       354.9021  ANGLE   =      1011.4055  DIHED      =      1367.8776
 1-4 NB =       446.8145  1-4 EEL =      6347.9917  VDWAALS    =      4794.5057
 EELEC  =    -58178.1505  EHBOND  =         0.0000  RESTRAINT  =        61.3366
 EAMBER (non-restraint)  =    -43854.6533
 EKCMT  =         0.0000  VIRIAL  =         0.0000  VOLUME     =    151298.0267
                                                    Density    =         0.9922
 ------------------------------------------------------------------------------


 NSTEP =     2700   TIME(PS) =       7.700  TEMP(K) =   300.28  PRESS =     0.0
 Etot   =    -34673.9409  EKtot   =      9099.6836  EPtot      =    -43773.6245
 BOND   =       326.9923  ANGLE   =      1028.4249  DIHED      =      1357.8884
 1-4 NB =       447.1618  1-4 EEL =      6400.0567  VDWAALS    =      4981.3207
 EELEC  =    -58377.1500  EHBOND  =         0.0000  RESTRAINT  =        61.6807
 EAMBER (non-restraint)  =    -43835.3052
 EKCMT  =         0.0000  VIRIAL  =         0.0000  VOLUME     =    151298.0267
                                                    Density    =         0.9922
 ------------------------------------------------------------------------------


 NSTEP =     2750   TIME(PS) =       7.750  TEMP(K) =   303.08  PRESS =     0.0
 Etot   =    -34635.2561  EKtot   =      9184.4004  EPtot      =    -43819.6565
 BOND   =       312.9745  ANGLE   =      1025.2855  DIHED      =      1359.2768
 1-4 NB =       446.0875  1-4 EEL =      6378.0551  VDWAALS    =      4932.0415
 EELEC  =    -58336.8401  EHBOND  =         0.0000  RESTRAINT  =        63.4628
 EAMBER (non-restraint)  =    -43883.1193
 EKCMT  =         0.0000  VIRIAL  =         0.0000  VOLUME     =    151298.0267
                                                    Density    =         0.9922
 ------------------------------------------------------------------------------


 NSTEP =     2800   TIME(PS) =       7.800  TEMP(K) =   300.09  PRESS =     0.0
 Etot   =    -34610.1708  EKtot   =      9093.8398  EPtot      =    -43704.0107
 BOND   =       347.7378  ANGLE   =      1081.6932  DIHED      =      1356.1817
 1-4 NB =       443.4790  1-4 EEL =      6380.5922  VDWAALS    =      4845.5210
 EELEC  =    -58219.4733  EHBOND  =         0.0000  RESTRAINT  =        60.2576
 EAMBER (non-restraint)  =    -43764.2683
 EKCMT  =         0.0000  VIRIAL  =         0.0000  VOLUME     =    151298.0267
                                                    Density    =         0.9922
 ------------------------------------------------------------------------------


 NSTEP =     2850   TIME(PS) =       7.850  TEMP(K) =   298.30  PRESS =     0.0
 Etot   =    -34659.4177  EKtot   =      9039.7148  EPtot      =    -43699.1326
 BOND   =       321.0676  ANGLE   =      1039.9616  DIHED      =      1350.3208
 1-4 NB =       446.8068  1-4 EEL =      6361.6212  VDWAALS    =      4738.9580
 EELEC  =    -58016.4306  EHBOND  =         0.0000  RESTRAINT  =        58.5622
 EAMBER (non-restraint)  =    -43757.6947
 EKCMT  =         0.0000  VIRIAL  =         0.0000  VOLUME     =    151298.0267
                                                    Density    =         0.9922
 ------------------------------------------------------------------------------


 NSTEP =     2900   TIME(PS) =       7.900  TEMP(K) =   298.67  PRESS =     0.0
 Etot   =    -34687.0417  EKtot   =      9050.7861  EPtot      =    -43737.8279
 BOND   =       362.4299  ANGLE   =       985.7692  DIHED      =      1339.6061
 1-4 NB =       449.4289  1-4 EEL =      6359.0403  VDWAALS    =      5116.8480
 EELEC  =    -58409.3245  EHBOND  =         0.0000  RESTRAINT  =        58.3742
 EAMBER (non-restraint)  =    -43796.2020
 EKCMT  =         0.0000  VIRIAL  =         0.0000  VOLUME     =    150641.6080
                                                    Density    =         0.9965
 ------------------------------------------------------------------------------


 NSTEP =     2950   TIME(PS) =       7.950  TEMP(K) =   301.60  PRESS =     0.0
 Etot   =    -34673.8863  EKtot   =      9139.6797  EPtot      =    -43813.5660
 BOND   =       350.3241  ANGLE   =      1035.9350  DIHED      =      1353.5254
 1-4 NB =       448.0754  1-4 EEL =      6398.1495  VDWAALS    =      5060.5387
 EELEC  =    -58524.1439  EHBOND  =         0.0000  RESTRAINT  =        64.0298
 EAMBER (non-restraint)  =    -43877.5958
 EKCMT  =         0.0000  VIRIAL  =         0.0000  VOLUME     =    150641.6080
                                                    Density    =         0.9965
 ------------------------------------------------------------------------------


 NSTEP =     3000   TIME(PS) =       8.000  TEMP(K) =   301.56  PRESS =     0.0
 Etot   =    -34729.1654  EKtot   =      9138.3936  EPtot      =    -43867.5590
 BOND   =       356.0452  ANGLE   =      1063.1083  DIHED      =      1368.6087
 1-4 NB =       437.4495  1-4 EEL =      6344.9535  VDWAALS    =      4998.9843
 EELEC  =    -58507.0428  EHBOND  =         0.0000  RESTRAINT  =        70.3343
 EAMBER (non-restraint)  =    -43937.8933
 EKCMT  =         0.0000  VIRIAL  =         0.0000  VOLUME     =    150641.6080
                                                    Density    =         0.9965
 ------------------------------------------------------------------------------


 NSTEP =     3050   TIME(PS) =       8.050  TEMP(K) =   300.89  PRESS =     0.0
 Etot   =    -34693.4983  EKtot   =      9117.9951  EPtot      =    -43811.4934
 BOND   =       348.3592  ANGLE   =      1037.9715  DIHED      =      1351.9068
 1-4 NB =       455.9240  1-4 EEL =      6382.3454  VDWAALS    =      4986.8577
 EELEC  =    -58447.0296  EHBOND  =         0.0000  RESTRAINT  =        72.1716
 EAMBER (non-restraint)  =    -43883.6650
 EKCMT  =         0.0000  VIRIAL  =         0.0000  VOLUME     =    150641.6080
                                                    Density    =         0.9965
 ------------------------------------------------------------------------------


 NSTEP =     3100   TIME(PS) =       8.100  TEMP(K) =   300.27  PRESS =     0.0
 Etot   =    -34764.1661  EKtot   =      9099.3818  EPtot      =    -43863.5479
 BOND   =       316.6775  ANGLE   =      1020.3372  DIHED      =      1358.9545
 1-4 NB =       446.4658  1-4 EEL =      6378.1801  VDWAALS    =      4858.0821
 EELEC  =    -58315.9436  EHBOND  =         0.0000  RESTRAINT  =        73.6986
 EAMBER (non-restraint)  =    -43937.2465
 EKCMT  =         0.0000  VIRIAL  =         0.0000  VOLUME     =    150641.6080
                                                    Density    =         0.9965
 ------------------------------------------------------------------------------


 NSTEP =     3150   TIME(PS) =       8.150  TEMP(K) =   298.45  PRESS =     0.0
 Etot   =    -34756.8502  EKtot   =      9044.1094  EPtot      =    -43800.9596
 BOND   =       356.2541  ANGLE   =      1001.0324  DIHED      =      1337.0095
 1-4 NB =       443.1813  1-4 EEL =      6377.9454  VDWAALS    =      4659.2559
 EELEC  =    -58044.5268  EHBOND  =         0.0000  RESTRAINT  =        68.8885
 EAMBER (non-restraint)  =    -43869.8481
 EKCMT  =         0.0000  VIRIAL  =         0.0000  VOLUME     =    150641.6080
                                                    Density    =         0.9965
 ------------------------------------------------------------------------------


 NSTEP =     3200   TIME(PS) =       8.200  TEMP(K) =   297.75  PRESS =     0.0
 Etot   =    -34758.8745  EKtot   =      9022.7891  EPtot      =    -43781.6636
 BOND   =       323.3021  ANGLE   =      1051.9777  DIHED      =      1359.5709
 1-4 NB =       452.5478  1-4 EEL =      6333.1375  VDWAALS    =      4714.0558
 EELEC  =    -58079.8742  EHBOND  =         0.0000  RESTRAINT  =        63.6189
 EAMBER (non-restraint)  =    -43845.2825
 EKCMT  =         0.0000  VIRIAL  =         0.0000  VOLUME     =    150641.6080
                                                    Density    =         0.9965
 ------------------------------------------------------------------------------


 NSTEP =     3250   TIME(PS) =       8.250  TEMP(K) =   301.71  PRESS =     0.0
 Etot   =    -34637.2336  EKtot   =      9143.0488  EPtot      =    -43780.2824
 BOND   =       349.3388  ANGLE   =      1059.4507  DIHED      =      1358.1963
 1-4 NB =       438.2029  1-4 EEL =      6355.7120  VDWAALS    =      4749.3485
 EELEC  =    -58150.4423  EHBOND  =         0.0000  RESTRAINT  =        59.9107
 EAMBER (non-restraint)  =    -43840.1931
 EKCMT  =         0.0000  VIRIAL  =         0.0000  VOLUME     =    150641.6080
                                                    Density    =         0.9965
 ------------------------------------------------------------------------------


 NSTEP =     3300   TIME(PS) =       8.300  TEMP(K) =   300.82  PRESS =     0.0
 Etot   =    -34719.3788  EKtot   =      9115.9902  EPtot      =    -43835.3690
 BOND   =       341.1832  ANGLE   =      1046.0683  DIHED      =      1336.6166
 1-4 NB =       448.8852  1-4 EEL =      6386.9759  VDWAALS    =      4836.8383
 EELEC  =    -58288.5485  EHBOND  =         0.0000  RESTRAINT  =        56.6120
 EAMBER (non-restraint)  =    -43891.9810
 EKCMT  =         0.0000  VIRIAL  =         0.0000  VOLUME     =    150641.6080
                                                    Density    =         0.9965
 ------------------------------------------------------------------------------


 NSTEP =     3350   TIME(PS) =       8.350  TEMP(K) =   300.31  PRESS =     0.0
 Etot   =    -34723.2881  EKtot   =      9100.6299  EPtot      =    -43823.9180
 BOND   =       334.6250  ANGLE   =      1041.6413  DIHED      =      1357.5439
 1-4 NB =       450.0236  1-4 EEL =      6349.8052  VDWAALS    =      4814.1990
 EELEC  =    -58228.1673  EHBOND  =         0.0000  RESTRAINT  =        56.4112
 EAMBER (non-restraint)  =    -43880.3292
 EKCMT  =         0.0000  VIRIAL  =         0.0000  VOLUME     =    150641.6080
                                                    Density    =         0.9965
 ------------------------------------------------------------------------------


 NSTEP =     3400   TIME(PS) =       8.400  TEMP(K) =   300.69  PRESS =     0.0
 Etot   =    -34793.2214  EKtot   =      9112.0156  EPtot      =    -43905.2370
 BOND   =       357.7518  ANGLE   =      1049.3473  DIHED      =      1343.4341
 1-4 NB =       434.0300  1-4 EEL =      6344.5400  VDWAALS    =      4805.7920
 EELEC  =    -58296.6983  EHBOND  =         0.0000  RESTRAINT  =        56.5660
 EAMBER (non-restraint)  =    -43961.8031
 EKCMT  =         0.0000  VIRIAL  =         0.0000  VOLUME     =    150641.6080
                                                    Density    =         0.9965
 ------------------------------------------------------------------------------


 NSTEP =     3450   TIME(PS) =       8.450  TEMP(K) =   300.59  PRESS =     0.0
 Etot   =    -34815.2091  EKtot   =      9108.8643  EPtot      =    -43924.0733
 BOND   =       328.1318  ANGLE   =      1010.3192  DIHED      =      1362.4885
 1-4 NB =       444.5544  1-4 EEL =      6358.2521  VDWAALS    =      4910.5921
 EELEC  =    -58396.0678  EHBOND  =         0.0000  RESTRAINT  =        57.6566
 EAMBER (non-restraint)  =    -43981.7299
 EKCMT  =         0.0000  VIRIAL  =         0.0000  VOLUME     =    150641.6080
                                                    Density    =         0.9965
 ------------------------------------------------------------------------------


 NSTEP =     3500   TIME(PS) =       8.500  TEMP(K) =   296.32  PRESS =     0.0
 Etot   =    -34750.4681  EKtot   =      8979.5439  EPtot      =    -43730.0121
 BOND   =       361.1192  ANGLE   =      1074.9109  DIHED      =      1363.9891
 1-4 NB =       433.4400  1-4 EEL =      6340.4556  VDWAALS    =      4994.6645
 EELEC  =    -58359.0735  EHBOND  =         0.0000  RESTRAINT  =        60.4820
 EAMBER (non-restraint)  =    -43790.4941
 EKCMT  =         0.0000  VIRIAL  =         0.0000  VOLUME     =    150641.6080
                                                    Density    =         0.9965
 ------------------------------------------------------------------------------


 NSTEP =     3550   TIME(PS) =       8.550  TEMP(K) =   301.68  PRESS =     0.0
 Etot   =    -34749.9665  EKtot   =      9142.1465  EPtot      =    -43892.1130
 BOND   =       357.2647  ANGLE   =      1050.5702  DIHED      =      1374.6189
 1-4 NB =       423.2923  1-4 EEL =      6308.9210  VDWAALS    =      4879.2131
 EELEC  =    -58347.7011  EHBOND  =         0.0000  RESTRAINT  =        61.7078
 EAMBER (non-restraint)  =    -43953.8208
 EKCMT  =         0.0000  VIRIAL  =         0.0000  VOLUME     =    150641.6080
                                                    Density    =         0.9965
 ------------------------------------------------------------------------------


 NSTEP =     3600   TIME(PS) =       8.600  TEMP(K) =   304.29  PRESS =     0.0
 Etot   =    -34736.2576  EKtot   =      9221.0059  EPtot      =    -43957.2634
 BOND   =       338.7973  ANGLE   =      1033.7478  DIHED      =      1370.0847
 1-4 NB =       435.0788  1-4 EEL =      6360.9600  VDWAALS    =      4856.3609
 EELEC  =    -58416.6990  EHBOND  =         0.0000  RESTRAINT  =        64.4062
 EAMBER (non-restraint)  =    -44021.6696
 EKCMT  =         0.0000  VIRIAL  =         0.0000  VOLUME     =    150613.4154
                                                    Density    =         0.9967
 ------------------------------------------------------------------------------


 NSTEP =     3650   TIME(PS) =       8.650  TEMP(K) =   303.44  PRESS =     0.0
 Etot   =    -34652.8693  EKtot   =      9195.3604  EPtot      =    -43848.2297
 BOND   =       328.4849  ANGLE   =      1049.5656  DIHED      =      1381.4977
 1-4 NB =       432.1685  1-4 EEL =      6341.7802  VDWAALS    =      4886.1269
 EELEC  =    -58334.7756  EHBOND  =         0.0000  RESTRAINT  =        66.9222
 EAMBER (non-restraint)  =    -43915.1519
 EKCMT  =         0.0000  VIRIAL  =         0.0000  VOLUME     =    150613.4154
                                                    Density    =         0.9967
 ------------------------------------------------------------------------------


 NSTEP =     3700   TIME(PS) =       8.700  TEMP(K) =   300.69  PRESS =     0.0
 Etot   =    -34569.9265  EKtot   =      9111.8838  EPtot      =    -43681.8103
 BOND   =       329.6443  ANGLE   =      1028.0002  DIHED      =      1382.6966
 1-4 NB =       456.3965  1-4 EEL =      6365.6158  VDWAALS    =      4912.5322
 EELEC  =    -58223.3262  EHBOND  =         0.0000  RESTRAINT  =        66.6301
 EAMBER (non-restraint)  =    -43748.4404
 EKCMT  =         0.0000  VIRIAL  =         0.0000  VOLUME     =    150613.4154
                                                    Density    =         0.9967
 ------------------------------------------------------------------------------


 NSTEP =     3750   TIME(PS) =       8.750  TEMP(K) =   301.31  PRESS =     0.0
 Etot   =    -34724.1161  EKtot   =      9130.9531  EPtot      =    -43855.0692
 BOND   =       343.5424  ANGLE   =      1020.1684  DIHED      =      1365.5959
 1-4 NB =       444.8301  1-4 EEL =      6382.6425  VDWAALS    =      4891.4947
 EELEC  =    -58370.1919  EHBOND  =         0.0000  RESTRAINT  =        66.8487
 EAMBER (non-restraint)  =    -43921.9179
 EKCMT  =         0.0000  VIRIAL  =         0.0000  VOLUME     =    150613.4154
                                                    Density    =         0.9967
 ------------------------------------------------------------------------------


 NSTEP =     3800   TIME(PS) =       8.800  TEMP(K) =   299.20  PRESS =     0.0
 Etot   =    -34693.7431  EKtot   =      9066.9385  EPtot      =    -43760.6816
 BOND   =       340.7120  ANGLE   =      1047.5906  DIHED      =      1370.4396
 1-4 NB =       445.1192  1-4 EEL =      6321.9152  VDWAALS    =      4861.5852
 EELEC  =    -58214.6097  EHBOND  =         0.0000  RESTRAINT  =        66.5663
 EAMBER (non-restraint)  =    -43827.2479
 EKCMT  =         0.0000  VIRIAL  =         0.0000  VOLUME     =    150613.4154
                                                    Density    =         0.9967
 ------------------------------------------------------------------------------


 NSTEP =     3850   TIME(PS) =       8.850  TEMP(K) =   300.11  PRESS =     0.0
 Etot   =    -34619.3272  EKtot   =      9094.5742  EPtot      =    -43713.9015
 BOND   =       340.8972  ANGLE   =      1032.1798  DIHED      =      1370.2374
 1-4 NB =       447.0859  1-4 EEL =      6367.1806  VDWAALS    =      5023.1103
 EELEC  =    -58360.7247  EHBOND  =         0.0000  RESTRAINT  =        66.1319
 EAMBER (non-restraint)  =    -43780.0334
 EKCMT  =         0.0000  VIRIAL  =         0.0000  VOLUME     =    150613.4154
                                                    Density    =         0.9967
 ------------------------------------------------------------------------------


 NSTEP =     3900   TIME(PS) =       8.900  TEMP(K) =   304.90  PRESS =     0.0
 Etot   =    -34507.1590  EKtot   =      9239.4482  EPtot      =    -43746.6072
 BOND   =       311.2668  ANGLE   =      1077.6928  DIHED      =      1363.0375
 1-4 NB =       442.5844  1-4 EEL =      6357.4032  VDWAALS    =      4866.1114
 EELEC  =    -58234.0499  EHBOND  =         0.0000  RESTRAINT  =        69.3464
 EAMBER (non-restraint)  =    -43815.9537
 EKCMT  =         0.0000  VIRIAL  =         0.0000  VOLUME     =    150613.4154
                                                    Density    =         0.9967
 ------------------------------------------------------------------------------


 NSTEP =     3950   TIME(PS) =       8.950  TEMP(K) =   301.20  PRESS =     0.0
 Etot   =    -34651.2138  EKtot   =      9127.5098  EPtot      =    -43778.7235
 BOND   =       355.3271  ANGLE   =      1026.6588  DIHED      =      1348.9804
 1-4 NB =       445.2854  1-4 EEL =      6331.7675  VDWAALS    =      4831.3336
 EELEC  =    -58190.8954  EHBOND  =         0.0000  RESTRAINT  =        72.8191
 EAMBER (non-restraint)  =    -43851.5426
 EKCMT  =         0.0000  VIRIAL  =         0.0000  VOLUME     =    150613.4154
                                                    Density    =         0.9967
 ------------------------------------------------------------------------------


 NSTEP =     4000   TIME(PS) =       9.000  TEMP(K) =   302.12  PRESS =     0.0
 Etot   =    -34620.2311  EKtot   =      9155.4473  EPtot      =    -43775.6783
 BOND   =       341.3570  ANGLE   =      1033.6956  DIHED      =      1374.3207
 1-4 NB =       435.9180  1-4 EEL =      6339.2185  VDWAALS    =      4887.9019
 EELEC  =    -58263.9640  EHBOND  =         0.0000  RESTRAINT  =        75.8739
 EAMBER (non-restraint)  =    -43851.5523
 EKCMT  =         0.0000  VIRIAL  =         0.0000  VOLUME     =    150613.4154
                                                    Density    =         0.9967
 ------------------------------------------------------------------------------


 NSTEP =     4050   TIME(PS) =       9.050  TEMP(K) =   300.56  PRESS =     0.0
 Etot   =    -34644.6511  EKtot   =      9108.2090  EPtot      =    -43752.8601
 BOND   =       343.8975  ANGLE   =      1023.2588  DIHED      =      1372.8177
 1-4 NB =       440.1785  1-4 EEL =      6372.9967  VDWAALS    =      4904.4445
 EELEC  =    -58285.0164  EHBOND  =         0.0000  RESTRAINT  =        74.5625
 EAMBER (non-restraint)  =    -43827.4226
 EKCMT  =         0.0000  VIRIAL  =         0.0000  VOLUME     =    150613.4154
                                                    Density    =         0.9967
 ------------------------------------------------------------------------------


 NSTEP =     4100   TIME(PS) =       9.100  TEMP(K) =   298.12  PRESS =     0.0
 Etot   =    -34708.5863  EKtot   =      9034.0762  EPtot      =    -43742.6625
 BOND   =       362.1681  ANGLE   =      1004.8654  DIHED      =      1366.8686
 1-4 NB =       439.1241  1-4 EEL =      6365.8706  VDWAALS    =      4890.5325
 EELEC  =    -58240.6635  EHBOND  =         0.0000  RESTRAINT  =        68.5716
 EAMBER (non-restraint)  =    -43811.2341
 EKCMT  =         0.0000  VIRIAL  =         0.0000  VOLUME     =    150613.4154
                                                    Density    =         0.9967
 ------------------------------------------------------------------------------


 NSTEP =     4150   TIME(PS) =       9.150  TEMP(K) =   299.65  PRESS =     0.0
 Etot   =    -34751.5796  EKtot   =      9080.3848  EPtot      =    -43831.9643
 BOND   =       377.1646  ANGLE   =      1041.6296  DIHED      =      1374.2652
 1-4 NB =       435.7991  1-4 EEL =      6323.3458  VDWAALS    =      4828.9994
 EELEC  =    -58277.5454  EHBOND  =         0.0000  RESTRAINT  =        64.3773
 EAMBER (non-restraint)  =    -43896.3417
 EKCMT  =         0.0000  VIRIAL  =         0.0000  VOLUME     =    150613.4154
                                                    Density    =         0.9967
 ------------------------------------------------------------------------------


 NSTEP =     4200   TIME(PS) =       9.200  TEMP(K) =   297.82  PRESS =     0.0
 Etot   =    -34695.8290  EKtot   =      9025.1660  EPtot      =    -43720.9950
 BOND   =       328.1634  ANGLE   =      1031.2369  DIHED      =      1360.3457
 1-4 NB =       451.1299  1-4 EEL =      6346.3573  VDWAALS    =      4836.1023
 EELEC  =    -58136.2071  EHBOND  =         0.0000  RESTRAINT  =        61.8765
 EAMBER (non-restraint)  =    -43782.8715
 EKCMT  =         0.0000  VIRIAL  =         0.0000  VOLUME     =    150613.4154
                                                    Density    =         0.9967
 ------------------------------------------------------------------------------


 NSTEP =     4250   TIME(PS) =       9.250  TEMP(K) =   301.82  PRESS =     0.0
 Etot   =    -34679.9260  EKtot   =      9146.2158  EPtot      =    -43826.1418
 BOND   =       335.1197  ANGLE   =      1009.0893  DIHED      =      1341.4894
 1-4 NB =       452.5050  1-4 EEL =      6391.7627  VDWAALS    =      4727.8517
 EELEC  =    -58145.2696  EHBOND  =         0.0000  RESTRAINT  =        61.3100
 EAMBER (non-restraint)  =    -43887.4518
 EKCMT  =         0.0000  VIRIAL  =         0.0000  VOLUME     =    150613.4154
                                                    Density    =         0.9967
 ------------------------------------------------------------------------------


 NSTEP =     4300   TIME(PS) =       9.300  TEMP(K) =   302.24  PRESS =     0.0
 Etot   =    -34642.2175  EKtot   =      9158.9326  EPtot      =    -43801.1501
 BOND   =       355.8117  ANGLE   =      1024.6476  DIHED      =      1349.1084
 1-4 NB =       453.8242  1-4 EEL =      6401.6812  VDWAALS    =      4894.3936
 EELEC  =    -58346.1152  EHBOND  =         0.0000  RESTRAINT  =        65.4983
 EAMBER (non-restraint)  =    -43866.6485
 EKCMT  =         0.0000  VIRIAL  =         0.0000  VOLUME     =    150385.7144
                                                    Density    =         0.9982
 ------------------------------------------------------------------------------


 NSTEP =     4350   TIME(PS) =       9.350  TEMP(K) =   302.29  PRESS =     0.0
 Etot   =    -34678.3660  EKtot   =      9160.4570  EPtot      =    -43838.8231
 BOND   =       363.2222  ANGLE   =      1047.9928  DIHED      =      1360.5166
 1-4 NB =       454.7907  1-4 EEL =      6347.5859  VDWAALS    =      4939.9916
 EELEC  =    -58417.3013  EHBOND  =         0.0000  RESTRAINT  =        64.3784
 EAMBER (non-restraint)  =    -43903.2015
 EKCMT  =         0.0000  VIRIAL  =         0.0000  VOLUME     =    150385.7144
                                                    Density    =         0.9982
 ------------------------------------------------------------------------------


 NSTEP =     4400   TIME(PS) =       9.400  TEMP(K) =   301.51  PRESS =     0.0
 Etot   =    -34698.4402  EKtot   =      9137.0020  EPtot      =    -43835.4422
 BOND   =       336.7192  ANGLE   =      1040.0887  DIHED      =      1389.7160
 1-4 NB =       459.9354  1-4 EEL =      6373.0406  VDWAALS    =      4950.7999
 EELEC  =    -58447.0464  EHBOND  =         0.0000  RESTRAINT  =        61.3045
 EAMBER (non-restraint)  =    -43896.7466
 EKCMT  =         0.0000  VIRIAL  =         0.0000  VOLUME     =    150339.9638
                                                    Density    =         0.9985
 ------------------------------------------------------------------------------


 NSTEP =     4450   TIME(PS) =       9.450  TEMP(K) =   301.84  PRESS =     0.0
 Etot   =    -34717.4109  EKtot   =      9146.8242  EPtot      =    -43864.2352
 BOND   =       329.8413  ANGLE   =      1074.7262  DIHED      =      1370.7891
 1-4 NB =       455.7571  1-4 EEL =      6342.3157  VDWAALS    =      4909.4754
 EELEC  =    -58410.0194  EHBOND  =         0.0000  RESTRAINT  =        62.8795
 EAMBER (non-restraint)  =    -43927.1147
 EKCMT  =         0.0000  VIRIAL  =         0.0000  VOLUME     =    150339.9638
                                                    Density    =         0.9985
 ------------------------------------------------------------------------------


 NSTEP =     4500   TIME(PS) =       9.500  TEMP(K) =   303.90  PRESS =     0.0
 Etot   =    -34663.6845  EKtot   =      9209.2979  EPtot      =    -43872.9824
 BOND   =       326.2981  ANGLE   =      1059.6985  DIHED      =      1367.7560
 1-4 NB =       437.0456  1-4 EEL =      6331.7528  VDWAALS    =      4885.8075
 EELEC  =    -58344.5967  EHBOND  =         0.0000  RESTRAINT  =        63.2558
 EAMBER (non-restraint)  =    -43936.2381
 EKCMT  =         0.0000  VIRIAL  =         0.0000  VOLUME     =    150339.9638
                                                    Density    =         0.9985
 ------------------------------------------------------------------------------


 NSTEP =     4550   TIME(PS) =       9.550  TEMP(K) =   298.02  PRESS =     0.0
 Etot   =    -34681.0569  EKtot   =      9031.0234  EPtot      =    -43712.0803
 BOND   =       383.5227  ANGLE   =      1007.9789  DIHED      =      1370.6217
 1-4 NB =       454.9859  1-4 EEL =      6369.5772  VDWAALS    =      4957.9051
 EELEC  =    -58317.9608  EHBOND  =         0.0000  RESTRAINT  =        61.2890
 EAMBER (non-restraint)  =    -43773.3694
 EKCMT  =         0.0000  VIRIAL  =         0.0000  VOLUME     =    150339.9638
                                                    Density    =         0.9985
 ------------------------------------------------------------------------------


 NSTEP =     4600   TIME(PS) =       9.600  TEMP(K) =   299.54  PRESS =     0.0
 Etot   =    -34748.9965  EKtot   =      9077.1172  EPtot      =    -43826.1137
 BOND   =       356.7508  ANGLE   =      1012.6447  DIHED      =      1357.5469
 1-4 NB =       421.1445  1-4 EEL =      6343.5320  VDWAALS    =      4783.4343
 EELEC  =    -58161.2357  EHBOND  =         0.0000  RESTRAINT  =        60.0687
 EAMBER (non-restraint)  =    -43886.1824
 EKCMT  =         0.0000  VIRIAL  =         0.0000  VOLUME     =    150339.9638
                                                    Density    =         0.9985
 ------------------------------------------------------------------------------


 NSTEP =     4650   TIME(PS) =       9.650  TEMP(K) =   296.14  PRESS =     0.0
 Etot   =    -34811.4903  EKtot   =      8974.2656  EPtot      =    -43785.7559
 BOND   =       350.0788  ANGLE   =      1046.7445  DIHED      =      1346.7546
 1-4 NB =       439.6542  1-4 EEL =      6365.5172  VDWAALS    =      4874.1178
 EELEC  =    -58268.8784  EHBOND  =         0.0000  RESTRAINT  =        60.2554
 EAMBER (non-restraint)  =    -43846.0114
 EKCMT  =         0.0000  VIRIAL  =         0.0000  VOLUME     =    150339.9638
                                                    Density    =         0.9985
 ------------------------------------------------------------------------------


 NSTEP =     4700   TIME(PS) =       9.700  TEMP(K) =   296.15  PRESS =     0.0
 Etot   =    -34833.2088  EKtot   =      8974.3633  EPtot      =    -43807.5720
 BOND   =       354.9190  ANGLE   =      1028.0843  DIHED      =      1351.4377
 1-4 NB =       456.1606  1-4 EEL =      6376.3075  VDWAALS    =      5102.5130
 EELEC  =    -58539.4946  EHBOND  =         0.0000  RESTRAINT  =        62.5004
 EAMBER (non-restraint)  =    -43870.0724
 EKCMT  =         0.0000  VIRIAL  =         0.0000  VOLUME     =    149627.8764
                                                    Density    =         1.0033
 ------------------------------------------------------------------------------


 NSTEP =     4750   TIME(PS) =       9.750  TEMP(K) =   300.92  PRESS =     0.0
 Etot   =    -34743.0305  EKtot   =      9118.8975  EPtot      =    -43861.9280
 BOND   =       334.2315  ANGLE   =      1006.7351  DIHED      =      1373.1955
 1-4 NB =       458.9514  1-4 EEL =      6406.5666  VDWAALS    =      4975.2218
 EELEC  =    -58481.3019  EHBOND  =         0.0000  RESTRAINT  =        64.4721
 EAMBER (non-restraint)  =    -43926.4001
 EKCMT  =         0.0000  VIRIAL  =         0.0000  VOLUME     =    149627.8764
                                                    Density    =         1.0033
 ------------------------------------------------------------------------------


 NSTEP =     4800   TIME(PS) =       9.800  TEMP(K) =   299.86  PRESS =     0.0
 Etot   =    -34804.0525  EKtot   =      9086.8506  EPtot      =    -43890.9031
 BOND   =       356.3782  ANGLE   =      1019.1573  DIHED      =      1352.9429
 1-4 NB =       427.8076  1-4 EEL =      6343.1089  VDWAALS    =      4902.7168
 EELEC  =    -58356.7249  EHBOND  =         0.0000  RESTRAINT  =        63.7101
 EAMBER (non-restraint)  =    -43954.6133
 EKCMT  =         0.0000  VIRIAL  =         0.0000  VOLUME     =    149627.8764
                                                    Density    =         1.0033
 ------------------------------------------------------------------------------


 NSTEP =     4850   TIME(PS) =       9.850  TEMP(K) =   301.24  PRESS =     0.0
 Etot   =    -34775.4524  EKtot   =      9128.8174  EPtot      =    -43904.2698
 BOND   =       329.3720  ANGLE   =      1006.1421  DIHED      =      1355.5893
 1-4 NB =       449.0767  1-4 EEL =      6395.1671  VDWAALS    =      4915.5643
 EELEC  =    -58417.8873  EHBOND  =         0.0000  RESTRAINT  =        62.7061
 EAMBER (non-restraint)  =    -43966.9759
 EKCMT  =         0.0000  VIRIAL  =         0.0000  VOLUME     =    149627.8764
                                                    Density    =         1.0033
 ------------------------------------------------------------------------------


 NSTEP =     4900   TIME(PS) =       9.900  TEMP(K) =   297.63  PRESS =     0.0
 Etot   =    -34845.4567  EKtot   =      9019.3359  EPtot      =    -43864.7926
 BOND   =       329.0631  ANGLE   =       963.4841  DIHED      =      1358.2511
 1-4 NB =       453.2654  1-4 EEL =      6375.5918  VDWAALS    =      4849.9547
 EELEC  =    -58255.3287  EHBOND  =         0.0000  RESTRAINT  =        60.9260
 EAMBER (non-restraint)  =    -43925.7186
 EKCMT  =         0.0000  VIRIAL  =         0.0000  VOLUME     =    149627.8764
                                                    Density    =         1.0033
 ------------------------------------------------------------------------------


 NSTEP =     4950   TIME(PS) =       9.950  TEMP(K) =   299.86  PRESS =     0.0
 Etot   =    -34762.2193  EKtot   =      9086.7666  EPtot      =    -43848.9859
 BOND   =       345.3734  ANGLE   =      1048.5515  DIHED      =      1367.4848
 1-4 NB =       442.3917  1-4 EEL =      6360.3162  VDWAALS    =      4811.0799
 EELEC  =    -58283.4374  EHBOND  =         0.0000  RESTRAINT  =        59.2540
 EAMBER (non-restraint)  =    -43908.2399
 EKCMT  =         0.0000  VIRIAL  =         0.0000  VOLUME     =    149627.8764
                                                    Density    =         1.0033
 ------------------------------------------------------------------------------


 NSTEP =     5000   TIME(PS) =      10.000  TEMP(K) =   298.96  PRESS =     0.0
 Etot   =    -34755.4550  EKtot   =      9059.4561  EPtot      =    -43814.9110
 BOND   =       371.7267  ANGLE   =      1034.8203  DIHED      =      1368.4986
 1-4 NB =       429.5431  1-4 EEL =      6343.4022  VDWAALS    =      4634.8476
 EELEC  =    -58057.2958  EHBOND  =         0.0000  RESTRAINT  =        59.5462
 EAMBER (non-restraint)  =    -43874.4573
 EKCMT  =         0.0000  VIRIAL  =         0.0000  VOLUME     =    149627.8764
                                                    Density    =         1.0033
 ------------------------------------------------------------------------------


      A V E R A G E S   O V E R     100 S T E P S


 NSTEP =     5000   TIME(PS) =      10.000  TEMP(K) =   301.34  PRESS =     0.0
 Etot   =    -34447.7423  EKtot   =      9131.6722  EPtot      =    -43579.4145
 BOND   =       342.6447  ANGLE   =      1032.5418  DIHED      =      1362.6022
 1-4 NB =       444.9170  1-4 EEL =      6360.7503  VDWAALS    =      4841.7979
 EELEC  =    -58085.8515  EHBOND  =         0.0000  RESTRAINT  =       121.1832
 EAMBER (non-restraint)  =    -43700.5976
 EKCMT  =         0.0000  VIRIAL  =         0.0000  VOLUME     =    151980.1562
                                                    Density    =         0.9879
 ------------------------------------------------------------------------------


      R M S  F L U C T U A T I O N S


 NSTEP =     5000   TIME(PS) =      10.000  TEMP(K) =     2.82  PRESS =     0.0
 Etot   =       373.5459  EKtot   =        85.3982  EPtot      =       328.9283
 BOND   =        16.7156  ANGLE   =        21.7711  DIHED      =        11.6654
 1-4 NB =         9.1999  1-4 EEL =        21.3526  VDWAALS    =       108.9729
 EELEC  =       252.1331  EHBOND  =         0.0000  RESTRAINT  =       193.4610
 EAMBER (non-restraint)  =       135.4673
 EKCMT  =         0.0000  VIRIAL  =         0.0000  VOLUME     =      1838.1629
                                                    Density    =         0.0118
 ------------------------------------------------------------------------------

| MC Barostat:         50 volume changes attempted.
| MC Barostat:         14 changes successful ( 28.00%)
 ------------------------------------------------------------------------------

--------------------------------------------------------------------------------
   5.  TIMINGS
--------------------------------------------------------------------------------

|  NonSetup CPU Time in Major Routines:
|
|     Routine           Sec        %
|     ------------------------------
|     Nonbond           0.54   21.60
|     Bond              0.00    0.00
|     Angle             0.00    0.00
|     Dihedral          0.00    0.00
|     Shake             0.03    1.16
|     RunMD             1.90   75.64
|     Other             0.04    1.60
|     ------------------------------
|     Total             2.51

|  PME Nonbond Pairlist CPU Time:
|
|     Routine              Sec        %
|     ---------------------------------
|     Set Up Cit           0.00    0.00
|     Build List           0.00    0.00
|     ---------------------------------
|     Total                0.00    0.00

|  PME Direct Force CPU Time:
|
|     Routine              Sec        %
|     ---------------------------------
|     NonBonded Calc       0.00    0.00
|     Exclude Masked       0.00    0.00
|     Other                0.01    0.38
|     ---------------------------------
|     Total                0.01    0.38

|  PME Reciprocal Force CPU Time:
|
|     Routine              Sec        %
|     ---------------------------------
|     1D bspline           0.00    0.00
|     Grid Charges         0.00    0.00
|     Scalar Sum           0.00    0.00
|     Gradient Sum         0.00    0.00
|     FFT                  0.00    0.00
|     ---------------------------------
|     Total                0.00    0.00

|  Final Performance Info:
|     -----------------------------------------------------
|     Average timings for last    4950 steps:
|     Elapsed(s) =       2.52 Per Step(ms) =       0.51
|         ns/day =     170.03   seconds/ns =     508.14
|
|     Average timings for all steps:
|     Elapsed(s) =       2.53 Per Step(ms) =       0.51
|         ns/day =     170.53   seconds/ns =     506.66
|     -----------------------------------------------------

|  Setup CPU time:            0.54 seconds
|  NonSetup CPU time:         2.51 seconds
|  Total CPU time:            3.06 seconds     0.00 hours

|  Setup wall time:           0    seconds
|  NonSetup wall time:        3    seconds
|  Total wall time:           3    seconds     0.00 hours
