
          -------------------------------------------------------
          Amber 20 PMEMD                              2020
          -------------------------------------------------------

| PMEMD implementation of SANDER, Release 18

|  Compiled date/time: Tue Apr 28 03:19:54 2020
| Run on 04/15/2022 at 19:32:32

|   Executable path: pmemd.cuda_DPFP
| Working directory: /m100_work/AIRC_Fortun21/barletta/extra_obp/ctv/pre
|          Hostname: login06

  [-O]verwriting output

File Assignments:
|   MDIN: step3.in                                                              
|  MDOUT: step3.out                                                             
| INPCRD: step2.rst7                                                            
|   PARM: ../top/ctv.prmtop                                                     
| RESTRT: step3.rst7                                                            
|   REFC: step2.rst7                                                            
|  MDVEL: mdvel                                                                 
|   MDEN: mden                                                                  
|  MDCRD: step3.nc                                                              
| MDINFO: step3.mdinfo                                                          
|  MDFRC: mdfrc                                                                 


 Here is the input file:

Minimization: step3.in                                                         
 &cntrl                                                                        
   imin = 1, ntmin = 1, maxcyc = 1000, ncyc = 200,                             
   ntwx = 500, ioutfm = 1, ntxo = 1, ntpr = 50, ntwr = 500,                    
   ntc = 1, ntf = 1, ntb = 1, cut = 8.0, icnstph = 2, ntcnstph = 100000,       
   ntr = 1, restraintmask = ":1-119&!@H=", restraint_wt = 2.0,                 
 &end                                                                          


Note: ig = -1. Setting random seed to   971892 based on wallclock time in 
      microseconds.
| irandom = 1, using AMBER's internal random number generator (default).
 
|--------------------- INFORMATION ----------------------
| GPU (CUDA) Version of PMEMD in use: NVIDIA GPU IN USE.
|                    Version 18.0.0
| 
|                      03/25/2018
| 
| Implementation by:
|                    Ross C. Walker     (SDSC)
|                    Scott Le Grand     (nVIDIA)
| 
| Version 18 performance extensions by:
|                    David Cerutti     (Rutgers)
| 
| Precision model in use:
|      [DPFP] - Double Precision Forces, 64-bit Fixed point
|               Accumulation.
| 
|--------------------------------------------------------
 
|----------------- CITATION INFORMATION -----------------
|
|    When publishing work that utilized the CUDA version
|    of AMBER, please cite the following in addition to
|    the regular AMBER citations:
|
|  - Romelia Salomon-Ferrer; Andreas W. Goetz; Duncan
|    Poole; Scott Le Grand; Ross C. Walker "Routine
|    microsecond molecular dynamics simulations with
|    AMBER - Part II: Particle Mesh Ewald", J. Chem.
|    Theory Comput., 2013, 9 (9), pp3878-3888,
|    DOI: 10.1021/ct400314y.
|
|  - Andreas W. Goetz; Mark J. Williamson; Dong Xu;
|    Duncan Poole; Scott Le Grand; Ross C. Walker
|    "Routine microsecond molecular dynamics simulations
|    with AMBER - Part I: Generalized Born", J. Chem.
|    Theory Comput., 2012, 8 (5), pp1542-1555.
|
|    When publishing work that utilized the CUDA version
|    of Constant pH MD please cite the following in
|    addition to the regular AMBER GPU citations:
|
|  - Daniel J. Mermelstein; J. Andrew McCammon; Ross C. Walker
|    "pH dependent conformational dynamics of Beta-secretase 1:
|    a molecular dynamics study".
|    J. Chem. Theory Comput., 2018, in review.
|
|
|--------------------------------------------------------
 
|------------------- GPU DEVICE INFO --------------------
|
|            CUDA_VISIBLE_DEVICES: 0
|   CUDA Capable Devices Detected:      1
|           CUDA Device ID in use:      0
|                CUDA Device Name: Tesla V100-SXM2-16GB
|     CUDA Device Global Mem Size:  16128 MB
| CUDA Device Num Multiprocessors:     80
|           CUDA Device Core Freq:   1.53 GHz
|
|--------------------------------------------------------
 
 
| Conditional Compilation Defines Used:
| PUBFFT
| BINTRAJ
| CUDA
| EMIL

| Largest sphere to fit in unit cell has radius =    24.771

| New format PARM file being parsed.
| Version =    1.000 Date = 04/15/22 Time = 19:29:20

| Note: 1-4 EEL scale factors are being read from the topology file.

| Note: 1-4 VDW scale factors are being read from the topology file.
| INFO:    Reading atomic numbers from topology file.
| Duplicated    0 dihedrals

| Duplicated    0 dihedrals

--------------------------------------------------------------------------------
   1.  RESOURCE   USE: 
--------------------------------------------------------------------------------

 getting new box info from bottom of inpcrd
 NATOM  =   14772 NTYPES =      18 NBONH =   13817 MBONA  =     963
 NTHETH =    2369 MTHETA =    1293 NPHIH =    4533 MPHIA  =    3267
 NHPARM =       0 NPARM  =       0 NNB   =   28105 NRES   =    4374
 NBONA  =     963 NTHETA =    1293 NPHIA =    3267 NUMBND =      51
 NUMANG =     105 NPTRA  =      44 NATYP =      35 NPHB   =       1
 IFBOX  =       2 NMXRS  =      26 IFCAP =       0 NEXTRA =       0
 NCOPY  =       0

 Implicit solvent radii are H(N)-modified Bondi radii (mbondi2)                                             
|reading charge increments from file: ../top/cpin_ctv                                                                                                                                                                                                                                                 
| Coordinate Index Table dimensions:    11   11   11
| Direct force subcell size =     5.5161    5.5161    5.5161

     BOX TYPE: TRUNCATED OCTAHEDRON

--------------------------------------------------------------------------------
   2.  CONTROL  DATA  FOR  THE  RUN
--------------------------------------------------------------------------------

default_name                                                                    

General flags:
     imin    =       1, nmropt  =       0

Nature and format of input:
     ntx     =       1, irest   =       0, ntrx    =       1

Nature and format of output:
     ntxo    =       1, ntpr    =      50, ntrx    =       1, ntwr    =     500
     iwrap   =       0, ntwx    =     500, ntwv    =       0, ntwe    =       0
     ioutfm  =       1, ntwprt  =       0, idecomp =       0, rbornstat=      0

Potential function:
     ntf     =       1, ntb     =       1, igb     =       0, nsnb    =      25
     ipol    =       0, gbsa    =       0, iesp    =       0
     dielc   =   1.00000, cut     =   8.00000, intdiel =   1.00000
     saltcon =   0.00000, offset  =   0.09000, gbalpha=    0.80000
     gbbeta  =   0.00000, gbgamma =   2.90912, surften =   0.00500
     rdt     =   0.00000, rgbmax  =  25.00000  extdiel =  78.50000
     alpb  =        0

Frozen or restrained atoms:
     ibelly  =       0, ntr     =       1
     restraint_wt =   2.00000

Energy minimization:
     maxcyc  =    1000, ncyc    =     200, ntmin   =       1
     dx0     =   0.01000, drms    =   0.00010

Constant pH options:
     icnstph =       2
     ntcnstph =  100000
     solvph =   7.00000
     ntrelax =     500 mccycles =       1

| Intermolecular bonds treatment:
|     no_intermolecular_bonds =       1

| Energy averages sample interval:
|     ene_avg_sampling =       1

Ewald parameters:
     verbose =       0, ew_type =       0, nbflag  =       1, use_pme =       1
     vdwmeth =       1, eedmeth =       1, netfrc  =       0
     Box X =   60.677   Box Y =   60.677   Box Z =   60.677
     Alpha =  109.471   Beta  =  109.471   Gamma =  109.471
     NFFT1 =   64       NFFT2 =   64       NFFT3 =   64
     Cutoff=    8.000   Tol   =0.100E-04
     Ewald Coefficient =  0.34864
     Interpolation order =    4

    LOADING THE CONSTRAINED ATOMS AS GROUPS


   5.  REFERENCE ATOM COORDINATES

  default_name                                                                    
     Mask :1-119&!@H=; matches   943 atoms

--------------------------------------------------------------------------------
   3.  ATOMIC COORDINATES AND VELOCITIES
--------------------------------------------------------------------------------

default_name                                                                    
 begin time read from input coords =    15.000 ps

 
 Number of triangulated 3-point waters found:     4253

     Sum of charges from parm topology file =   0.00000094
     Forcing neutrality...

| Dynamic Memory, Types Used:
| Reals              622759
| Integers           685298

| Nonbonded Pairs Initial Allocation:     2467293

| GPU memory information (estimate):
| KB of GPU memory in use:     79873
| KB of CPU memory in use:     46945

--------------------------------------------------------------------------------
   4.  RESULTS
--------------------------------------------------------------------------------



   NSTEP       ENERGY          RMS            GMAX         NAME    NUMBER
      1      -4.2417E+04     1.4067E+01     8.9983E+01     C        1285

 BOND    =      358.1478  ANGLE   =     1016.3093  DIHED      =     1355.5551
 VDWAALS =     4390.4523  EEL     =   -56378.9244  HBOND      =        0.0000
 1-4 VDW =      451.8577  1-4 EEL =     6389.1203  RESTRAINT  =        0.0000


   NSTEP       ENERGY          RMS            GMAX         NAME    NUMBER
     50      -5.0467E+04     3.9749E+00     3.8765E+02     C10      1997

 BOND    =     2781.2405  ANGLE   =      320.6298  DIHED      =     1223.6589
 VDWAALS =     3785.0885  EEL     =   -65386.4638  HBOND      =        0.0000
 1-4 VDW =      403.7976  1-4 EEL =     6397.1100  RESTRAINT  =        7.5629
 EAMBER  =   -50474.9385


   NSTEP       ENERGY          RMS            GMAX         NAME    NUMBER
    100      -5.1990E+04     2.5614E+00     2.5519E+02     C10      1997

 BOND    =     3275.7139  ANGLE   =      302.8407  DIHED      =     1207.4852
 VDWAALS =     4034.8937  EEL     =   -67615.9468  HBOND      =        0.0000
 1-4 VDW =      397.9709  1-4 EEL =     6396.0066  RESTRAINT  =       11.3554
 EAMBER  =   -52001.0357


   NSTEP       ENERGY          RMS            GMAX         NAME    NUMBER
    150      -5.2756E+04     1.5234E+00     1.6157E+02     C10      1997

 BOND    =     3135.4520  ANGLE   =      297.1280  DIHED      =     1200.6731
 VDWAALS =     4316.8642  EEL     =   -68510.7107  HBOND      =        0.0000
 1-4 VDW =      395.8829  1-4 EEL =     6394.5510  RESTRAINT  =       14.0843
 EAMBER  =   -52770.1596


   NSTEP       ENERGY          RMS            GMAX         NAME    NUMBER
    200      -5.3199E+04     2.3512E+00     2.8321E+02     C10      1997

 BOND    =     3270.3254  ANGLE   =      295.1415  DIHED      =     1196.9556
 VDWAALS =     4556.9157  EEL     =   -69322.1700  HBOND      =        0.0000
 1-4 VDW =      394.4175  1-4 EEL =     6393.6233  RESTRAINT  =       16.2079
 EAMBER  =   -53214.7909


   NSTEP       ENERGY          RMS            GMAX         NAME    NUMBER
    250      -5.5094E+04     1.5163E+00     1.2958E+02     C        1984

 BOND    =     3725.9929  ANGLE   =      296.9562  DIHED      =     1186.4827
 VDWAALS =     6308.5300  EEL     =   -73419.8958  HBOND      =        0.0000
 1-4 VDW =      388.2086  1-4 EEL =     6385.7121  RESTRAINT  =       33.8050
 EAMBER  =   -55128.0133


   NSTEP       ENERGY          RMS            GMAX         NAME    NUMBER
    300      -5.5439E+04     1.2242E+00     4.6292E+01     O       12865

 BOND    =     3716.2462  ANGLE   =      295.5806  DIHED      =     1185.1503
 VDWAALS =     6508.3706  EEL     =   -73954.8545  HBOND      =        0.0000
 1-4 VDW =      388.4513  1-4 EEL =     6386.2754  RESTRAINT  =       35.5715
 EAMBER  =   -55474.7802


   NSTEP       ENERGY          RMS            GMAX         NAME    NUMBER
    350      -5.5685E+04     9.5115E-01     5.2974E+01     C10      1997

 BOND    =     3735.2253  ANGLE   =      294.6742  DIHED      =     1184.5607
 VDWAALS =     6690.5046  EEL     =   -74400.9948  HBOND      =        0.0000
 1-4 VDW =      387.9630  1-4 EEL =     6386.0370  RESTRAINT  =       37.2515
 EAMBER  =   -55722.0300


   NSTEP       ENERGY          RMS            GMAX         NAME    NUMBER
    400      -5.5893E+04     7.5139E-01     2.2350E+01     N1       1988

 BOND    =     3763.5192  ANGLE   =      294.5009  DIHED      =     1184.1961
 VDWAALS =     6851.0394  EEL     =   -74798.6270  HBOND      =        0.0000
 1-4 VDW =      387.7603  1-4 EEL =     6386.0468  RESTRAINT  =       38.7045
 EAMBER  =   -55931.5644


   NSTEP       ENERGY          RMS            GMAX         NAME    NUMBER
    450      -5.6071E+04     6.9820E-01     4.2923E+01     C10      1997

 BOND    =     3794.2148  ANGLE   =      293.1907  DIHED      =     1183.8667
 VDWAALS =     6993.3182  EEL     =   -75148.7265  HBOND      =        0.0000
 1-4 VDW =      387.6855  1-4 EEL =     6386.0321  RESTRAINT  =       39.9137
 EAMBER  =   -56110.4185


   NSTEP       ENERGY          RMS            GMAX         NAME    NUMBER
    500      -5.6252E+04     6.3480E-01     1.8574E+01     C8       1995

 BOND    =     3820.7308  ANGLE   =      293.9202  DIHED      =     1183.6474
 VDWAALS =     7168.4583  EEL     =   -75532.8593  HBOND      =        0.0000
 1-4 VDW =      387.5809  1-4 EEL =     6385.4933  RESTRAINT  =       41.2031
 EAMBER  =   -56293.0283


   NSTEP       ENERGY          RMS            GMAX         NAME    NUMBER
    550      -5.6388E+04     6.0319E-01     1.7553E+01     C        1984

 BOND    =     3857.0101  ANGLE   =      293.2964  DIHED      =     1183.4045
 VDWAALS =     7303.5420  EEL     =   -75840.6836  HBOND      =        0.0000
 1-4 VDW =      387.5116  1-4 EEL =     6385.4388  RESTRAINT  =       42.0732
 EAMBER  =   -56430.4802


   NSTEP       ENERGY          RMS            GMAX         NAME    NUMBER
    600      -5.6534E+04     6.1925E-01     1.8906E+01     C        1984

 BOND    =     3887.4946  ANGLE   =      292.8194  DIHED      =     1183.1658
 VDWAALS =     7475.7897  EEL     =   -76188.7084  HBOND      =        0.0000
 1-4 VDW =      387.4228  1-4 EEL =     6385.1631  RESTRAINT  =       43.0909
 EAMBER  =   -56576.8530


   NSTEP       ENERGY          RMS            GMAX         NAME    NUMBER
    650      -5.6654E+04     6.1084E-01     3.0452E+01     C        1984

 BOND    =     3909.5636  ANGLE   =      292.3028  DIHED      =     1182.9640
 VDWAALS =     7593.4076  EEL     =   -76448.1823  HBOND      =        0.0000
 1-4 VDW =      387.4159  1-4 EEL =     6385.0360  RESTRAINT  =       43.7808
 EAMBER  =   -56697.4925


   NSTEP       ENERGY          RMS            GMAX         NAME    NUMBER
    700      -5.6802E+04     6.2905E-01     3.4670E+01     C        1984

 BOND    =     3943.4833  ANGLE   =      292.0963  DIHED      =     1182.8421
 VDWAALS =     7767.8256  EEL     =   -76804.5928  HBOND      =        0.0000
 1-4 VDW =      387.4843  1-4 EEL =     6384.5035  RESTRAINT  =       44.8172
 EAMBER  =   -56846.3577


   NSTEP       ENERGY          RMS            GMAX         NAME    NUMBER
    750      -5.6934E+04     5.6970E-01     3.6278E+01     C        1984

 BOND    =     3964.5127  ANGLE   =      291.7622  DIHED      =     1182.6587
 VDWAALS =     7874.4807  EEL     =   -77064.4247  HBOND      =        0.0000
 1-4 VDW =      387.4592  1-4 EEL =     6384.4333  RESTRAINT  =       45.5001
 EAMBER  =   -56979.1180


   NSTEP       ENERGY          RMS            GMAX         NAME    NUMBER
    800      -5.7065E+04     5.3707E-01     2.1579E+01     C        1984

 BOND    =     3996.0247  ANGLE   =      292.1576  DIHED      =     1182.6693
 VDWAALS =     8001.2188  EEL     =   -77355.4005  HBOND      =        0.0000
 1-4 VDW =      387.8529  1-4 EEL =     6384.4522  RESTRAINT  =       46.3600
 EAMBER  =   -57111.0251


   NSTEP       ENERGY          RMS            GMAX         NAME    NUMBER
    850      -5.7175E+04     5.6249E-01     2.3490E+01     C7       1994

 BOND    =     4013.9166  ANGLE   =      293.0375  DIHED      =     1182.6380
 VDWAALS =     8087.4652  EEL     =   -77571.1900  HBOND      =        0.0000
 1-4 VDW =      387.6418  1-4 EEL =     6384.3666  RESTRAINT  =       46.8630
 EAMBER  =   -57222.1243


   NSTEP       ENERGY          RMS            GMAX         NAME    NUMBER
    900      -5.7293E+04     5.4793E-01     2.2634E+01     C8       1995

 BOND    =     4036.7448  ANGLE   =      292.0615  DIHED      =     1182.5823
 VDWAALS =     8199.0850  EEL     =   -77824.8421  HBOND      =        0.0000
 1-4 VDW =      387.9742  1-4 EEL =     6385.4988  RESTRAINT  =       47.4169
 EAMBER  =   -57340.8955


   NSTEP       ENERGY          RMS            GMAX         NAME    NUMBER
    950      -5.7358E+04     3.8029E-01     1.5414E+01     C        1984

 BOND    =     4044.5002  ANGLE   =      290.9201  DIHED      =     1182.3672
 VDWAALS =     8212.7598  EEL     =   -77909.3733  HBOND      =        0.0000
 1-4 VDW =      387.7985  1-4 EEL =     6385.2527  RESTRAINT  =       47.5245
 EAMBER  =   -57405.7747


   NSTEP       ENERGY          RMS            GMAX         NAME    NUMBER
   1000      -5.7397E+04     3.1557E-01     1.1401E+01     C        1984

 BOND    =     4050.7552  ANGLE   =      290.6985  DIHED      =     1182.3755
 VDWAALS =     8243.4782  EEL     =   -77984.8989  HBOND      =        0.0000
 1-4 VDW =      387.8374  1-4 EEL =     6385.3758  RESTRAINT  =       47.6660
 EAMBER  =   -57444.3784


  Maximum number of minimization cycles reached.


                    FINAL RESULTS



   NSTEP       ENERGY          RMS            GMAX         NAME    NUMBER
   1000      -5.7397E+04     3.1557E-01     1.1401E+01     C        1984

 BOND    =     4050.7552  ANGLE   =      290.6985  DIHED      =     1182.3755
 VDWAALS =     8243.4782  EEL     =   -77984.8989  HBOND      =        0.0000
 1-4 VDW =      387.8374  1-4 EEL =     6385.3758  RESTRAINT  =       47.6660
 EAMBER  =   -57444.3784
--------------------------------------------------------------------------------
   5.  TIMINGS
--------------------------------------------------------------------------------

|  NonSetup CPU Time in Major Routines:
|
|     Routine           Sec        %
|     ------------------------------
|     Nonbond           0.48   45.93
|     Bond              0.00    0.00
|     Angle             0.00    0.00
|     Dihedral          0.00    0.00
|     Shake             0.00    0.00
|     Other             0.56   54.07
|     ------------------------------
|     Total             1.04

|  PME Nonbond Pairlist CPU Time:
|
|     Routine              Sec        %
|     ---------------------------------
|     Set Up Cit           0.00    0.00
|     Build List           0.00    0.00
|     ---------------------------------
|     Total                0.00    0.00

|  PME Direct Force CPU Time:
|
|     Routine              Sec        %
|     ---------------------------------
|     NonBonded Calc       0.00    0.00
|     Exclude Masked       0.00    0.00
|     Other                0.00    0.23
|     ---------------------------------
|     Total                0.00    0.23

|  PME Reciprocal Force CPU Time:
|
|     Routine              Sec        %
|     ---------------------------------
|     1D bspline           0.00    0.00
|     Grid Charges         0.00    0.00
|     Scalar Sum           0.00    0.00
|     Gradient Sum         0.00    0.00
|     FFT                  0.00    0.00
|     ---------------------------------
|     Total                0.00    0.00

|  Setup CPU time:            0.53 seconds
|  NonSetup CPU time:         1.04 seconds
|  Total CPU time:            1.57 seconds     0.00 hours

|  Setup wall time:           1    seconds
|  NonSetup wall time:        1    seconds
|  Total wall time:           2    seconds     0.00 hours
