
          -------------------------------------------------------
          Amber 20 PMEMD                              2020
          -------------------------------------------------------

| PMEMD implementation of SANDER, Release 18

|  Compiled date/time: Tue Apr 28 03:19:54 2020
| Run on 04/15/2022 at 19:32:52

|   Executable path: pmemd.cuda
| Working directory: /m100_work/AIRC_Fortun21/barletta/extra_obp/ctv/pre
|          Hostname: login06

  [-O]verwriting output

File Assignments:
|   MDIN: step9.in                                                              
|  MDOUT: step9.out                                                             
| INPCRD: step8.rst7                                                            
|   PARM: ../top/ctv.prmtop                                                     
| RESTRT: step9.rst7                                                            
|   REFC: step5.rst7                                                            
|  MDVEL: mdvel                                                                 
|   MDEN: mden                                                                  
|  MDCRD: step9.nc                                                              
| MDINFO: step9.mdinfo                                                          
|  MDFRC: mdfrc                                                                 


 Here is the input file:

MD: step9.in                                                                   
 &cntrl                                                                        
   imin = 0, nstlim = 5000, dt = 0.002,                                        
   ntx = 5, irest = 1, ig = -1,                                                
   ntwx = 500, ntwv = -1, ioutfm = 1, ntxo = 1, ntpr = 50, ntwr = 500,         
   iwrap = 0, nscm = 1000,                                                     
   ntc = 2, ntf = 2, ntb = 2, cut = 8.0, icnstph = 2, ntcnstph = 100000,       
   ntt = 3, gamma_ln = 5, temp0 = 300, tempi = 300,                            
   ntp = 1, barostat = 2, pres0 = 1.0, mcbarint = 100,                         
   ntr = 0,                                                                    
 &end                                                                          


Note: ig = -1. Setting random seed to   504411 based on wallclock time in 
      microseconds.
| irandom = 1, using AMBER's internal random number generator (default).
 
|--------------------- INFORMATION ----------------------
| GPU (CUDA) Version of PMEMD in use: NVIDIA GPU IN USE.
|                    Version 18.0.0
| 
|                      03/25/2018
| 
| Implementation by:
|                    Ross C. Walker     (SDSC)
|                    Scott Le Grand     (nVIDIA)
| 
| Version 18 performance extensions by:
|                    David Cerutti     (Rutgers)
| 
| Precision model in use:
|      [SPFP] - Single Precision Forces, 64-bit Fixed Point
|               Accumulation. (Default)
| 
|--------------------------------------------------------
 
|----------------- CITATION INFORMATION -----------------
|
|    When publishing work that utilized the CUDA version
|    of AMBER, please cite the following in addition to
|    the regular AMBER citations:
|
|  - Romelia Salomon-Ferrer; Andreas W. Goetz; Duncan
|    Poole; Scott Le Grand; Ross C. Walker "Routine
|    microsecond molecular dynamics simulations with
|    AMBER - Part II: Particle Mesh Ewald", J. Chem.
|    Theory Comput., 2013, 9 (9), pp3878-3888,
|    DOI: 10.1021/ct400314y.
|
|  - Andreas W. Goetz; Mark J. Williamson; Dong Xu;
|    Duncan Poole; Scott Le Grand; Ross C. Walker
|    "Routine microsecond molecular dynamics simulations
|    with AMBER - Part I: Generalized Born", J. Chem.
|    Theory Comput., 2012, 8 (5), pp1542-1555.
|
|  - Scott Le Grand; Andreas W. Goetz; Ross C. Walker
|    "SPFP: Speed without compromise - a mixed precision
|    model for GPU accelerated molecular dynamics
|    simulations.", Comp. Phys. Comm., 2013, 184
|    pp374-380, DOI: 10.1016/j.cpc.2012.09.022
|
|    When publishing work that utilized the CUDA version
|    of Constant pH MD please cite the following in
|    addition to the regular AMBER GPU citations:
|
|  - Daniel J. Mermelstein; J. Andrew McCammon; Ross C. Walker
|    "pH dependent conformational dynamics of Beta-secretase 1:
|    a molecular dynamics study".
|    J. Chem. Theory Comput., 2018, in review.
|
|
|--------------------------------------------------------
 
|------------------- GPU DEVICE INFO --------------------
|
|            CUDA_VISIBLE_DEVICES: 0
|   CUDA Capable Devices Detected:      1
|           CUDA Device ID in use:      0
|                CUDA Device Name: Tesla V100-SXM2-16GB
|     CUDA Device Global Mem Size:  16128 MB
| CUDA Device Num Multiprocessors:     80
|           CUDA Device Core Freq:   1.53 GHz
|
|--------------------------------------------------------
 
 
| Conditional Compilation Defines Used:
| PUBFFT
| BINTRAJ
| CUDA
| EMIL

| Largest sphere to fit in unit cell has radius =    23.442

| New format PARM file being parsed.
| Version =    1.000 Date = 04/15/22 Time = 19:29:20

| Note: 1-4 EEL scale factors are being read from the topology file.

| Note: 1-4 VDW scale factors are being read from the topology file.
| INFO:    Reading atomic numbers from topology file.
| Duplicated    0 dihedrals

| Duplicated    0 dihedrals

--------------------------------------------------------------------------------
   1.  RESOURCE   USE: 
--------------------------------------------------------------------------------

 getting new box info from bottom of inpcrd
 NATOM  =   14772 NTYPES =      18 NBONH =   13817 MBONA  =     963
 NTHETH =    2369 MTHETA =    1293 NPHIH =    4533 MPHIA  =    3267
 NHPARM =       0 NPARM  =       0 NNB   =   28105 NRES   =    4374
 NBONA  =     963 NTHETA =    1293 NPHIA =    3267 NUMBND =      51
 NUMANG =     105 NPTRA  =      44 NATYP =      35 NPHB   =       1
 IFBOX  =       2 NMXRS  =      26 IFCAP =       0 NEXTRA =       0
 NCOPY  =       0

 Implicit solvent radii are H(N)-modified Bondi radii (mbondi2)                                             
|reading charge increments from file: ../top/cpin_ctv                                                                                                                                                                                                                                                 
| Coordinate Index Table dimensions:    11   11   11
| Direct force subcell size =     5.2202    5.2202    5.2202

     BOX TYPE: TRUNCATED OCTAHEDRON

--------------------------------------------------------------------------------
   2.  CONTROL  DATA  FOR  THE  RUN
--------------------------------------------------------------------------------

default_name                                                                    

General flags:
     imin    =       0, nmropt  =       0

Nature and format of input:
     ntx     =       5, irest   =       1, ntrx    =       1

Nature and format of output:
     ntxo    =       1, ntpr    =      50, ntrx    =       1, ntwr    =     500
     iwrap   =       0, ntwx    =     500, ntwv    =      -1, ntwe    =       0
     ioutfm  =       1, ntwprt  =       0, idecomp =       0, rbornstat=      0

Potential function:
     ntf     =       2, ntb     =       2, igb     =       0, nsnb    =      25
     ipol    =       0, gbsa    =       0, iesp    =       0
     dielc   =   1.00000, cut     =   8.00000, intdiel =   1.00000
     saltcon =   0.00000, offset  =   0.09000, gbalpha=    0.80000
     gbbeta  =   0.00000, gbgamma =   2.90912, surften =   0.00500
     rdt     =   0.00000, rgbmax  =  25.00000  extdiel =  78.50000
     alpb  =        0

Frozen or restrained atoms:
     ibelly  =       0, ntr     =       0

Molecular dynamics:
     nstlim  =      5000, nscm    =      1000, nrespa  =         1
     t       =   0.00000, dt      =   0.00200, vlimit  =  -1.00000

Langevin dynamics temperature regulation:
     ig      =  504411
     temp0   = 300.00000, tempi   = 300.00000, gamma_ln=   5.00000

Pressure regulation:
     ntp     =       1
     pres0   =   1.00000, comp    =  44.60000, taup    =   1.00000
     Monte-Carlo Barostat:
     mcbarint  =     100

SHAKE:
     ntc     =       2, jfastw  =       0
     tol     =   0.00001

Constant pH options:
     icnstph =       2
     ntcnstph =  100000
     solvph =   7.00000
     ntrelax =     500 mccycles =       1

| Intermolecular bonds treatment:
|     no_intermolecular_bonds =       1

| Energy averages sample interval:
|     ene_avg_sampling =      50

Ewald parameters:
     verbose =       0, ew_type =       0, nbflag  =       1, use_pme =       1
     vdwmeth =       1, eedmeth =       1, netfrc  =       1
     Box X =   57.422   Box Y =   57.422   Box Z =   57.422
     Alpha =  109.471   Beta  =  109.471   Gamma =  109.471
     NFFT1 =   64       NFFT2 =   64       NFFT3 =   64
     Cutoff=    8.000   Tol   =0.100E-04
     Ewald Coefficient =  0.34864
     Interpolation order =    4
| MONTE CARLO BAROSTAT IMPORTANT NOTE:
|   The Monte-Carlo barostat does not require the virial to adjust the system volume.
|   Since it is an expensive calculation, it is skipped for efficiency. A side-effect
|   is that the reported pressure is always 0 because it is not calculated.

--------------------------------------------------------------------------------
   3.  ATOMIC COORDINATES AND VELOCITIES
--------------------------------------------------------------------------------

default_name                                                                    
 begin time read from input coords =    20.000 ps

 
 Number of triangulated 3-point waters found:     4253

     Sum of charges from parm topology file =   0.00000094
     Forcing neutrality...

| Dynamic Memory, Types Used:
| Reals              805833
| Integers           708694

| Nonbonded Pairs Initial Allocation:     2467293

| GPU memory information (estimate):
| KB of GPU memory in use:    114602
| KB of CPU memory in use:     37322

--------------------------------------------------------------------------------
   4.  RESULTS
--------------------------------------------------------------------------------


 NSTEP =       50   TIME(PS) =      20.100  TEMP(K) =   298.21  PRESS =     0.0
 Etot   =    -35037.5480  EKtot   =      9036.9814  EPtot      =    -44074.5295
 BOND   =       360.6984  ANGLE   =      1060.5349  DIHED      =      1361.1273
 1-4 NB =       464.8534  1-4 EEL =      6396.3216  VDWAALS    =      4832.4394
 EELEC  =    -58550.5044  EHBOND  =         0.0000  RESTRAINT  =         0.0000
 EKCMT  =         0.0000  VIRIAL  =         0.0000  VOLUME     =    145751.1792
                                                    Density    =         1.0300
 ------------------------------------------------------------------------------


 NSTEP =      100   TIME(PS) =      20.200  TEMP(K) =   300.00  PRESS =     0.0
 Etot   =    -35126.1175  EKtot   =      9091.0332  EPtot      =    -44217.1507
 BOND   =       361.4075  ANGLE   =      1048.5179  DIHED      =      1348.4686
 1-4 NB =       444.0607  1-4 EEL =      6381.9564  VDWAALS    =      4921.0150
 EELEC  =    -58722.5767  EHBOND  =         0.0000  RESTRAINT  =         0.0000
 EKCMT  =         0.0000  VIRIAL  =         0.0000  VOLUME     =    145702.1224
                                                    Density    =         1.0303
 ------------------------------------------------------------------------------


 NSTEP =      150   TIME(PS) =      20.300  TEMP(K) =   303.60  PRESS =     0.0
 Etot   =    -35065.4270  EKtot   =      9200.0938  EPtot      =    -44265.5207
 BOND   =       335.5100  ANGLE   =      1108.3136  DIHED      =      1356.7768
 1-4 NB =       449.1724  1-4 EEL =      6383.0732  VDWAALS    =      4893.3174
 EELEC  =    -58791.6843  EHBOND  =         0.0000  RESTRAINT  =         0.0000
 EKCMT  =         0.0000  VIRIAL  =         0.0000  VOLUME     =    145702.1224
                                                    Density    =         1.0303
 ------------------------------------------------------------------------------


 NSTEP =      200   TIME(PS) =      20.400  TEMP(K) =   299.40  PRESS =     0.0
 Etot   =    -35082.5980  EKtot   =      9072.8867  EPtot      =    -44155.4848
 BOND   =       363.7818  ANGLE   =      1064.0328  DIHED      =      1374.3843
 1-4 NB =       444.2133  1-4 EEL =      6370.0145  VDWAALS    =      4834.9196
 EELEC  =    -58606.8311  EHBOND  =         0.0000  RESTRAINT  =         0.0000
 EKCMT  =         0.0000  VIRIAL  =         0.0000  VOLUME     =    145702.1224
                                                    Density    =         1.0303
 ------------------------------------------------------------------------------


 NSTEP =      250   TIME(PS) =      20.500  TEMP(K) =   297.08  PRESS =     0.0
 Etot   =    -35161.8614  EKtot   =      9002.7451  EPtot      =    -44164.6065
 BOND   =       358.8488  ANGLE   =      1095.8984  DIHED      =      1373.3809
 1-4 NB =       445.6834  1-4 EEL =      6333.8292  VDWAALS    =      4941.4325
 EELEC  =    -58713.6796  EHBOND  =         0.0000  RESTRAINT  =         0.0000
 EKCMT  =         0.0000  VIRIAL  =         0.0000  VOLUME     =    145702.1224
                                                    Density    =         1.0303
 ------------------------------------------------------------------------------


 NSTEP =      300   TIME(PS) =      20.600  TEMP(K) =   299.80  PRESS =     0.0
 Etot   =    -35207.0443  EKtot   =      9085.1797  EPtot      =    -44292.2239
 BOND   =       347.2817  ANGLE   =      1069.6983  DIHED      =      1385.8490
 1-4 NB =       445.2633  1-4 EEL =      6382.2776  VDWAALS    =      4864.7238
 EELEC  =    -58787.3175  EHBOND  =         0.0000  RESTRAINT  =         0.0000
 EKCMT  =         0.0000  VIRIAL  =         0.0000  VOLUME     =    145702.1224
                                                    Density    =         1.0303
 ------------------------------------------------------------------------------


 NSTEP =      350   TIME(PS) =      20.700  TEMP(K) =   300.08  PRESS =     0.0
 Etot   =    -35233.0193  EKtot   =      9093.5713  EPtot      =    -44326.5906
 BOND   =       371.0781  ANGLE   =      1051.3758  DIHED      =      1401.8210
 1-4 NB =       431.5929  1-4 EEL =      6362.2016  VDWAALS    =      5046.8330
 EELEC  =    -58991.4930  EHBOND  =         0.0000  RESTRAINT  =         0.0000
 EKCMT  =         0.0000  VIRIAL  =         0.0000  VOLUME     =    145702.1224
                                                    Density    =         1.0303
 ------------------------------------------------------------------------------


 NSTEP =      400   TIME(PS) =      20.800  TEMP(K) =   297.73  PRESS =     0.0
 Etot   =    -35179.6987  EKtot   =      9022.3301  EPtot      =    -44202.0287
 BOND   =       326.5459  ANGLE   =      1116.0411  DIHED      =      1378.1079
 1-4 NB =       449.3101  1-4 EEL =      6357.8654  VDWAALS    =      4847.7243
 EELEC  =    -58677.6234  EHBOND  =         0.0000  RESTRAINT  =         0.0000
 EKCMT  =         0.0000  VIRIAL  =         0.0000  VOLUME     =    145702.1224
                                                    Density    =         1.0303
 ------------------------------------------------------------------------------


 NSTEP =      450   TIME(PS) =      20.900  TEMP(K) =   297.00  PRESS =     0.0
 Etot   =    -35087.8107  EKtot   =      9000.0840  EPtot      =    -44087.8947
 BOND   =       349.6415  ANGLE   =      1090.6583  DIHED      =      1357.9062
 1-4 NB =       437.9452  1-4 EEL =      6370.9286  VDWAALS    =      5062.0289
 EELEC  =    -58757.0034  EHBOND  =         0.0000  RESTRAINT  =         0.0000
 EKCMT  =         0.0000  VIRIAL  =         0.0000  VOLUME     =    145702.1224
                                                    Density    =         1.0303
 ------------------------------------------------------------------------------


 NSTEP =      500   TIME(PS) =      21.000  TEMP(K) =   301.59  PRESS =     0.0
 Etot   =    -35034.1044  EKtot   =      9139.3672  EPtot      =    -44173.4715
 BOND   =       377.4614  ANGLE   =      1064.9946  DIHED      =      1377.6842
 1-4 NB =       430.5912  1-4 EEL =      6336.3908  VDWAALS    =      5145.1008
 EELEC  =    -58905.6946  EHBOND  =         0.0000  RESTRAINT  =         0.0000
 EKCMT  =         0.0000  VIRIAL  =         0.0000  VOLUME     =    145702.1224
                                                    Density    =         1.0303
 ------------------------------------------------------------------------------


 NSTEP =      550   TIME(PS) =      21.100  TEMP(K) =   296.53  PRESS =     0.0
 Etot   =    -35070.3779  EKtot   =      8985.9619  EPtot      =    -44056.3398
 BOND   =       340.8244  ANGLE   =      1057.7138  DIHED      =      1358.0331
 1-4 NB =       443.1938  1-4 EEL =      6385.0360  VDWAALS    =      4829.4079
 EELEC  =    -58470.5487  EHBOND  =         0.0000  RESTRAINT  =         0.0000
 EKCMT  =         0.0000  VIRIAL  =         0.0000  VOLUME     =    145702.1224
                                                    Density    =         1.0303
 ------------------------------------------------------------------------------


 NSTEP =      600   TIME(PS) =      21.200  TEMP(K) =   302.50  PRESS =     0.0
 Etot   =    -34963.4084  EKtot   =      9166.9805  EPtot      =    -44130.3889
 BOND   =       354.3352  ANGLE   =      1070.3810  DIHED      =      1372.6880
 1-4 NB =       445.3298  1-4 EEL =      6362.3710  VDWAALS    =      4931.0826
 EELEC  =    -58666.5765  EHBOND  =         0.0000  RESTRAINT  =         0.0000
 EKCMT  =         0.0000  VIRIAL  =         0.0000  VOLUME     =    145702.1224
                                                    Density    =         1.0303
 ------------------------------------------------------------------------------


 NSTEP =      650   TIME(PS) =      21.300  TEMP(K) =   301.09  PRESS =     0.0
 Etot   =    -34974.1030  EKtot   =      9123.9844  EPtot      =    -44098.0874
 BOND   =       358.2232  ANGLE   =      1097.6151  DIHED      =      1357.2147
 1-4 NB =       440.7834  1-4 EEL =      6384.4144  VDWAALS    =      4749.0361
 EELEC  =    -58485.3743  EHBOND  =         0.0000  RESTRAINT  =         0.0000
 EKCMT  =         0.0000  VIRIAL  =         0.0000  VOLUME     =    145702.1224
                                                    Density    =         1.0303
 ------------------------------------------------------------------------------


 NSTEP =      700   TIME(PS) =      21.400  TEMP(K) =   297.52  PRESS =     0.0
 Etot   =    -34952.9374  EKtot   =      9015.9023  EPtot      =    -43968.8397
 BOND   =       366.7328  ANGLE   =      1064.2595  DIHED      =      1372.2779
 1-4 NB =       441.4444  1-4 EEL =      6375.9282  VDWAALS    =      4963.3800
 EELEC  =    -58552.8625  EHBOND  =         0.0000  RESTRAINT  =         0.0000
 EKCMT  =         0.0000  VIRIAL  =         0.0000  VOLUME     =    145702.1224
                                                    Density    =         1.0303
 ------------------------------------------------------------------------------


 NSTEP =      750   TIME(PS) =      21.500  TEMP(K) =   299.93  PRESS =     0.0
 Etot   =    -35011.8268  EKtot   =      9089.0977  EPtot      =    -44100.9245
 BOND   =       344.3360  ANGLE   =      1115.1929  DIHED      =      1385.4751
 1-4 NB =       453.9273  1-4 EEL =      6356.3393  VDWAALS    =      4970.6757
 EELEC  =    -58726.8708  EHBOND  =         0.0000  RESTRAINT  =         0.0000
 EKCMT  =         0.0000  VIRIAL  =         0.0000  VOLUME     =    145702.1224
                                                    Density    =         1.0303
 ------------------------------------------------------------------------------


 NSTEP =      800   TIME(PS) =      21.600  TEMP(K) =   300.97  PRESS =     0.0
 Etot   =    -35011.1361  EKtot   =      9120.3828  EPtot      =    -44131.5189
 BOND   =       396.7165  ANGLE   =      1046.6858  DIHED      =      1365.6346
 1-4 NB =       446.9721  1-4 EEL =      6385.9042  VDWAALS    =      4957.7628
 EELEC  =    -58731.1950  EHBOND  =         0.0000  RESTRAINT  =         0.0000
 EKCMT  =         0.0000  VIRIAL  =         0.0000  VOLUME     =    145702.1224
                                                    Density    =         1.0303
 ------------------------------------------------------------------------------


 NSTEP =      850   TIME(PS) =      21.700  TEMP(K) =   302.23  PRESS =     0.0
 Etot   =    -34983.0535  EKtot   =      9158.5537  EPtot      =    -44141.6072
 BOND   =       359.2346  ANGLE   =      1070.4124  DIHED      =      1385.9228
 1-4 NB =       451.6018  1-4 EEL =      6360.5704  VDWAALS    =      5225.9519
 EELEC  =    -58995.3010  EHBOND  =         0.0000  RESTRAINT  =         0.0000
 EKCMT  =         0.0000  VIRIAL  =         0.0000  VOLUME     =    145702.1224
                                                    Density    =         1.0303
 ------------------------------------------------------------------------------


 NSTEP =      900   TIME(PS) =      21.800  TEMP(K) =   297.12  PRESS =     0.0
 Etot   =    -35226.6395  EKtot   =      9003.7666  EPtot      =    -44230.4061
 BOND   =       374.7488  ANGLE   =      1084.3965  DIHED      =      1377.3617
 1-4 NB =       440.4973  1-4 EEL =      6292.8311  VDWAALS    =      5062.7681
 EELEC  =    -58863.0096  EHBOND  =         0.0000  RESTRAINT  =         0.0000
 EKCMT  =         0.0000  VIRIAL  =         0.0000  VOLUME     =    145702.1224
                                                    Density    =         1.0303
 ------------------------------------------------------------------------------


 NSTEP =      950   TIME(PS) =      21.900  TEMP(K) =   297.56  PRESS =     0.0
 Etot   =    -35140.7039  EKtot   =      9017.1338  EPtot      =    -44157.8377
 BOND   =       376.5142  ANGLE   =      1095.9151  DIHED      =      1351.9812
 1-4 NB =       438.7919  1-4 EEL =      6321.1718  VDWAALS    =      4895.4207
 EELEC  =    -58637.6326  EHBOND  =         0.0000  RESTRAINT  =         0.0000
 EKCMT  =         0.0000  VIRIAL  =         0.0000  VOLUME     =    145702.1224
                                                    Density    =         1.0303
 ------------------------------------------------------------------------------

| MC Barostat: Decreasing size of volume moves

 NSTEP =     1000   TIME(PS) =      22.000  TEMP(K) =   297.48  PRESS =     0.0
 Etot   =    -35128.9645  EKtot   =      9014.8633  EPtot      =    -44143.8278
 BOND   =       359.6723  ANGLE   =      1059.1555  DIHED      =      1358.0067
 1-4 NB =       446.4624  1-4 EEL =      6326.0512  VDWAALS    =      5037.9414
 EELEC  =    -58731.1173  EHBOND  =         0.0000  RESTRAINT  =         0.0000
 EKCMT  =         0.0000  VIRIAL  =         0.0000  VOLUME     =    145702.1224
                                                    Density    =         1.0303
 ------------------------------------------------------------------------------


 NSTEP =     1050   TIME(PS) =      22.100  TEMP(K) =   302.07  PRESS =     0.0
 Etot   =    -34947.8553  EKtot   =      9153.7578  EPtot      =    -44101.6131
 BOND   =       352.6025  ANGLE   =      1088.0346  DIHED      =      1343.7975
 1-4 NB =       453.2715  1-4 EEL =      6356.2873  VDWAALS    =      4918.6703
 EELEC  =    -58614.2768  EHBOND  =         0.0000  RESTRAINT  =         0.0000
 EKCMT  =         0.0000  VIRIAL  =         0.0000  VOLUME     =    145702.1224
                                                    Density    =         1.0303
 ------------------------------------------------------------------------------


 NSTEP =     1100   TIME(PS) =      22.200  TEMP(K) =   301.94  PRESS =     0.0
 Etot   =    -35063.6213  EKtot   =      9149.8398  EPtot      =    -44213.4611
 BOND   =       363.8474  ANGLE   =      1100.5651  DIHED      =      1358.9008
 1-4 NB =       429.3230  1-4 EEL =      6338.1177  VDWAALS    =      4937.1973
 EELEC  =    -58741.4125  EHBOND  =         0.0000  RESTRAINT  =         0.0000
 EKCMT  =         0.0000  VIRIAL  =         0.0000  VOLUME     =    145702.1224
                                                    Density    =         1.0303
 ------------------------------------------------------------------------------


 NSTEP =     1150   TIME(PS) =      22.300  TEMP(K) =   299.23  PRESS =     0.0
 Etot   =    -35145.1815  EKtot   =      9067.8291  EPtot      =    -44213.0106
 BOND   =       352.3349  ANGLE   =      1086.3522  DIHED      =      1352.8967
 1-4 NB =       451.9756  1-4 EEL =      6363.1982  VDWAALS    =      5042.5039
 EELEC  =    -58862.2722  EHBOND  =         0.0000  RESTRAINT  =         0.0000
 EKCMT  =         0.0000  VIRIAL  =         0.0000  VOLUME     =    145702.1224
                                                    Density    =         1.0303
 ------------------------------------------------------------------------------


 NSTEP =     1200   TIME(PS) =      22.400  TEMP(K) =   298.87  PRESS =     0.0
 Etot   =    -35133.8319  EKtot   =      9056.8604  EPtot      =    -44190.6923
 BOND   =       357.9698  ANGLE   =      1114.6221  DIHED      =      1360.4174
 1-4 NB =       442.2703  1-4 EEL =      6322.6122  VDWAALS    =      4879.6594
 EELEC  =    -58668.2435  EHBOND  =         0.0000  RESTRAINT  =         0.0000
 EKCMT  =         0.0000  VIRIAL  =         0.0000  VOLUME     =    145702.1224
                                                    Density    =         1.0303
 ------------------------------------------------------------------------------


 NSTEP =     1250   TIME(PS) =      22.500  TEMP(K) =   297.90  PRESS =     0.0
 Etot   =    -35067.6250  EKtot   =      9027.4541  EPtot      =    -44095.0791
 BOND   =       347.1311  ANGLE   =      1073.2272  DIHED      =      1382.1912
 1-4 NB =       457.3460  1-4 EEL =      6368.9164  VDWAALS    =      4921.9545
 EELEC  =    -58645.8456  EHBOND  =         0.0000  RESTRAINT  =         0.0000
 EKCMT  =         0.0000  VIRIAL  =         0.0000  VOLUME     =    145702.1224
                                                    Density    =         1.0303
 ------------------------------------------------------------------------------


 NSTEP =     1300   TIME(PS) =      22.600  TEMP(K) =   296.86  PRESS =     0.0
 Etot   =    -35150.3741  EKtot   =      8995.9512  EPtot      =    -44146.3252
 BOND   =       350.4633  ANGLE   =      1085.2411  DIHED      =      1365.9539
 1-4 NB =       463.4862  1-4 EEL =      6404.2967  VDWAALS    =      4966.2018
 EELEC  =    -58781.9682  EHBOND  =         0.0000  RESTRAINT  =         0.0000
 EKCMT  =         0.0000  VIRIAL  =         0.0000  VOLUME     =    145702.1224
                                                    Density    =         1.0303
 ------------------------------------------------------------------------------


 NSTEP =     1350   TIME(PS) =      22.700  TEMP(K) =   299.38  PRESS =     0.0
 Etot   =    -35288.1329  EKtot   =      9072.2988  EPtot      =    -44360.4317
 BOND   =       344.5832  ANGLE   =      1100.0886  DIHED      =      1348.4222
 1-4 NB =       446.6031  1-4 EEL =      6380.2196  VDWAALS    =      4952.7375
 EELEC  =    -58933.0860  EHBOND  =         0.0000  RESTRAINT  =         0.0000
 EKCMT  =         0.0000  VIRIAL  =         0.0000  VOLUME     =    145702.1224
                                                    Density    =         1.0303
 ------------------------------------------------------------------------------


 NSTEP =     1400   TIME(PS) =      22.800  TEMP(K) =   298.27  PRESS =     0.0
 Etot   =    -35139.2491  EKtot   =      9038.5820  EPtot      =    -44177.8312
 BOND   =       349.7567  ANGLE   =      1099.4956  DIHED      =      1371.3404
 1-4 NB =       438.7598  1-4 EEL =      6378.8485  VDWAALS    =      4970.3066
 EELEC  =    -58786.3387  EHBOND  =         0.0000  RESTRAINT  =         0.0000
 EKCMT  =         0.0000  VIRIAL  =         0.0000  VOLUME     =    145702.1224
                                                    Density    =         1.0303
 ------------------------------------------------------------------------------


 NSTEP =     1450   TIME(PS) =      22.900  TEMP(K) =   295.95  PRESS =     0.0
 Etot   =    -35091.7881  EKtot   =      8968.2695  EPtot      =    -44060.0577
 BOND   =       358.6515  ANGLE   =      1087.0603  DIHED      =      1363.4513
 1-4 NB =       444.7615  1-4 EEL =      6366.5926  VDWAALS    =      4698.5557
 EELEC  =    -58379.1305  EHBOND  =         0.0000  RESTRAINT  =         0.0000
 EKCMT  =         0.0000  VIRIAL  =         0.0000  VOLUME     =    145702.1224
                                                    Density    =         1.0303
 ------------------------------------------------------------------------------


 NSTEP =     1500   TIME(PS) =      23.000  TEMP(K) =   300.89  PRESS =     0.0
 Etot   =    -34991.9194  EKtot   =      9118.0713  EPtot      =    -44109.9907
 BOND   =       362.9506  ANGLE   =      1049.2846  DIHED      =      1365.1315
 1-4 NB =       443.9323  1-4 EEL =      6367.4570  VDWAALS    =      4770.8677
 EELEC  =    -58469.6144  EHBOND  =         0.0000  RESTRAINT  =         0.0000
 EKCMT  =         0.0000  VIRIAL  =         0.0000  VOLUME     =    145702.1224
                                                    Density    =         1.0303
 ------------------------------------------------------------------------------


 NSTEP =     1550   TIME(PS) =      23.100  TEMP(K) =   301.78  PRESS =     0.0
 Etot   =    -35008.2612  EKtot   =      9145.1387  EPtot      =    -44153.3999
 BOND   =       343.2713  ANGLE   =      1073.9307  DIHED      =      1354.6888
 1-4 NB =       448.5626  1-4 EEL =      6385.5105  VDWAALS    =      5008.7067
 EELEC  =    -58768.0705  EHBOND  =         0.0000  RESTRAINT  =         0.0000
 EKCMT  =         0.0000  VIRIAL  =         0.0000  VOLUME     =    145702.1224
                                                    Density    =         1.0303
 ------------------------------------------------------------------------------


 NSTEP =     1600   TIME(PS) =      23.200  TEMP(K) =   296.54  PRESS =     0.0
 Etot   =    -34992.9776  EKtot   =      8986.3984  EPtot      =    -43979.3760
 BOND   =       372.5011  ANGLE   =      1078.5312  DIHED      =      1380.9057
 1-4 NB =       464.4517  1-4 EEL =      6378.9247  VDWAALS    =      4916.6885
 EELEC  =    -58571.3789  EHBOND  =         0.0000  RESTRAINT  =         0.0000
 EKCMT  =         0.0000  VIRIAL  =         0.0000  VOLUME     =    145702.1224
                                                    Density    =         1.0303
 ------------------------------------------------------------------------------


 NSTEP =     1650   TIME(PS) =      23.300  TEMP(K) =   301.79  PRESS =     0.0
 Etot   =    -34980.1161  EKtot   =      9145.2803  EPtot      =    -44125.3963
 BOND   =       334.1686  ANGLE   =      1065.5559  DIHED      =      1359.8515
 1-4 NB =       446.2286  1-4 EEL =      6381.2457  VDWAALS    =      4803.7299
 EELEC  =    -58516.1765  EHBOND  =         0.0000  RESTRAINT  =         0.0000
 EKCMT  =         0.0000  VIRIAL  =         0.0000  VOLUME     =    145702.1224
                                                    Density    =         1.0303
 ------------------------------------------------------------------------------


 NSTEP =     1700   TIME(PS) =      23.400  TEMP(K) =   300.28  PRESS =     0.0
 Etot   =    -35008.9875  EKtot   =      9099.6768  EPtot      =    -44108.6643
 BOND   =       340.2420  ANGLE   =      1065.1868  DIHED      =      1388.6266
 1-4 NB =       443.7925  1-4 EEL =      6359.6103  VDWAALS    =      4935.7715
 EELEC  =    -58641.8940  EHBOND  =         0.0000  RESTRAINT  =         0.0000
 EKCMT  =         0.0000  VIRIAL  =         0.0000  VOLUME     =    145702.1224
                                                    Density    =         1.0303
 ------------------------------------------------------------------------------


 NSTEP =     1750   TIME(PS) =      23.500  TEMP(K) =   300.13  PRESS =     0.0
 Etot   =    -35020.0109  EKtot   =      9094.9648  EPtot      =    -44114.9758
 BOND   =       344.1565  ANGLE   =      1058.2644  DIHED      =      1370.4739
 1-4 NB =       453.3782  1-4 EEL =      6383.8209  VDWAALS    =      4936.2720
 EELEC  =    -58661.3418  EHBOND  =         0.0000  RESTRAINT  =         0.0000
 EKCMT  =         0.0000  VIRIAL  =         0.0000  VOLUME     =    145702.1224
                                                    Density    =         1.0303
 ------------------------------------------------------------------------------


 NSTEP =     1800   TIME(PS) =      23.600  TEMP(K) =   303.13  PRESS =     0.0
 Etot   =    -34925.9775  EKtot   =      9186.0078  EPtot      =    -44111.9853
 BOND   =       364.6877  ANGLE   =      1022.2913  DIHED      =      1399.7247
 1-4 NB =       453.0947  1-4 EEL =      6355.2478  VDWAALS    =      4857.9359
 EELEC  =    -58564.9675  EHBOND  =         0.0000  RESTRAINT  =         0.0000
 EKCMT  =         0.0000  VIRIAL  =         0.0000  VOLUME     =    145702.1224
                                                    Density    =         1.0303
 ------------------------------------------------------------------------------


 NSTEP =     1850   TIME(PS) =      23.700  TEMP(K) =   299.09  PRESS =     0.0
 Etot   =    -35037.3889  EKtot   =      9063.4727  EPtot      =    -44100.8616
 BOND   =       361.0480  ANGLE   =      1084.6560  DIHED      =      1364.2782
 1-4 NB =       432.7163  1-4 EEL =      6341.3294  VDWAALS    =      4878.7607
 EELEC  =    -58563.6503  EHBOND  =         0.0000  RESTRAINT  =         0.0000
 EKCMT  =         0.0000  VIRIAL  =         0.0000  VOLUME     =    145702.1224
                                                    Density    =         1.0303
 ------------------------------------------------------------------------------


 NSTEP =     1900   TIME(PS) =      23.800  TEMP(K) =   297.90  PRESS =     0.0
 Etot   =    -35105.2011  EKtot   =      9027.5645  EPtot      =    -44132.7655
 BOND   =       355.4383  ANGLE   =      1047.7775  DIHED      =      1382.3098
 1-4 NB =       447.0728  1-4 EEL =      6359.2985  VDWAALS    =      4839.2202
 EELEC  =    -58563.8826  EHBOND  =         0.0000  RESTRAINT  =         0.0000
 EKCMT  =         0.0000  VIRIAL  =         0.0000  VOLUME     =    145702.1224
                                                    Density    =         1.0303
 ------------------------------------------------------------------------------


 NSTEP =     1950   TIME(PS) =      23.900  TEMP(K) =   301.56  PRESS =     0.0
 Etot   =    -34998.5970  EKtot   =      9138.4551  EPtot      =    -44137.0520
 BOND   =       381.9974  ANGLE   =      1071.8011  DIHED      =      1367.2225
 1-4 NB =       444.7806  1-4 EEL =      6348.9308  VDWAALS    =      4939.4702
 EELEC  =    -58691.2546  EHBOND  =         0.0000  RESTRAINT  =         0.0000
 EKCMT  =         0.0000  VIRIAL  =         0.0000  VOLUME     =    145702.1224
                                                    Density    =         1.0303
 ------------------------------------------------------------------------------

| MC Barostat: Decreasing size of volume moves

 NSTEP =     2000   TIME(PS) =      24.000  TEMP(K) =   300.82  PRESS =     0.0
 Etot   =    -34934.2219  EKtot   =      9115.8594  EPtot      =    -44050.0812
 BOND   =       361.7871  ANGLE   =      1114.2055  DIHED      =      1381.9566
 1-4 NB =       429.5493  1-4 EEL =      6357.0113  VDWAALS    =      4726.5785
 EELEC  =    -58421.1696  EHBOND  =         0.0000  RESTRAINT  =         0.0000
 EKCMT  =         0.0000  VIRIAL  =         0.0000  VOLUME     =    145702.1224
                                                    Density    =         1.0303
 ------------------------------------------------------------------------------


 NSTEP =     2050   TIME(PS) =      24.100  TEMP(K) =   299.21  PRESS =     0.0
 Etot   =    -35078.4927  EKtot   =      9067.0156  EPtot      =    -44145.5083
 BOND   =       354.2595  ANGLE   =      1087.6621  DIHED      =      1381.8274
 1-4 NB =       436.2229  1-4 EEL =      6356.5699  VDWAALS    =      4710.5795
 EELEC  =    -58472.6298  EHBOND  =         0.0000  RESTRAINT  =         0.0000
 EKCMT  =         0.0000  VIRIAL  =         0.0000  VOLUME     =    145702.1224
                                                    Density    =         1.0303
 ------------------------------------------------------------------------------


 NSTEP =     2100   TIME(PS) =      24.200  TEMP(K) =   297.03  PRESS =     0.0
 Etot   =    -35030.3713  EKtot   =      9000.9814  EPtot      =    -44031.3527
 BOND   =       333.4058  ANGLE   =      1077.5819  DIHED      =      1385.7491
 1-4 NB =       445.5357  1-4 EEL =      6374.8360  VDWAALS    =      4980.4711
 EELEC  =    -58628.9323  EHBOND  =         0.0000  RESTRAINT  =         0.0000
 EKCMT  =         0.0000  VIRIAL  =         0.0000  VOLUME     =    145702.1224
                                                    Density    =         1.0303
 ------------------------------------------------------------------------------


 NSTEP =     2150   TIME(PS) =      24.300  TEMP(K) =   302.63  PRESS =     0.0
 Etot   =    -34982.2338  EKtot   =      9170.9141  EPtot      =    -44153.1479
 BOND   =       379.8739  ANGLE   =      1080.5772  DIHED      =      1350.0733
 1-4 NB =       441.9196  1-4 EEL =      6378.7436  VDWAALS    =      5071.2390
 EELEC  =    -58855.5746  EHBOND  =         0.0000  RESTRAINT  =         0.0000
 EKCMT  =         0.0000  VIRIAL  =         0.0000  VOLUME     =    145702.1224
                                                    Density    =         1.0303
 ------------------------------------------------------------------------------


 NSTEP =     2200   TIME(PS) =      24.400  TEMP(K) =   298.05  PRESS =     0.0
 Etot   =    -35018.3405  EKtot   =      9031.9277  EPtot      =    -44050.2682
 BOND   =       394.7269  ANGLE   =      1104.9222  DIHED      =      1363.8721
 1-4 NB =       430.7070  1-4 EEL =      6363.1465  VDWAALS    =      4892.4155
 EELEC  =    -58600.0583  EHBOND  =         0.0000  RESTRAINT  =         0.0000
 EKCMT  =         0.0000  VIRIAL  =         0.0000  VOLUME     =    145702.1224
                                                    Density    =         1.0303
 ------------------------------------------------------------------------------


 NSTEP =     2250   TIME(PS) =      24.500  TEMP(K) =   304.11  PRESS =     0.0
 Etot   =    -34911.4471  EKtot   =      9215.7314  EPtot      =    -44127.1785
 BOND   =       357.8264  ANGLE   =      1083.5724  DIHED      =      1384.5695
 1-4 NB =       443.6070  1-4 EEL =      6335.1842  VDWAALS    =      4958.2131
 EELEC  =    -58690.1511  EHBOND  =         0.0000  RESTRAINT  =         0.0000
 EKCMT  =         0.0000  VIRIAL  =         0.0000  VOLUME     =    145702.1224
                                                    Density    =         1.0303
 ------------------------------------------------------------------------------


 NSTEP =     2300   TIME(PS) =      24.600  TEMP(K) =   301.51  PRESS =     0.0
 Etot   =    -34940.3704  EKtot   =      9136.9775  EPtot      =    -44077.3480
 BOND   =       355.9808  ANGLE   =      1086.6905  DIHED      =      1369.4376
 1-4 NB =       439.1921  1-4 EEL =      6356.3914  VDWAALS    =      4940.5396
 EELEC  =    -58625.5799  EHBOND  =         0.0000  RESTRAINT  =         0.0000
 EKCMT  =         0.0000  VIRIAL  =         0.0000  VOLUME     =    145702.1224
                                                    Density    =         1.0303
 ------------------------------------------------------------------------------


 NSTEP =     2350   TIME(PS) =      24.700  TEMP(K) =   296.62  PRESS =     0.0
 Etot   =    -35155.4747  EKtot   =      8988.7959  EPtot      =    -44144.2706
 BOND   =       353.4174  ANGLE   =      1060.7201  DIHED      =      1362.1479
 1-4 NB =       453.6301  1-4 EEL =      6367.0821  VDWAALS    =      4845.6184
 EELEC  =    -58586.8866  EHBOND  =         0.0000  RESTRAINT  =         0.0000
 EKCMT  =         0.0000  VIRIAL  =         0.0000  VOLUME     =    145702.1224
                                                    Density    =         1.0303
 ------------------------------------------------------------------------------


 NSTEP =     2400   TIME(PS) =      24.800  TEMP(K) =   301.84  PRESS =     0.0
 Etot   =    -34972.2979  EKtot   =      9146.8398  EPtot      =    -44119.1377
 BOND   =       336.3243  ANGLE   =      1081.8377  DIHED      =      1376.5282
 1-4 NB =       443.7719  1-4 EEL =      6347.4816  VDWAALS    =      4791.7129
 EELEC  =    -58496.7942  EHBOND  =         0.0000  RESTRAINT  =         0.0000
 EKCMT  =         0.0000  VIRIAL  =         0.0000  VOLUME     =    145702.1224
                                                    Density    =         1.0303
 ------------------------------------------------------------------------------


 NSTEP =     2450   TIME(PS) =      24.900  TEMP(K) =   300.52  PRESS =     0.0
 Etot   =    -35052.9914  EKtot   =      9106.7910  EPtot      =    -44159.7824
 BOND   =       347.3545  ANGLE   =      1108.5672  DIHED      =      1368.4748
 1-4 NB =       439.1601  1-4 EEL =      6384.9557  VDWAALS    =      4994.9287
 EELEC  =    -58803.2234  EHBOND  =         0.0000  RESTRAINT  =         0.0000
 EKCMT  =         0.0000  VIRIAL  =         0.0000  VOLUME     =    145702.1224
                                                    Density    =         1.0303
 ------------------------------------------------------------------------------


 NSTEP =     2500   TIME(PS) =      25.000  TEMP(K) =   301.81  PRESS =     0.0
 Etot   =    -35026.6270  EKtot   =      9146.0840  EPtot      =    -44172.7110
 BOND   =       340.2968  ANGLE   =      1069.7861  DIHED      =      1366.1585
 1-4 NB =       457.8103  1-4 EEL =      6365.5790  VDWAALS    =      4726.9521
 EELEC  =    -58499.2938  EHBOND  =         0.0000  RESTRAINT  =         0.0000
 EKCMT  =         0.0000  VIRIAL  =         0.0000  VOLUME     =    145702.1224
                                                    Density    =         1.0303
 ------------------------------------------------------------------------------


 NSTEP =     2550   TIME(PS) =      25.100  TEMP(K) =   302.71  PRESS =     0.0
 Etot   =    -34969.3825  EKtot   =      9173.1084  EPtot      =    -44142.4909
 BOND   =       345.6939  ANGLE   =      1100.3667  DIHED      =      1385.4327
 1-4 NB =       445.2694  1-4 EEL =      6364.4655  VDWAALS    =      4774.3438
 EELEC  =    -58558.0629  EHBOND  =         0.0000  RESTRAINT  =         0.0000
 EKCMT  =         0.0000  VIRIAL  =         0.0000  VOLUME     =    145702.1224
                                                    Density    =         1.0303
 ------------------------------------------------------------------------------


 NSTEP =     2600   TIME(PS) =      25.200  TEMP(K) =   298.98  PRESS =     0.0
 Etot   =    -35023.1217  EKtot   =      9060.1611  EPtot      =    -44083.2828
 BOND   =       309.9352  ANGLE   =      1062.0873  DIHED      =      1403.2107
 1-4 NB =       442.9351  1-4 EEL =      6394.1085  VDWAALS    =      4874.6352
 EELEC  =    -58570.1949  EHBOND  =         0.0000  RESTRAINT  =         0.0000
 EKCMT  =         0.0000  VIRIAL  =         0.0000  VOLUME     =    145702.1224
                                                    Density    =         1.0303
 ------------------------------------------------------------------------------


 NSTEP =     2650   TIME(PS) =      25.300  TEMP(K) =   295.66  PRESS =     0.0
 Etot   =    -35059.1998  EKtot   =      8959.5020  EPtot      =    -44018.7017
 BOND   =       373.3142  ANGLE   =      1079.6132  DIHED      =      1353.4108
 1-4 NB =       446.4090  1-4 EEL =      6360.6083  VDWAALS    =      4876.2239
 EELEC  =    -58508.2810  EHBOND  =         0.0000  RESTRAINT  =         0.0000
 EKCMT  =         0.0000  VIRIAL  =         0.0000  VOLUME     =    145702.1224
                                                    Density    =         1.0303
 ------------------------------------------------------------------------------


 NSTEP =     2700   TIME(PS) =      25.400  TEMP(K) =   298.41  PRESS =     0.0
 Etot   =    -35050.9465  EKtot   =      9043.0674  EPtot      =    -44094.0139
 BOND   =       344.5054  ANGLE   =      1083.9433  DIHED      =      1357.4892
 1-4 NB =       451.2789  1-4 EEL =      6355.9253  VDWAALS    =      4820.0705
 EELEC  =    -58507.2265  EHBOND  =         0.0000  RESTRAINT  =         0.0000
 EKCMT  =         0.0000  VIRIAL  =         0.0000  VOLUME     =    145702.1224
                                                    Density    =         1.0303
 ------------------------------------------------------------------------------


 NSTEP =     2750   TIME(PS) =      25.500  TEMP(K) =   300.32  PRESS =     0.0
 Etot   =    -35090.1732  EKtot   =      9100.8311  EPtot      =    -44191.0043
 BOND   =       344.6302  ANGLE   =      1065.2707  DIHED      =      1384.0323
 1-4 NB =       454.9537  1-4 EEL =      6366.2656  VDWAALS    =      5010.4340
 EELEC  =    -58816.5908  EHBOND  =         0.0000  RESTRAINT  =         0.0000
 EKCMT  =         0.0000  VIRIAL  =         0.0000  VOLUME     =    145702.1224
                                                    Density    =         1.0303
 ------------------------------------------------------------------------------


 NSTEP =     2800   TIME(PS) =      25.600  TEMP(K) =   300.49  PRESS =     0.0
 Etot   =    -35046.7664  EKtot   =      9106.0205  EPtot      =    -44152.7869
 BOND   =       351.4483  ANGLE   =      1094.7013  DIHED      =      1387.9728
 1-4 NB =       455.4644  1-4 EEL =      6330.8990  VDWAALS    =      5080.4699
 EELEC  =    -58853.7426  EHBOND  =         0.0000  RESTRAINT  =         0.0000
 EKCMT  =         0.0000  VIRIAL  =         0.0000  VOLUME     =    145702.1224
                                                    Density    =         1.0303
 ------------------------------------------------------------------------------


 NSTEP =     2850   TIME(PS) =      25.700  TEMP(K) =   300.34  PRESS =     0.0
 Etot   =    -35072.0138  EKtot   =      9101.5576  EPtot      =    -44173.5714
 BOND   =       341.9820  ANGLE   =      1069.0207  DIHED      =      1383.2721
 1-4 NB =       455.9863  1-4 EEL =      6410.2371  VDWAALS    =      4944.9005
 EELEC  =    -58778.9699  EHBOND  =         0.0000  RESTRAINT  =         0.0000
 EKCMT  =         0.0000  VIRIAL  =         0.0000  VOLUME     =    145702.1224
                                                    Density    =         1.0303
 ------------------------------------------------------------------------------


 NSTEP =     2900   TIME(PS) =      25.800  TEMP(K) =   298.83  PRESS =     0.0
 Etot   =    -35099.9706  EKtot   =      9055.7344  EPtot      =    -44155.7050
 BOND   =       359.2591  ANGLE   =      1069.0698  DIHED      =      1397.6969
 1-4 NB =       458.6442  1-4 EEL =      6366.0894  VDWAALS    =      4966.6942
 EELEC  =    -58773.1587  EHBOND  =         0.0000  RESTRAINT  =         0.0000
 EKCMT  =         0.0000  VIRIAL  =         0.0000  VOLUME     =    145714.5410
                                                    Density    =         1.0302
 ------------------------------------------------------------------------------


 NSTEP =     2950   TIME(PS) =      25.900  TEMP(K) =   301.71  PRESS =     0.0
 Etot   =    -35027.9629  EKtot   =      9142.9062  EPtot      =    -44170.8691
 BOND   =       398.8739  ANGLE   =      1056.9144  DIHED      =      1369.7816
 1-4 NB =       432.8672  1-4 EEL =      6348.9549  VDWAALS    =      4991.9313
 EELEC  =    -58770.1924  EHBOND  =         0.0000  RESTRAINT  =         0.0000
 EKCMT  =         0.0000  VIRIAL  =         0.0000  VOLUME     =    145714.5410
                                                    Density    =         1.0302
 ------------------------------------------------------------------------------

| MC Barostat: Decreasing size of volume moves

 NSTEP =     3000   TIME(PS) =      26.000  TEMP(K) =   296.53  PRESS =     0.0
 Etot   =    -35142.5334  EKtot   =      8986.0576  EPtot      =    -44128.5910
 BOND   =       323.6086  ANGLE   =      1072.2113  DIHED      =      1371.7439
 1-4 NB =       456.5825  1-4 EEL =      6389.7811  VDWAALS    =      4935.2118
 EELEC  =    -58677.7302  EHBOND  =         0.0000  RESTRAINT  =         0.0000
 EKCMT  =         0.0000  VIRIAL  =         0.0000  VOLUME     =    145831.2020
                                                    Density    =         1.0294
 ------------------------------------------------------------------------------


 NSTEP =     3050   TIME(PS) =      26.100  TEMP(K) =   297.00  PRESS =     0.0
 Etot   =    -35243.1168  EKtot   =      9000.2969  EPtot      =    -44243.4136
 BOND   =       351.9826  ANGLE   =      1087.0738  DIHED      =      1348.4492
 1-4 NB =       445.8352  1-4 EEL =      6377.6057  VDWAALS    =      4918.3038
 EELEC  =    -58772.6640  EHBOND  =         0.0000  RESTRAINT  =         0.0000
 EKCMT  =         0.0000  VIRIAL  =         0.0000  VOLUME     =    145831.2020
                                                    Density    =         1.0294
 ------------------------------------------------------------------------------


 NSTEP =     3100   TIME(PS) =      26.200  TEMP(K) =   296.30  PRESS =     0.0
 Etot   =    -35133.8276  EKtot   =      8978.8740  EPtot      =    -44112.7016
 BOND   =       343.6867  ANGLE   =      1083.8011  DIHED      =      1360.3251
 1-4 NB =       458.3173  1-4 EEL =      6350.9608  VDWAALS    =      4833.8644
 EELEC  =    -58543.6569  EHBOND  =         0.0000  RESTRAINT  =         0.0000
 EKCMT  =         0.0000  VIRIAL  =         0.0000  VOLUME     =    145831.2020
                                                    Density    =         1.0294
 ------------------------------------------------------------------------------


 NSTEP =     3150   TIME(PS) =      26.300  TEMP(K) =   300.53  PRESS =     0.0
 Etot   =    -35035.8715  EKtot   =      9107.1445  EPtot      =    -44143.0161
 BOND   =       362.7698  ANGLE   =      1060.4774  DIHED      =      1362.0688
 1-4 NB =       446.7435  1-4 EEL =      6328.3288  VDWAALS    =      4847.3595
 EELEC  =    -58550.7639  EHBOND  =         0.0000  RESTRAINT  =         0.0000
 EKCMT  =         0.0000  VIRIAL  =         0.0000  VOLUME     =    145831.2020
                                                    Density    =         1.0294
 ------------------------------------------------------------------------------


 NSTEP =     3200   TIME(PS) =      26.400  TEMP(K) =   302.35  PRESS =     0.0
 Etot   =    -34909.6521  EKtot   =      9162.1738  EPtot      =    -44071.8259
 BOND   =       335.7075  ANGLE   =      1115.0511  DIHED      =      1366.1258
 1-4 NB =       451.2170  1-4 EEL =      6389.1369  VDWAALS    =      4922.0572
 EELEC  =    -58651.1214  EHBOND  =         0.0000  RESTRAINT  =         0.0000
 EKCMT  =         0.0000  VIRIAL  =         0.0000  VOLUME     =    145831.2020
                                                    Density    =         1.0294
 ------------------------------------------------------------------------------


 NSTEP =     3250   TIME(PS) =      26.500  TEMP(K) =   299.34  PRESS =     0.0
 Etot   =    -35051.7484  EKtot   =      9070.9580  EPtot      =    -44122.7064
 BOND   =       369.0233  ANGLE   =      1054.9789  DIHED      =      1375.0856
 1-4 NB =       438.5582  1-4 EEL =      6349.8001  VDWAALS    =      4927.7521
 EELEC  =    -58637.9046  EHBOND  =         0.0000  RESTRAINT  =         0.0000
 EKCMT  =         0.0000  VIRIAL  =         0.0000  VOLUME     =    145831.2020
                                                    Density    =         1.0294
 ------------------------------------------------------------------------------


 NSTEP =     3300   TIME(PS) =      26.600  TEMP(K) =   298.87  PRESS =     0.0
 Etot   =    -35087.2296  EKtot   =      9056.7207  EPtot      =    -44143.9503
 BOND   =       342.4531  ANGLE   =      1063.2269  DIHED      =      1375.3415
 1-4 NB =       446.5023  1-4 EEL =      6348.9053  VDWAALS    =      4704.6442
 EELEC  =    -58425.0237  EHBOND  =         0.0000  RESTRAINT  =         0.0000
 EKCMT  =         0.0000  VIRIAL  =         0.0000  VOLUME     =    146183.3653
                                                    Density    =         1.0269
 ------------------------------------------------------------------------------


 NSTEP =     3350   TIME(PS) =      26.700  TEMP(K) =   298.84  PRESS =     0.0
 Etot   =    -35135.0102  EKtot   =      9055.8174  EPtot      =    -44190.8276
 BOND   =       340.8521  ANGLE   =      1068.7852  DIHED      =      1386.9740
 1-4 NB =       436.8748  1-4 EEL =      6355.3371  VDWAALS    =      4875.7697
 EELEC  =    -58655.4206  EHBOND  =         0.0000  RESTRAINT  =         0.0000
 EKCMT  =         0.0000  VIRIAL  =         0.0000  VOLUME     =    146183.3653
                                                    Density    =         1.0269
 ------------------------------------------------------------------------------


 NSTEP =     3400   TIME(PS) =      26.800  TEMP(K) =   301.24  PRESS =     0.0
 Etot   =    -34976.4292  EKtot   =      9128.6455  EPtot      =    -44105.0747
 BOND   =       349.2780  ANGLE   =      1042.6082  DIHED      =      1391.2352
 1-4 NB =       451.8627  1-4 EEL =      6370.4195  VDWAALS    =      4944.1167
 EELEC  =    -58654.5951  EHBOND  =         0.0000  RESTRAINT  =         0.0000
 EKCMT  =         0.0000  VIRIAL  =         0.0000  VOLUME     =    146183.3653
                                                    Density    =         1.0269
 ------------------------------------------------------------------------------


 NSTEP =     3450   TIME(PS) =      26.900  TEMP(K) =   298.81  PRESS =     0.0
 Etot   =    -35036.3935  EKtot   =      9055.1572  EPtot      =    -44091.5507
 BOND   =       355.0984  ANGLE   =      1121.6100  DIHED      =      1364.8652
 1-4 NB =       441.2055  1-4 EEL =      6349.9512  VDWAALS    =      4814.4030
 EELEC  =    -58538.6840  EHBOND  =         0.0000  RESTRAINT  =         0.0000
 EKCMT  =         0.0000  VIRIAL  =         0.0000  VOLUME     =    146183.3653
                                                    Density    =         1.0269
 ------------------------------------------------------------------------------


 NSTEP =     3500   TIME(PS) =      27.000  TEMP(K) =   296.08  PRESS =     0.0
 Etot   =    -35128.7892  EKtot   =      8972.1914  EPtot      =    -44100.9806
 BOND   =       352.1973  ANGLE   =      1060.5448  DIHED      =      1359.2806
 1-4 NB =       429.3185  1-4 EEL =      6377.3197  VDWAALS    =      4808.8430
 EELEC  =    -58488.4845  EHBOND  =         0.0000  RESTRAINT  =         0.0000
 EKCMT  =         0.0000  VIRIAL  =         0.0000  VOLUME     =    146183.3653
                                                    Density    =         1.0269
 ------------------------------------------------------------------------------


 NSTEP =     3550   TIME(PS) =      27.100  TEMP(K) =   297.48  PRESS =     0.0
 Etot   =    -35071.3038  EKtot   =      9014.8369  EPtot      =    -44086.1407
 BOND   =       382.0388  ANGLE   =      1040.4318  DIHED      =      1358.2778
 1-4 NB =       443.9012  1-4 EEL =      6360.7141  VDWAALS    =      4816.0840
 EELEC  =    -58487.5884  EHBOND  =         0.0000  RESTRAINT  =         0.0000
 EKCMT  =         0.0000  VIRIAL  =         0.0000  VOLUME     =    146183.3653
                                                    Density    =         1.0269
 ------------------------------------------------------------------------------


 NSTEP =     3600   TIME(PS) =      27.200  TEMP(K) =   301.07  PRESS =     0.0
 Etot   =    -35023.7855  EKtot   =      9123.6621  EPtot      =    -44147.4476
 BOND   =       327.7311  ANGLE   =      1089.9417  DIHED      =      1364.2037
 1-4 NB =       448.4310  1-4 EEL =      6386.2700  VDWAALS    =      4933.6430
 EELEC  =    -58697.6681  EHBOND  =         0.0000  RESTRAINT  =         0.0000
 EKCMT  =         0.0000  VIRIAL  =         0.0000  VOLUME     =    146183.3653
                                                    Density    =         1.0269
 ------------------------------------------------------------------------------


 NSTEP =     3650   TIME(PS) =      27.300  TEMP(K) =   296.05  PRESS =     0.0
 Etot   =    -35104.7654  EKtot   =      8971.4404  EPtot      =    -44076.2058
 BOND   =       335.1407  ANGLE   =      1061.3273  DIHED      =      1362.7103
 1-4 NB =       458.7237  1-4 EEL =      6375.3515  VDWAALS    =      4883.0666
 EELEC  =    -58552.5259  EHBOND  =         0.0000  RESTRAINT  =         0.0000
 EKCMT  =         0.0000  VIRIAL  =         0.0000  VOLUME     =    146183.3653
                                                    Density    =         1.0269
 ------------------------------------------------------------------------------


 NSTEP =     3700   TIME(PS) =      27.400  TEMP(K) =   300.67  PRESS =     0.0
 Etot   =    -34939.4540  EKtot   =      9111.4170  EPtot      =    -44050.8710
 BOND   =       363.7389  ANGLE   =      1049.0514  DIHED      =      1372.7138
 1-4 NB =       451.0910  1-4 EEL =      6369.5272  VDWAALS    =      4952.9915
 EELEC  =    -58609.9848  EHBOND  =         0.0000  RESTRAINT  =         0.0000
 EKCMT  =         0.0000  VIRIAL  =         0.0000  VOLUME     =    146183.3653
                                                    Density    =         1.0269
 ------------------------------------------------------------------------------


 NSTEP =     3750   TIME(PS) =      27.500  TEMP(K) =   300.12  PRESS =     0.0
 Etot   =    -34960.2797  EKtot   =      9094.7383  EPtot      =    -44055.0180
 BOND   =       375.1806  ANGLE   =      1073.3735  DIHED      =      1372.3718
 1-4 NB =       426.5076  1-4 EEL =      6342.2236  VDWAALS    =      4906.1994
 EELEC  =    -58550.8745  EHBOND  =         0.0000  RESTRAINT  =         0.0000
 EKCMT  =         0.0000  VIRIAL  =         0.0000  VOLUME     =    146183.3653
                                                    Density    =         1.0269
 ------------------------------------------------------------------------------


 NSTEP =     3800   TIME(PS) =      27.600  TEMP(K) =   301.88  PRESS =     0.0
 Etot   =    -35011.6886  EKtot   =      9148.0752  EPtot      =    -44159.7638
 BOND   =       350.5697  ANGLE   =      1094.3317  DIHED      =      1374.8438
 1-4 NB =       448.2947  1-4 EEL =      6349.1880  VDWAALS    =      4819.7042
 EELEC  =    -58596.6959  EHBOND  =         0.0000  RESTRAINT  =         0.0000
 EKCMT  =         0.0000  VIRIAL  =         0.0000  VOLUME     =    146183.3653
                                                    Density    =         1.0269
 ------------------------------------------------------------------------------


 NSTEP =     3850   TIME(PS) =      27.700  TEMP(K) =   301.40  PRESS =     0.0
 Etot   =    -34876.9428  EKtot   =      9133.4541  EPtot      =    -44010.3969
 BOND   =       379.5655  ANGLE   =      1102.6937  DIHED      =      1374.0344
 1-4 NB =       440.0109  1-4 EEL =      6414.9554  VDWAALS    =      4904.5993
 EELEC  =    -58626.2562  EHBOND  =         0.0000  RESTRAINT  =         0.0000
 EKCMT  =         0.0000  VIRIAL  =         0.0000  VOLUME     =    146183.3653
                                                    Density    =         1.0269
 ------------------------------------------------------------------------------


 NSTEP =     3900   TIME(PS) =      27.800  TEMP(K) =   297.06  PRESS =     0.0
 Etot   =    -35079.3462  EKtot   =      9002.0293  EPtot      =    -44081.3755
 BOND   =       345.6391  ANGLE   =      1083.6482  DIHED      =      1368.6798
 1-4 NB =       440.8210  1-4 EEL =      6357.8171  VDWAALS    =      4966.0171
 EELEC  =    -58643.9978  EHBOND  =         0.0000  RESTRAINT  =         0.0000
 EKCMT  =         0.0000  VIRIAL  =         0.0000  VOLUME     =    146183.3653
                                                    Density    =         1.0269
 ------------------------------------------------------------------------------


 NSTEP =     3950   TIME(PS) =      27.900  TEMP(K) =   295.31  PRESS =     0.0
 Etot   =    -35076.2316  EKtot   =      8949.0156  EPtot      =    -44025.2472
 BOND   =       323.1965  ANGLE   =      1102.2716  DIHED      =      1383.8733
 1-4 NB =       448.8895  1-4 EEL =      6395.0477  VDWAALS    =      4908.8230
 EELEC  =    -58587.3488  EHBOND  =         0.0000  RESTRAINT  =         0.0000
 EKCMT  =         0.0000  VIRIAL  =         0.0000  VOLUME     =    146183.3653
                                                    Density    =         1.0269
 ------------------------------------------------------------------------------

| MC Barostat: Decreasing size of volume moves

 NSTEP =     4000   TIME(PS) =      28.000  TEMP(K) =   299.00  PRESS =     0.0
 Etot   =    -34963.5381  EKtot   =      9060.9346  EPtot      =    -44024.4726
 BOND   =       334.1786  ANGLE   =      1075.8194  DIHED      =      1355.3590
 1-4 NB =       461.9566  1-4 EEL =      6398.2789  VDWAALS    =      4875.7972
 EELEC  =    -58525.8624  EHBOND  =         0.0000  RESTRAINT  =         0.0000
 EKCMT  =         0.0000  VIRIAL  =         0.0000  VOLUME     =    146183.3653
                                                    Density    =         1.0269
 ------------------------------------------------------------------------------


 NSTEP =     4050   TIME(PS) =      28.100  TEMP(K) =   302.14  PRESS =     0.0
 Etot   =    -34803.1726  EKtot   =      9155.9629  EPtot      =    -43959.1355
 BOND   =       373.9958  ANGLE   =      1090.1013  DIHED      =      1375.3293
 1-4 NB =       434.1336  1-4 EEL =      6381.9331  VDWAALS    =      4933.1950
 EELEC  =    -58547.8236  EHBOND  =         0.0000  RESTRAINT  =         0.0000
 EKCMT  =         0.0000  VIRIAL  =         0.0000  VOLUME     =    146183.3653
                                                    Density    =         1.0269
 ------------------------------------------------------------------------------


 NSTEP =     4100   TIME(PS) =      28.200  TEMP(K) =   296.59  PRESS =     0.0
 Etot   =    -34874.2396  EKtot   =      8987.9043  EPtot      =    -43862.1439
 BOND   =       376.2445  ANGLE   =      1086.9505  DIHED      =      1356.0506
 1-4 NB =       449.0351  1-4 EEL =      6354.6376  VDWAALS    =      4803.1685
 EELEC  =    -58288.2306  EHBOND  =         0.0000  RESTRAINT  =         0.0000
 EKCMT  =         0.0000  VIRIAL  =         0.0000  VOLUME     =    146183.3653
                                                    Density    =         1.0269
 ------------------------------------------------------------------------------


 NSTEP =     4150   TIME(PS) =      28.300  TEMP(K) =   298.22  PRESS =     0.0
 Etot   =    -34865.1534  EKtot   =      9037.2188  EPtot      =    -43902.3722
 BOND   =       355.3586  ANGLE   =      1123.8274  DIHED      =      1359.9281
 1-4 NB =       440.6098  1-4 EEL =      6370.7877  VDWAALS    =      4869.9833
 EELEC  =    -58422.8671  EHBOND  =         0.0000  RESTRAINT  =         0.0000
 EKCMT  =         0.0000  VIRIAL  =         0.0000  VOLUME     =    146183.3653
                                                    Density    =         1.0269
 ------------------------------------------------------------------------------


 NSTEP =     4200   TIME(PS) =      28.400  TEMP(K) =   299.30  PRESS =     0.0
 Etot   =    -34908.2417  EKtot   =      9070.0371  EPtot      =    -43978.2789
 BOND   =       337.9443  ANGLE   =      1072.9705  DIHED      =      1343.6632
 1-4 NB =       447.1081  1-4 EEL =      6384.4775  VDWAALS    =      4754.3068
 EELEC  =    -58318.7493  EHBOND  =         0.0000  RESTRAINT  =         0.0000
 EKCMT  =         0.0000  VIRIAL  =         0.0000  VOLUME     =    146183.3653
                                                    Density    =         1.0269
 ------------------------------------------------------------------------------


 NSTEP =     4250   TIME(PS) =      28.500  TEMP(K) =   296.11  PRESS =     0.0
 Etot   =    -34919.5627  EKtot   =      8973.0996  EPtot      =    -43892.6623
 BOND   =       367.4054  ANGLE   =      1077.6747  DIHED      =      1391.9178
 1-4 NB =       435.0072  1-4 EEL =      6362.5660  VDWAALS    =      4708.3524
 EELEC  =    -58235.5858  EHBOND  =         0.0000  RESTRAINT  =         0.0000
 EKCMT  =         0.0000  VIRIAL  =         0.0000  VOLUME     =    146183.3653
                                                    Density    =         1.0269
 ------------------------------------------------------------------------------


 NSTEP =     4300   TIME(PS) =      28.600  TEMP(K) =   303.08  PRESS =     0.0
 Etot   =    -34837.0900  EKtot   =      9184.2988  EPtot      =    -44021.3889
 BOND   =       369.3753  ANGLE   =      1027.1691  DIHED      =      1370.8205
 1-4 NB =       439.6556  1-4 EEL =      6387.3097  VDWAALS    =      5021.2793
 EELEC  =    -58636.9985  EHBOND  =         0.0000  RESTRAINT  =         0.0000
 EKCMT  =         0.0000  VIRIAL  =         0.0000  VOLUME     =    146183.3653
                                                    Density    =         1.0269
 ------------------------------------------------------------------------------


 NSTEP =     4350   TIME(PS) =      28.700  TEMP(K) =   303.37  PRESS =     0.0
 Etot   =    -34877.4665  EKtot   =      9193.1768  EPtot      =    -44070.6433
 BOND   =       365.9577  ANGLE   =      1072.7352  DIHED      =      1382.6801
 1-4 NB =       434.9800  1-4 EEL =      6347.8368  VDWAALS    =      5008.5225
 EELEC  =    -58683.3555  EHBOND  =         0.0000  RESTRAINT  =         0.0000
 EKCMT  =         0.0000  VIRIAL  =         0.0000  VOLUME     =    146183.3653
                                                    Density    =         1.0269
 ------------------------------------------------------------------------------


 NSTEP =     4400   TIME(PS) =      28.800  TEMP(K) =   299.74  PRESS =     0.0
 Etot   =    -34961.8853  EKtot   =      9083.2881  EPtot      =    -44045.1734
 BOND   =       364.4482  ANGLE   =      1059.4069  DIHED      =      1362.3582
 1-4 NB =       429.4361  1-4 EEL =      6364.4026  VDWAALS    =      4734.6204
 EELEC  =    -58359.8458  EHBOND  =         0.0000  RESTRAINT  =         0.0000
 EKCMT  =         0.0000  VIRIAL  =         0.0000  VOLUME     =    146465.0614
                                                    Density    =         1.0249
 ------------------------------------------------------------------------------


 NSTEP =     4450   TIME(PS) =      28.900  TEMP(K) =   298.29  PRESS =     0.0
 Etot   =    -35137.4611  EKtot   =      9039.4121  EPtot      =    -44176.8732
 BOND   =       339.2598  ANGLE   =      1066.2485  DIHED      =      1354.0702
 1-4 NB =       427.0326  1-4 EEL =      6354.7498  VDWAALS    =      4785.8350
 EELEC  =    -58504.0690  EHBOND  =         0.0000  RESTRAINT  =         0.0000
 EKCMT  =         0.0000  VIRIAL  =         0.0000  VOLUME     =    146465.0614
                                                    Density    =         1.0249
 ------------------------------------------------------------------------------


 NSTEP =     4500   TIME(PS) =      29.000  TEMP(K) =   297.03  PRESS =     0.0
 Etot   =    -35039.6823  EKtot   =      9001.0996  EPtot      =    -44040.7819
 BOND   =       355.0166  ANGLE   =      1093.8692  DIHED      =      1360.6566
 1-4 NB =       456.6528  1-4 EEL =      6401.9344  VDWAALS    =      4903.2277
 EELEC  =    -58612.1391  EHBOND  =         0.0000  RESTRAINT  =         0.0000
 EKCMT  =         0.0000  VIRIAL  =         0.0000  VOLUME     =    146557.9502
                                                    Density    =         1.0243
 ------------------------------------------------------------------------------


 NSTEP =     4550   TIME(PS) =      29.100  TEMP(K) =   297.30  PRESS =     0.0
 Etot   =    -35031.1181  EKtot   =      9009.4346  EPtot      =    -44040.5526
 BOND   =       369.9227  ANGLE   =      1047.8750  DIHED      =      1352.4532
 1-4 NB =       441.1889  1-4 EEL =      6399.2989  VDWAALS    =      4654.8389
 EELEC  =    -58306.1303  EHBOND  =         0.0000  RESTRAINT  =         0.0000
 EKCMT  =         0.0000  VIRIAL  =         0.0000  VOLUME     =    146557.9502
                                                    Density    =         1.0243
 ------------------------------------------------------------------------------


 NSTEP =     4600   TIME(PS) =      29.200  TEMP(K) =   298.00  PRESS =     0.0
 Etot   =    -35089.4956  EKtot   =      9030.5820  EPtot      =    -44120.0776
 BOND   =       336.7769  ANGLE   =      1044.0929  DIHED      =      1374.1400
 1-4 NB =       451.0920  1-4 EEL =      6414.6718  VDWAALS    =      4984.4945
 EELEC  =    -58725.3456  EHBOND  =         0.0000  RESTRAINT  =         0.0000
 EKCMT  =         0.0000  VIRIAL  =         0.0000  VOLUME     =    146557.9502
                                                    Density    =         1.0243
 ------------------------------------------------------------------------------


 NSTEP =     4650   TIME(PS) =      29.300  TEMP(K) =   296.84  PRESS =     0.0
 Etot   =    -35130.3828  EKtot   =      8995.3262  EPtot      =    -44125.7089
 BOND   =       356.7246  ANGLE   =      1091.5811  DIHED      =      1385.2229
 1-4 NB =       423.8592  1-4 EEL =      6334.5790  VDWAALS    =      4914.4919
 EELEC  =    -58632.1677  EHBOND  =         0.0000  RESTRAINT  =         0.0000
 EKCMT  =         0.0000  VIRIAL  =         0.0000  VOLUME     =    146557.9502
                                                    Density    =         1.0243
 ------------------------------------------------------------------------------


 NSTEP =     4700   TIME(PS) =      29.400  TEMP(K) =   299.87  PRESS =     0.0
 Etot   =    -35101.2555  EKtot   =      9087.1836  EPtot      =    -44188.4391
 BOND   =       357.6225  ANGLE   =      1108.8461  DIHED      =      1385.6722
 1-4 NB =       436.8032  1-4 EEL =      6353.8625  VDWAALS    =      4951.2482
 EELEC  =    -58782.4938  EHBOND  =         0.0000  RESTRAINT  =         0.0000
 EKCMT  =         0.0000  VIRIAL  =         0.0000  VOLUME     =    146419.4847
                                                    Density    =         1.0253
 ------------------------------------------------------------------------------


 NSTEP =     4750   TIME(PS) =      29.500  TEMP(K) =   300.35  PRESS =     0.0
 Etot   =    -34904.3460  EKtot   =      9101.7227  EPtot      =    -44006.0687
 BOND   =       362.6845  ANGLE   =      1063.9245  DIHED      =      1368.3036
 1-4 NB =       453.2722  1-4 EEL =      6366.0114  VDWAALS    =      4960.5588
 EELEC  =    -58580.8237  EHBOND  =         0.0000  RESTRAINT  =         0.0000
 EKCMT  =         0.0000  VIRIAL  =         0.0000  VOLUME     =    146419.4847
                                                    Density    =         1.0253
 ------------------------------------------------------------------------------


 NSTEP =     4800   TIME(PS) =      29.600  TEMP(K) =   300.95  PRESS =     0.0
 Etot   =    -34841.6236  EKtot   =      9119.9414  EPtot      =    -43961.5650
 BOND   =       365.2244  ANGLE   =      1078.9664  DIHED      =      1367.0861
 1-4 NB =       450.7057  1-4 EEL =      6350.3255  VDWAALS    =      4793.2313
 EELEC  =    -58367.1044  EHBOND  =         0.0000  RESTRAINT  =         0.0000
 EKCMT  =         0.0000  VIRIAL  =         0.0000  VOLUME     =    146419.4847
                                                    Density    =         1.0253
 ------------------------------------------------------------------------------


 NSTEP =     4850   TIME(PS) =      29.700  TEMP(K) =   304.04  PRESS =     0.0
 Etot   =    -34881.9404  EKtot   =      9213.5059  EPtot      =    -44095.4462
 BOND   =       354.4209  ANGLE   =      1081.5594  DIHED      =      1363.7216
 1-4 NB =       441.8508  1-4 EEL =      6351.4914  VDWAALS    =      4825.6937
 EELEC  =    -58514.1841  EHBOND  =         0.0000  RESTRAINT  =         0.0000
 EKCMT  =         0.0000  VIRIAL  =         0.0000  VOLUME     =    146419.4847
                                                    Density    =         1.0253
 ------------------------------------------------------------------------------


 NSTEP =     4900   TIME(PS) =      29.800  TEMP(K) =   298.58  PRESS =     0.0
 Etot   =    -34968.8218  EKtot   =      9048.0840  EPtot      =    -44016.9057
 BOND   =       354.9232  ANGLE   =      1049.8533  DIHED      =      1351.8001
 1-4 NB =       452.5247  1-4 EEL =      6362.8164  VDWAALS    =      4868.2034
 EELEC  =    -58457.0268  EHBOND  =         0.0000  RESTRAINT  =         0.0000
 EKCMT  =         0.0000  VIRIAL  =         0.0000  VOLUME     =    146731.2407
                                                    Density    =         1.0231
 ------------------------------------------------------------------------------


 NSTEP =     4950   TIME(PS) =      29.900  TEMP(K) =   297.21  PRESS =     0.0
 Etot   =    -34915.8247  EKtot   =      9006.6562  EPtot      =    -43922.4809
 BOND   =       367.3160  ANGLE   =      1058.6200  DIHED      =      1365.3014
 1-4 NB =       431.4223  1-4 EEL =      6359.8932  VDWAALS    =      4782.0454
 EELEC  =    -58287.0793  EHBOND  =         0.0000  RESTRAINT  =         0.0000
 EKCMT  =         0.0000  VIRIAL  =         0.0000  VOLUME     =    146731.2407
                                                    Density    =         1.0231
 ------------------------------------------------------------------------------


 NSTEP =     5000   TIME(PS) =      30.000  TEMP(K) =   294.42  PRESS =     0.0
 Etot   =    -35043.2226  EKtot   =      8922.0117  EPtot      =    -43965.2343
 BOND   =       334.8291  ANGLE   =      1089.3127  DIHED      =      1359.4462
 1-4 NB =       445.7518  1-4 EEL =      6381.5009  VDWAALS    =      4837.5109
 EELEC  =    -58413.5859  EHBOND  =         0.0000  RESTRAINT  =         0.0000
 EKCMT  =         0.0000  VIRIAL  =         0.0000  VOLUME     =    146731.2407
                                                    Density    =         1.0231
 ------------------------------------------------------------------------------


      A V E R A G E S   O V E R     100 S T E P S


 NSTEP =     5000   TIME(PS) =      30.000  TEMP(K) =   299.40  PRESS =     0.0
 Etot   =    -35034.3781  EKtot   =      9072.9117  EPtot      =    -44107.2897
 BOND   =       355.1538  ANGLE   =      1077.0971  DIHED      =      1369.7296
 1-4 NB =       444.9618  1-4 EEL =      6365.7248  VDWAALS    =      4897.6118
 EELEC  =    -58617.5687  EHBOND  =         0.0000  RESTRAINT  =         0.0000
 EKCMT  =         0.0000  VIRIAL  =         0.0000  VOLUME     =    145925.5395
                                                    Density    =         1.0287
 ------------------------------------------------------------------------------


      R M S  F L U C T U A T I O N S


 NSTEP =     5000   TIME(PS) =      30.000  TEMP(K) =     2.24  PRESS =     0.0
 Etot   =        95.4264  EKtot   =        67.8355  EPtot      =        86.0999
 BOND   =        16.0544  ANGLE   =        21.0120  DIHED      =        13.2564
 1-4 NB =         8.9132  1-4 EEL =        21.3142  VDWAALS    =       100.8599
 EELEC  =       153.8763  EHBOND  =         0.0000  RESTRAINT  =         0.0000
 EKCMT  =         0.0000  VIRIAL  =         0.0000  VOLUME     =       308.8018
                                                    Density    =         0.0022
 ------------------------------------------------------------------------------

| MC Barostat:         50 volume changes attempted.
| MC Barostat:          8 changes successful ( 16.00%)
 ------------------------------------------------------------------------------

--------------------------------------------------------------------------------
   5.  TIMINGS
--------------------------------------------------------------------------------

|  NonSetup CPU Time in Major Routines:
|
|     Routine           Sec        %
|     ------------------------------
|     Nonbond           0.67   24.93
|     Bond              0.00    0.00
|     Angle             0.00    0.00
|     Dihedral          0.00    0.00
|     Shake             0.03    1.04
|     RunMD             1.94   72.57
|     Other             0.04    1.46
|     ------------------------------
|     Total             2.67

|  PME Nonbond Pairlist CPU Time:
|
|     Routine              Sec        %
|     ---------------------------------
|     Set Up Cit           0.00    0.00
|     Build List           0.00    0.00
|     ---------------------------------
|     Total                0.00    0.00

|  PME Direct Force CPU Time:
|
|     Routine              Sec        %
|     ---------------------------------
|     NonBonded Calc       0.00    0.00
|     Exclude Masked       0.00    0.00
|     Other                0.01    0.35
|     ---------------------------------
|     Total                0.01    0.35

|  PME Reciprocal Force CPU Time:
|
|     Routine              Sec        %
|     ---------------------------------
|     1D bspline           0.00    0.00
|     Grid Charges         0.00    0.00
|     Scalar Sum           0.00    0.00
|     Gradient Sum         0.00    0.00
|     FFT                  0.00    0.00
|     ---------------------------------
|     Total                0.00    0.00

|  Final Performance Info:
|     -----------------------------------------------------
|     Average timings for last    4950 steps:
|     Elapsed(s) =       2.66 Per Step(ms) =       0.54
|         ns/day =     321.02   seconds/ns =     269.14
|
|     Average timings for all steps:
|     Elapsed(s) =       2.68 Per Step(ms) =       0.54
|         ns/day =     321.84   seconds/ns =     268.46
|     -----------------------------------------------------

|  Setup CPU time:            0.52 seconds
|  NonSetup CPU time:         2.67 seconds
|  Total CPU time:            3.19 seconds     0.00 hours

|  Setup wall time:           0    seconds
|  NonSetup wall time:        3    seconds
|  Total wall time:           3    seconds     0.00 hours
