
          -------------------------------------------------------
          Amber 20 PMEMD                              2020
          -------------------------------------------------------

| PMEMD implementation of SANDER, Release 18

|  Compiled date/time: Tue Apr 28 03:19:54 2020
| Run on 04/15/2022 at 19:32:39

|   Executable path: pmemd.cuda
| Working directory: /m100_work/AIRC_Fortun21/barletta/extra_obp/ctv/pre
|          Hostname: login06

  [-O]verwriting output

File Assignments:
|   MDIN: step6.in                                                              
|  MDOUT: step6.out                                                             
| INPCRD: step5.rst7                                                            
|   PARM: ../top/ctv.prmtop                                                     
| RESTRT: step6.rst7                                                            
|   REFC: step5.rst7                                                            
|  MDVEL: mdvel                                                                 
|   MDEN: mden                                                                  
|  MDCRD: step6.nc                                                              
| MDINFO: step6.mdinfo                                                          
|  MDFRC: mdfrc                                                                 


 Here is the input file:

MD: step6.in                                                                   
 &cntrl                                                                        
   imin = 0, nstlim = 5000, dt = 0.001,                                        
   ntx = 1, irest = 0, ig = -1,                                                
   ntwx = 500, ntwv = -1, ioutfm = 1, ntxo = 1, ntpr = 50, ntwr = 500,         
   iwrap = 0, nscm = 0,                                                        
   ntc = 2, ntf = 2, ntb = 2, cut = 8.0, icnstph = 2, ntcnstph = 100000,       
   ntt = 3, gamma_ln = 5, temp0 = 300, tempi = 300,                            
   ntp = 1, barostat = 2, pres0 = 1.0, mcbarint = 100,                         
   ntr = 1, restraintmask = ":1-119&!@H=", restraint_wt = 1.0,                 
 &end                                                                          


Note: ig = -1. Setting random seed to   326369 based on wallclock time in 
      microseconds.
| irandom = 1, using AMBER's internal random number generator (default).
 
|--------------------- INFORMATION ----------------------
| GPU (CUDA) Version of PMEMD in use: NVIDIA GPU IN USE.
|                    Version 18.0.0
| 
|                      03/25/2018
| 
| Implementation by:
|                    Ross C. Walker     (SDSC)
|                    Scott Le Grand     (nVIDIA)
| 
| Version 18 performance extensions by:
|                    David Cerutti     (Rutgers)
| 
| Precision model in use:
|      [SPFP] - Single Precision Forces, 64-bit Fixed Point
|               Accumulation. (Default)
| 
|--------------------------------------------------------
 
|----------------- CITATION INFORMATION -----------------
|
|    When publishing work that utilized the CUDA version
|    of AMBER, please cite the following in addition to
|    the regular AMBER citations:
|
|  - Romelia Salomon-Ferrer; Andreas W. Goetz; Duncan
|    Poole; Scott Le Grand; Ross C. Walker "Routine
|    microsecond molecular dynamics simulations with
|    AMBER - Part II: Particle Mesh Ewald", J. Chem.
|    Theory Comput., 2013, 9 (9), pp3878-3888,
|    DOI: 10.1021/ct400314y.
|
|  - Andreas W. Goetz; Mark J. Williamson; Dong Xu;
|    Duncan Poole; Scott Le Grand; Ross C. Walker
|    "Routine microsecond molecular dynamics simulations
|    with AMBER - Part I: Generalized Born", J. Chem.
|    Theory Comput., 2012, 8 (5), pp1542-1555.
|
|  - Scott Le Grand; Andreas W. Goetz; Ross C. Walker
|    "SPFP: Speed without compromise - a mixed precision
|    model for GPU accelerated molecular dynamics
|    simulations.", Comp. Phys. Comm., 2013, 184
|    pp374-380, DOI: 10.1016/j.cpc.2012.09.022
|
|    When publishing work that utilized the CUDA version
|    of Constant pH MD please cite the following in
|    addition to the regular AMBER GPU citations:
|
|  - Daniel J. Mermelstein; J. Andrew McCammon; Ross C. Walker
|    "pH dependent conformational dynamics of Beta-secretase 1:
|    a molecular dynamics study".
|    J. Chem. Theory Comput., 2018, in review.
|
|
|--------------------------------------------------------
 
|------------------- GPU DEVICE INFO --------------------
|
|            CUDA_VISIBLE_DEVICES: 0
|   CUDA Capable Devices Detected:      1
|           CUDA Device ID in use:      0
|                CUDA Device Name: Tesla V100-SXM2-16GB
|     CUDA Device Global Mem Size:  16128 MB
| CUDA Device Num Multiprocessors:     80
|           CUDA Device Core Freq:   1.53 GHz
|
|--------------------------------------------------------
 
 
| Conditional Compilation Defines Used:
| PUBFFT
| BINTRAJ
| CUDA
| EMIL

| Largest sphere to fit in unit cell has radius =    24.771

| New format PARM file being parsed.
| Version =    1.000 Date = 04/15/22 Time = 19:29:20

| Note: 1-4 EEL scale factors are being read from the topology file.

| Note: 1-4 VDW scale factors are being read from the topology file.
| INFO:    Reading atomic numbers from topology file.
| Duplicated    0 dihedrals

| Duplicated    0 dihedrals

--------------------------------------------------------------------------------
   1.  RESOURCE   USE: 
--------------------------------------------------------------------------------

 getting new box info from bottom of inpcrd
 NATOM  =   14772 NTYPES =      18 NBONH =   13817 MBONA  =     963
 NTHETH =    2369 MTHETA =    1293 NPHIH =    4533 MPHIA  =    3267
 NHPARM =       0 NPARM  =       0 NNB   =   28105 NRES   =    4374
 NBONA  =     963 NTHETA =    1293 NPHIA =    3267 NUMBND =      51
 NUMANG =     105 NPTRA  =      44 NATYP =      35 NPHB   =       1
 IFBOX  =       2 NMXRS  =      26 IFCAP =       0 NEXTRA =       0
 NCOPY  =       0

 Implicit solvent radii are H(N)-modified Bondi radii (mbondi2)                                             
|reading charge increments from file: ../top/cpin_ctv                                                                                                                                                                                                                                                 
| Coordinate Index Table dimensions:    11   11   11
| Direct force subcell size =     5.5161    5.5161    5.5161

     BOX TYPE: TRUNCATED OCTAHEDRON

--------------------------------------------------------------------------------
   2.  CONTROL  DATA  FOR  THE  RUN
--------------------------------------------------------------------------------

default_name                                                                    

General flags:
     imin    =       0, nmropt  =       0

Nature and format of input:
     ntx     =       1, irest   =       0, ntrx    =       1

Nature and format of output:
     ntxo    =       1, ntpr    =      50, ntrx    =       1, ntwr    =     500
     iwrap   =       0, ntwx    =     500, ntwv    =      -1, ntwe    =       0
     ioutfm  =       1, ntwprt  =       0, idecomp =       0, rbornstat=      0

Potential function:
     ntf     =       2, ntb     =       2, igb     =       0, nsnb    =      25
     ipol    =       0, gbsa    =       0, iesp    =       0
     dielc   =   1.00000, cut     =   8.00000, intdiel =   1.00000
     saltcon =   0.00000, offset  =   0.09000, gbalpha=    0.80000
     gbbeta  =   0.00000, gbgamma =   2.90912, surften =   0.00500
     rdt     =   0.00000, rgbmax  =  25.00000  extdiel =  78.50000
     alpb  =        0

Frozen or restrained atoms:
     ibelly  =       0, ntr     =       1
     restraint_wt =   1.00000

Molecular dynamics:
     nstlim  =      5000, nscm    =         0, nrespa  =         1
     t       =   0.00000, dt      =   0.00100, vlimit  =  -1.00000

Langevin dynamics temperature regulation:
     ig      =  326369
     temp0   = 300.00000, tempi   = 300.00000, gamma_ln=   5.00000

Pressure regulation:
     ntp     =       1
     pres0   =   1.00000, comp    =  44.60000, taup    =   1.00000
     Monte-Carlo Barostat:
     mcbarint  =     100

SHAKE:
     ntc     =       2, jfastw  =       0
     tol     =   0.00001

Constant pH options:
     icnstph =       2
     ntcnstph =  100000
     solvph =   7.00000
     ntrelax =     500 mccycles =       1

| Intermolecular bonds treatment:
|     no_intermolecular_bonds =       1

| Energy averages sample interval:
|     ene_avg_sampling =      50

Ewald parameters:
     verbose =       0, ew_type =       0, nbflag  =       1, use_pme =       1
     vdwmeth =       1, eedmeth =       1, netfrc  =       1
     Box X =   60.677   Box Y =   60.677   Box Z =   60.677
     Alpha =  109.471   Beta  =  109.471   Gamma =  109.471
     NFFT1 =   64       NFFT2 =   64       NFFT3 =   64
     Cutoff=    8.000   Tol   =0.100E-04
     Ewald Coefficient =  0.34864
     Interpolation order =    4

    LOADING THE CONSTRAINED ATOMS AS GROUPS


   5.  REFERENCE ATOM COORDINATES

  default_name                                                                    
     Mask :1-119&!@H=; matches   943 atoms
| MONTE CARLO BAROSTAT IMPORTANT NOTE:
|   The Monte-Carlo barostat does not require the virial to adjust the system volume.
|   Since it is an expensive calculation, it is skipped for efficiency. A side-effect
|   is that the reported pressure is always 0 because it is not calculated.

--------------------------------------------------------------------------------
   3.  ATOMIC COORDINATES AND VELOCITIES
--------------------------------------------------------------------------------

default_name                                                                    
 begin time read from input coords =     0.000 ps

 
 Number of triangulated 3-point waters found:     4253

     Sum of charges from parm topology file =   0.00000094
     Forcing neutrality...

| Dynamic Memory, Types Used:
| Reals              864921
| Integers           723466

| Nonbonded Pairs Initial Allocation:     2467293

| GPU memory information (estimate):
| KB of GPU memory in use:    117025
| KB of CPU memory in use:     39745

--------------------------------------------------------------------------------
   4.  RESULTS
--------------------------------------------------------------------------------


 NSTEP =        0   TIME(PS) =       0.000  TEMP(K) =   439.16  PRESS =     0.0
 Etot   =    -49072.3442  EKtot   =     13308.3015  EPtot      =    -62380.6457
 BOND   =        61.4105  ANGLE   =       292.5458  DIHED      =      1174.5478
 1-4 NB =       382.1259  1-4 EEL =      6358.0475  VDWAALS    =      9018.9485
 EELEC  =    -79668.2717  EHBOND  =         0.0000  RESTRAINT  =         0.0000
 EKCMT  =         0.0000  VIRIAL  =         0.0000  VOLUME     =    171966.8335
                                                    Density    =         0.8729
 ------------------------------------------------------------------------------


 NSTEP =       50   TIME(PS) =       0.050  TEMP(K) =   193.77  PRESS =     0.0
 Etot   =    -42870.9365  EKtot   =      5871.9922  EPtot      =    -48742.9287
 BOND   =       253.2803  ANGLE   =       751.1686  DIHED      =      1298.9749
 1-4 NB =       411.8092  1-4 EEL =      6333.6486  VDWAALS    =      9037.8244
 EELEC  =    -66849.3285  EHBOND  =         0.0000  RESTRAINT  =        19.6939
 EAMBER (non-restraint)  =    -48762.6226
 EKCMT  =         0.0000  VIRIAL  =         0.0000  VOLUME     =    171966.8335
                                                    Density    =         0.8729
 ------------------------------------------------------------------------------


 NSTEP =      100   TIME(PS) =       0.100  TEMP(K) =   207.08  PRESS =     0.0
 Etot   =    -41410.6301  EKtot   =      6275.1919  EPtot      =    -47685.8220
 BOND   =       271.1429  ANGLE   =       808.4254  DIHED      =      1298.9316
 1-4 NB =       423.3433  1-4 EEL =      6325.1407  VDWAALS    =      7038.4351
 EELEC  =    -63886.6005  EHBOND  =         0.0000  RESTRAINT  =        35.3595
 EAMBER (non-restraint)  =    -47721.1815
 EKCMT  =         0.0000  VIRIAL  =         0.0000  VOLUME     =    171966.8335
                                                    Density    =         0.8729
 ------------------------------------------------------------------------------


 NSTEP =      150   TIME(PS) =       0.150  TEMP(K) =   220.17  PRESS =     0.0
 Etot   =    -40274.3120  EKtot   =      6671.8296  EPtot      =    -46946.1416
 BOND   =       277.9218  ANGLE   =       853.1589  DIHED      =      1304.9023
 1-4 NB =       438.2871  1-4 EEL =      6345.8410  VDWAALS    =      6073.3555
 EELEC  =    -62284.6405  EHBOND  =         0.0000  RESTRAINT  =        45.0323
 EAMBER (non-restraint)  =    -46991.1739
 EKCMT  =         0.0000  VIRIAL  =         0.0000  VOLUME     =    171966.8335
                                                    Density    =         0.8729
 ------------------------------------------------------------------------------


 NSTEP =      200   TIME(PS) =       0.200  TEMP(K) =   232.76  PRESS =     0.0
 Etot   =    -39277.9968  EKtot   =      7053.3940  EPtot      =    -46331.3908
 BOND   =       279.6913  ANGLE   =       892.9567  DIHED      =      1331.5483
 1-4 NB =       420.6320  1-4 EEL =      6372.0757  VDWAALS    =      6247.5355
 EELEC  =    -61926.8602  EHBOND  =         0.0000  RESTRAINT  =        51.0300
 EAMBER (non-restraint)  =    -46382.4208
 EKCMT  =         0.0000  VIRIAL  =         0.0000  VOLUME     =    170915.0523
                                                    Density    =         0.8783
 ------------------------------------------------------------------------------


 NSTEP =      250   TIME(PS) =       0.250  TEMP(K) =   248.14  PRESS =     0.0
 Etot   =    -38447.9470  EKtot   =      7519.6587  EPtot      =    -45967.6057
 BOND   =       317.6096  ANGLE   =       875.6564  DIHED      =      1343.5533
 1-4 NB =       443.6248  1-4 EEL =      6387.1584  VDWAALS    =      6008.4903
 EELEC  =    -61398.8391  EHBOND  =         0.0000  RESTRAINT  =        55.1405
 EAMBER (non-restraint)  =    -46022.7462
 EKCMT  =         0.0000  VIRIAL  =         0.0000  VOLUME     =    170915.0523
                                                    Density    =         0.8783
 ------------------------------------------------------------------------------


 NSTEP =      300   TIME(PS) =       0.300  TEMP(K) =   256.44  PRESS =     0.0
 Etot   =    -37678.5713  EKtot   =      7771.0356  EPtot      =    -45449.6069
 BOND   =       310.3260  ANGLE   =       931.5307  DIHED      =      1330.6554
 1-4 NB =       450.5848  1-4 EEL =      6356.1601  VDWAALS    =      6004.3778
 EELEC  =    -60888.1612  EHBOND  =         0.0000  RESTRAINT  =        54.9194
 EAMBER (non-restraint)  =    -45504.5264
 EKCMT  =         0.0000  VIRIAL  =         0.0000  VOLUME     =    170915.0523
                                                    Density    =         0.8783
 ------------------------------------------------------------------------------


 NSTEP =      350   TIME(PS) =       0.350  TEMP(K) =   265.60  PRESS =     0.0
 Etot   =    -37065.4982  EKtot   =      8048.6982  EPtot      =    -45114.1965
 BOND   =       351.3829  ANGLE   =       983.8796  DIHED      =      1362.0034
 1-4 NB =       443.1593  1-4 EEL =      6333.3132  VDWAALS    =      5774.1022
 EELEC  =    -60417.5330  EHBOND  =         0.0000  RESTRAINT  =        55.4959
 EAMBER (non-restraint)  =    -45169.6924
 EKCMT  =         0.0000  VIRIAL  =         0.0000  VOLUME     =    170915.0523
                                                    Density    =         0.8783
 ------------------------------------------------------------------------------


 NSTEP =      400   TIME(PS) =       0.400  TEMP(K) =   272.73  PRESS =     0.0
 Etot   =    -36579.3569  EKtot   =      8264.7910  EPtot      =    -44844.1479
 BOND   =       326.7405  ANGLE   =       964.6331  DIHED      =      1339.0703
 1-4 NB =       440.7827  1-4 EEL =      6376.8203  VDWAALS    =      5784.9349
 EELEC  =    -60134.6174  EHBOND  =         0.0000  RESTRAINT  =        57.4878
 EAMBER (non-restraint)  =    -44901.6357
 EKCMT  =         0.0000  VIRIAL  =         0.0000  VOLUME     =    170915.0523
                                                    Density    =         0.8783
 ------------------------------------------------------------------------------


 NSTEP =      450   TIME(PS) =       0.450  TEMP(K) =   277.70  PRESS =     0.0
 Etot   =    -36191.8468  EKtot   =      8415.3848  EPtot      =    -44607.2315
 BOND   =       319.7136  ANGLE   =       975.7132  DIHED      =      1331.2185
 1-4 NB =       448.8452  1-4 EEL =      6387.1967  VDWAALS    =      5566.8155
 EELEC  =    -59693.0220  EHBOND  =         0.0000  RESTRAINT  =        56.2878
 EAMBER (non-restraint)  =    -44663.5193
 EKCMT  =         0.0000  VIRIAL  =         0.0000  VOLUME     =    170915.0523
                                                    Density    =         0.8783
 ------------------------------------------------------------------------------


 NSTEP =      500   TIME(PS) =       0.500  TEMP(K) =   279.21  PRESS =     0.0
 Etot   =    -35924.6628  EKtot   =      8460.9795  EPtot      =    -44385.6423
 BOND   =       326.5469  ANGLE   =      1024.1114  DIHED      =      1366.2773
 1-4 NB =       438.0423  1-4 EEL =      6319.1077  VDWAALS    =      5644.1295
 EELEC  =    -59562.7274  EHBOND  =         0.0000  RESTRAINT  =        58.8700
 EAMBER (non-restraint)  =    -44444.5123
 EKCMT  =         0.0000  VIRIAL  =         0.0000  VOLUME     =    170433.9297
                                                    Density    =         0.8808
 ------------------------------------------------------------------------------


 NSTEP =      550   TIME(PS) =       0.550  TEMP(K) =   284.33  PRESS =     0.0
 Etot   =    -35715.6855  EKtot   =      8616.1709  EPtot      =    -44331.8564
 BOND   =       325.4031  ANGLE   =       995.6545  DIHED      =      1350.1954
 1-4 NB =       451.8508  1-4 EEL =      6384.1609  VDWAALS    =      5565.0286
 EELEC  =    -59465.0217  EHBOND  =         0.0000  RESTRAINT  =        60.8719
 EAMBER (non-restraint)  =    -44392.7283
 EKCMT  =         0.0000  VIRIAL  =         0.0000  VOLUME     =    170433.9297
                                                    Density    =         0.8808
 ------------------------------------------------------------------------------


 NSTEP =      600   TIME(PS) =       0.600  TEMP(K) =   284.80  PRESS =     0.0
 Etot   =    -35495.6653  EKtot   =      8630.4160  EPtot      =    -44126.0813
 BOND   =       336.2143  ANGLE   =       998.9252  DIHED      =      1354.1991
 1-4 NB =       433.0001  1-4 EEL =      6362.6504  VDWAALS    =      5550.3016
 EELEC  =    -59224.3932  EHBOND  =         0.0000  RESTRAINT  =        63.0212
 EAMBER (non-restraint)  =    -44189.1024
 EKCMT  =         0.0000  VIRIAL  =         0.0000  VOLUME     =    170433.9297
                                                    Density    =         0.8808
 ------------------------------------------------------------------------------


 NSTEP =      650   TIME(PS) =       0.650  TEMP(K) =   287.33  PRESS =     0.0
 Etot   =    -35271.9361  EKtot   =      8707.0342  EPtot      =    -43978.9703
 BOND   =       342.2820  ANGLE   =       991.0539  DIHED      =      1364.8711
 1-4 NB =       441.8568  1-4 EEL =      6360.4505  VDWAALS    =      5377.0909
 EELEC  =    -58920.0016  EHBOND  =         0.0000  RESTRAINT  =        63.4262
 EAMBER (non-restraint)  =    -44042.3965
 EKCMT  =         0.0000  VIRIAL  =         0.0000  VOLUME     =    170433.9297
                                                    Density    =         0.8808
 ------------------------------------------------------------------------------


 NSTEP =      700   TIME(PS) =       0.700  TEMP(K) =   286.73  PRESS =     0.0
 Etot   =    -35103.2979  EKtot   =      8688.9307  EPtot      =    -43792.2285
 BOND   =       342.2199  ANGLE   =      1010.9853  DIHED      =      1339.6248
 1-4 NB =       434.9175  1-4 EEL =      6353.4219  VDWAALS    =      5693.6889
 EELEC  =    -59026.8063  EHBOND  =         0.0000  RESTRAINT  =        59.7196
 EAMBER (non-restraint)  =    -43851.9481
 EKCMT  =         0.0000  VIRIAL  =         0.0000  VOLUME     =    168908.6679
                                                    Density    =         0.8888
 ------------------------------------------------------------------------------


 NSTEP =      750   TIME(PS) =       0.750  TEMP(K) =   291.39  PRESS =     0.0
 Etot   =    -34986.8371  EKtot   =      8830.2988  EPtot      =    -43817.1359
 BOND   =       319.5644  ANGLE   =      1023.5978  DIHED      =      1360.7268
 1-4 NB =       443.7629  1-4 EEL =      6394.2770  VDWAALS    =      5369.2161
 EELEC  =    -58787.1374  EHBOND  =         0.0000  RESTRAINT  =        58.8564
 EAMBER (non-restraint)  =    -43875.9923
 EKCMT  =         0.0000  VIRIAL  =         0.0000  VOLUME     =    168908.6679
                                                    Density    =         0.8888
 ------------------------------------------------------------------------------


 NSTEP =      800   TIME(PS) =       0.800  TEMP(K) =   291.07  PRESS =     0.0
 Etot   =    -34891.0654  EKtot   =      8820.3848  EPtot      =    -43711.4502
 BOND   =       344.3374  ANGLE   =      1033.0509  DIHED      =      1367.5858
 1-4 NB =       434.1853  1-4 EEL =      6358.9235  VDWAALS    =      5657.8423
 EELEC  =    -58971.5087  EHBOND  =         0.0000  RESTRAINT  =        64.1333
 EAMBER (non-restraint)  =    -43775.5835
 EKCMT  =         0.0000  VIRIAL  =         0.0000  VOLUME     =    167569.5732
                                                    Density    =         0.8959
 ------------------------------------------------------------------------------


 NSTEP =      850   TIME(PS) =       0.850  TEMP(K) =   295.80  PRESS =     0.0
 Etot   =    -34743.0555  EKtot   =      8963.7080  EPtot      =    -43706.7635
 BOND   =       326.5167  ANGLE   =      1011.2195  DIHED      =      1364.1105
 1-4 NB =       462.9884  1-4 EEL =      6370.1795  VDWAALS    =      5616.4653
 EELEC  =    -58922.3537  EHBOND  =         0.0000  RESTRAINT  =        64.1102
 EAMBER (non-restraint)  =    -43770.8737
 EKCMT  =         0.0000  VIRIAL  =         0.0000  VOLUME     =    167569.5732
                                                    Density    =         0.8959
 ------------------------------------------------------------------------------


 NSTEP =      900   TIME(PS) =       0.900  TEMP(K) =   295.59  PRESS =     0.0
 Etot   =    -34577.7264  EKtot   =      8957.3291  EPtot      =    -43535.0555
 BOND   =       331.6941  ANGLE   =      1032.3653  DIHED      =      1362.8958
 1-4 NB =       426.7982  1-4 EEL =      6351.0697  VDWAALS    =      5232.0730
 EELEC  =    -58339.4950  EHBOND  =         0.0000  RESTRAINT  =        67.5434
 EAMBER (non-restraint)  =    -43602.5989
 EKCMT  =         0.0000  VIRIAL  =         0.0000  VOLUME     =    167569.5732
                                                    Density    =         0.8959
 ------------------------------------------------------------------------------


 NSTEP =      950   TIME(PS) =       0.950  TEMP(K) =   296.29  PRESS =     0.0
 Etot   =    -34498.8688  EKtot   =      8978.6318  EPtot      =    -43477.5006
 BOND   =       337.2107  ANGLE   =      1002.8524  DIHED      =      1336.7369
 1-4 NB =       448.4658  1-4 EEL =      6407.5587  VDWAALS    =      4976.2989
 EELEC  =    -58057.9648  EHBOND  =         0.0000  RESTRAINT  =        71.3409
 EAMBER (non-restraint)  =    -43548.8415
 EKCMT  =         0.0000  VIRIAL  =         0.0000  VOLUME     =    167569.5732
                                                    Density    =         0.8959
 ------------------------------------------------------------------------------


 NSTEP =     1000   TIME(PS) =       1.000  TEMP(K) =   291.17  PRESS =     0.0
 Etot   =    -34477.5889  EKtot   =      8823.4521  EPtot      =    -43301.0410
 BOND   =       326.8237  ANGLE   =      1035.5811  DIHED      =      1359.5497
 1-4 NB =       427.3747  1-4 EEL =      6367.3368  VDWAALS    =      4854.7954
 EELEC  =    -57747.1789  EHBOND  =         0.0000  RESTRAINT  =        74.6766
 EAMBER (non-restraint)  =    -43375.7176
 EKCMT  =         0.0000  VIRIAL  =         0.0000  VOLUME     =    167569.5732
                                                    Density    =         0.8959
 ------------------------------------------------------------------------------


 NSTEP =     1050   TIME(PS) =       1.050  TEMP(K) =   293.69  PRESS =     0.0
 Etot   =    -34368.9583  EKtot   =      8899.7822  EPtot      =    -43268.7405
 BOND   =       316.1983  ANGLE   =      1051.4139  DIHED      =      1333.6992
 1-4 NB =       443.4180  1-4 EEL =      6391.5062  VDWAALS    =      4815.5312
 EELEC  =    -57695.9719  EHBOND  =         0.0000  RESTRAINT  =        75.4646
 EAMBER (non-restraint)  =    -43344.2051
 EKCMT  =         0.0000  VIRIAL  =         0.0000  VOLUME     =    167569.5732
                                                    Density    =         0.8959
 ------------------------------------------------------------------------------


 NSTEP =     1100   TIME(PS) =       1.100  TEMP(K) =   299.13  PRESS =     0.0
 Etot   =    -34134.3922  EKtot   =      9064.7041  EPtot      =    -43199.0963
 BOND   =       343.1673  ANGLE   =      1015.1764  DIHED      =      1365.9604
 1-4 NB =       450.1244  1-4 EEL =      6357.7009  VDWAALS    =      4894.5524
 EELEC  =    -57705.0219  EHBOND  =         0.0000  RESTRAINT  =        79.2439
 EAMBER (non-restraint)  =    -43278.3402
 EKCMT  =         0.0000  VIRIAL  =         0.0000  VOLUME     =    167475.6559
                                                    Density    =         0.8964
 ------------------------------------------------------------------------------


 NSTEP =     1150   TIME(PS) =       1.150  TEMP(K) =   299.91  PRESS =     0.0
 Etot   =    -34095.8845  EKtot   =      9088.5049  EPtot      =    -43184.3894
 BOND   =       360.2119  ANGLE   =      1029.8385  DIHED      =      1371.0642
 1-4 NB =       441.6663  1-4 EEL =      6352.6331  VDWAALS    =      4864.6718
 EELEC  =    -57686.6453  EHBOND  =         0.0000  RESTRAINT  =        82.1702
 EAMBER (non-restraint)  =    -43266.5596
 EKCMT  =         0.0000  VIRIAL  =         0.0000  VOLUME     =    167475.6559
                                                    Density    =         0.8964
 ------------------------------------------------------------------------------


 NSTEP =     1200   TIME(PS) =       1.200  TEMP(K) =   296.44  PRESS =     0.0
 Etot   =    -34067.7075  EKtot   =      8983.2158  EPtot      =    -43050.9233
 BOND   =       336.7814  ANGLE   =      1046.3952  DIHED      =      1364.3665
 1-4 NB =       451.1889  1-4 EEL =      6383.8130  VDWAALS    =      4822.8502
 EELEC  =    -57538.0088  EHBOND  =         0.0000  RESTRAINT  =        81.6904
 EAMBER (non-restraint)  =    -43132.6137
 EKCMT  =         0.0000  VIRIAL  =         0.0000  VOLUME     =    167475.6559
                                                    Density    =         0.8964
 ------------------------------------------------------------------------------


 NSTEP =     1250   TIME(PS) =       1.250  TEMP(K) =   297.32  PRESS =     0.0
 Etot   =    -34048.2959  EKtot   =      9009.7568  EPtot      =    -43058.0527
 BOND   =       360.2323  ANGLE   =      1090.9885  DIHED      =      1354.9765
 1-4 NB =       434.5359  1-4 EEL =      6372.5376  VDWAALS    =      4699.8817
 EELEC  =    -57455.2191  EHBOND  =         0.0000  RESTRAINT  =        84.0139
 EAMBER (non-restraint)  =    -43142.0666
 EKCMT  =         0.0000  VIRIAL  =         0.0000  VOLUME     =    167475.6559
                                                    Density    =         0.8964
 ------------------------------------------------------------------------------


 NSTEP =     1300   TIME(PS) =       1.300  TEMP(K) =   297.54  PRESS =     0.0
 Etot   =    -34088.4340  EKtot   =      9016.5312  EPtot      =    -43104.9652
 BOND   =       344.0962  ANGLE   =      1034.1107  DIHED      =      1369.4697
 1-4 NB =       438.3103  1-4 EEL =      6366.4631  VDWAALS    =      4905.6699
 EELEC  =    -57646.6696  EHBOND  =         0.0000  RESTRAINT  =        83.5844
 EAMBER (non-restraint)  =    -43188.5496
 EKCMT  =         0.0000  VIRIAL  =         0.0000  VOLUME     =    166863.2697
                                                    Density    =         0.8996
 ------------------------------------------------------------------------------


 NSTEP =     1350   TIME(PS) =       1.350  TEMP(K) =   295.06  PRESS =     0.0
 Etot   =    -34155.6935  EKtot   =      8941.2715  EPtot      =    -43096.9650
 BOND   =       357.5561  ANGLE   =      1016.1160  DIHED      =      1352.2846
 1-4 NB =       456.4677  1-4 EEL =      6390.4496  VDWAALS    =      4793.1106
 EELEC  =    -57546.1984  EHBOND  =         0.0000  RESTRAINT  =        83.2488
 EAMBER (non-restraint)  =    -43180.2138
 EKCMT  =         0.0000  VIRIAL  =         0.0000  VOLUME     =    166863.2697
                                                    Density    =         0.8996
 ------------------------------------------------------------------------------


 NSTEP =     1400   TIME(PS) =       1.400  TEMP(K) =   300.18  PRESS =     0.0
 Etot   =    -34130.8314  EKtot   =      9096.6094  EPtot      =    -43227.4407
 BOND   =       343.6722  ANGLE   =      1015.2258  DIHED      =      1363.1467
 1-4 NB =       443.9944  1-4 EEL =      6393.9072  VDWAALS    =      5283.0997
 EELEC  =    -58147.7547  EHBOND  =         0.0000  RESTRAINT  =        77.2680
 EAMBER (non-restraint)  =    -43304.7087
 EKCMT  =         0.0000  VIRIAL  =         0.0000  VOLUME     =    165195.7848
                                                    Density    =         0.9087
 ------------------------------------------------------------------------------


 NSTEP =     1450   TIME(PS) =       1.450  TEMP(K) =   298.98  PRESS =     0.0
 Etot   =    -34101.9032  EKtot   =      9060.0693  EPtot      =    -43161.9725
 BOND   =       331.0573  ANGLE   =       986.8842  DIHED      =      1365.3494
 1-4 NB =       451.5392  1-4 EEL =      6372.2425  VDWAALS    =      5088.5795
 EELEC  =    -57834.5342  EHBOND  =         0.0000  RESTRAINT  =        76.9095
 EAMBER (non-restraint)  =    -43238.8821
 EKCMT  =         0.0000  VIRIAL  =         0.0000  VOLUME     =    165195.7848
                                                    Density    =         0.9087
 ------------------------------------------------------------------------------


 NSTEP =     1500   TIME(PS) =       1.500  TEMP(K) =   294.86  PRESS =     0.0
 Etot   =    -34126.2423  EKtot   =      8935.1934  EPtot      =    -43061.4357
 BOND   =       338.1142  ANGLE   =      1026.3677  DIHED      =      1362.5734
 1-4 NB =       451.1558  1-4 EEL =      6360.7910  VDWAALS    =      5216.1930
 EELEC  =    -57895.6610  EHBOND  =         0.0000  RESTRAINT  =        79.0304
 EAMBER (non-restraint)  =    -43140.4660
 EKCMT  =         0.0000  VIRIAL  =         0.0000  VOLUME     =    164430.6805
                                                    Density    =         0.9130
 ------------------------------------------------------------------------------


 NSTEP =     1550   TIME(PS) =       1.550  TEMP(K) =   295.19  PRESS =     0.0
 Etot   =    -34216.8422  EKtot   =      8945.4600  EPtot      =    -43162.3022
 BOND   =       307.7641  ANGLE   =      1032.2953  DIHED      =      1376.1397
 1-4 NB =       445.5861  1-4 EEL =      6356.8069  VDWAALS    =      4938.6103
 EELEC  =    -57694.1581  EHBOND  =         0.0000  RESTRAINT  =        74.6535
 EAMBER (non-restraint)  =    -43236.9557
 EKCMT  =         0.0000  VIRIAL  =         0.0000  VOLUME     =    164430.6805
                                                    Density    =         0.9130
 ------------------------------------------------------------------------------


 NSTEP =     1600   TIME(PS) =       1.600  TEMP(K) =   299.46  PRESS =     0.0
 Etot   =    -34129.9107  EKtot   =      9074.6426  EPtot      =    -43204.5533
 BOND   =       346.5862  ANGLE   =      1007.8661  DIHED      =      1363.3104
 1-4 NB =       449.0553  1-4 EEL =      6377.7409  VDWAALS    =      4782.8862
 EELEC  =    -57607.0045  EHBOND  =         0.0000  RESTRAINT  =        75.0061
 EAMBER (non-restraint)  =    -43279.5594
 EKCMT  =         0.0000  VIRIAL  =         0.0000  VOLUME     =    164430.6805
                                                    Density    =         0.9130
 ------------------------------------------------------------------------------


 NSTEP =     1650   TIME(PS) =       1.650  TEMP(K) =   300.96  PRESS =     0.0
 Etot   =    -34042.1202  EKtot   =      9120.0820  EPtot      =    -43162.2023
 BOND   =       346.9353  ANGLE   =      1034.5822  DIHED      =      1351.0985
 1-4 NB =       434.5889  1-4 EEL =      6348.6012  VDWAALS    =      4803.8910
 EELEC  =    -57558.3279  EHBOND  =         0.0000  RESTRAINT  =        76.4284
 EAMBER (non-restraint)  =    -43238.6307
 EKCMT  =         0.0000  VIRIAL  =         0.0000  VOLUME     =    164430.6805
                                                    Density    =         0.9130
 ------------------------------------------------------------------------------


 NSTEP =     1700   TIME(PS) =       1.700  TEMP(K) =   301.32  PRESS =     0.0
 Etot   =    -33997.9628  EKtot   =      9131.2139  EPtot      =    -43129.1767
 BOND   =       351.1822  ANGLE   =      1012.3871  DIHED      =      1360.6828
 1-4 NB =       444.3115  1-4 EEL =      6340.7788  VDWAALS    =      4813.6318
 EELEC  =    -57530.6812  EHBOND  =         0.0000  RESTRAINT  =        78.5304
 EAMBER (non-restraint)  =    -43207.7070
 EKCMT  =         0.0000  VIRIAL  =         0.0000  VOLUME     =    164430.6805
                                                    Density    =         0.9130
 ------------------------------------------------------------------------------


 NSTEP =     1750   TIME(PS) =       1.750  TEMP(K) =   300.34  PRESS =     0.0
 Etot   =    -33990.1119  EKtot   =      9101.3008  EPtot      =    -43091.4127
 BOND   =       344.8101  ANGLE   =      1057.2361  DIHED      =      1373.4904
 1-4 NB =       448.0471  1-4 EEL =      6334.3534  VDWAALS    =      4774.0015
 EELEC  =    -57505.8432  EHBOND  =         0.0000  RESTRAINT  =        82.4919
 EAMBER (non-restraint)  =    -43173.9046
 EKCMT  =         0.0000  VIRIAL  =         0.0000  VOLUME     =    164430.6805
                                                    Density    =         0.9130
 ------------------------------------------------------------------------------


 NSTEP =     1800   TIME(PS) =       1.800  TEMP(K) =   299.54  PRESS =     0.0
 Etot   =    -33993.8613  EKtot   =      9077.0146  EPtot      =    -43070.8759
 BOND   =       328.9393  ANGLE   =      1061.1301  DIHED      =      1371.9030
 1-4 NB =       443.2014  1-4 EEL =      6356.9150  VDWAALS    =      4717.8855
 EELEC  =    -57433.3983  EHBOND  =         0.0000  RESTRAINT  =        82.5482
 EAMBER (non-restraint)  =    -43153.4241
 EKCMT  =         0.0000  VIRIAL  =         0.0000  VOLUME     =    164430.6805
                                                    Density    =         0.9130
 ------------------------------------------------------------------------------


 NSTEP =     1850   TIME(PS) =       1.850  TEMP(K) =   296.92  PRESS =     0.0
 Etot   =    -33959.4738  EKtot   =      8997.9150  EPtot      =    -42957.3889
 BOND   =       350.9025  ANGLE   =      1036.6521  DIHED      =      1364.2770
 1-4 NB =       429.6759  1-4 EEL =      6370.8924  VDWAALS    =      4675.9926
 EELEC  =    -57264.5120  EHBOND  =         0.0000  RESTRAINT  =        78.7307
 EAMBER (non-restraint)  =    -43036.1196
 EKCMT  =         0.0000  VIRIAL  =         0.0000  VOLUME     =    164430.6805
                                                    Density    =         0.9130
 ------------------------------------------------------------------------------


 NSTEP =     1900   TIME(PS) =       1.900  TEMP(K) =   297.99  PRESS =     0.0
 Etot   =    -34041.1733  EKtot   =      9030.2393  EPtot      =    -43071.4126
 BOND   =       345.4315  ANGLE   =      1013.2557  DIHED      =      1355.2707
 1-4 NB =       421.8254  1-4 EEL =      6374.0318  VDWAALS    =      4610.4236
 EELEC  =    -57266.3262  EHBOND  =         0.0000  RESTRAINT  =        74.6749
 EAMBER (non-restraint)  =    -43146.0875
 EKCMT  =         0.0000  VIRIAL  =         0.0000  VOLUME     =    164430.6805
                                                    Density    =         0.9130
 ------------------------------------------------------------------------------


 NSTEP =     1950   TIME(PS) =       1.950  TEMP(K) =   295.57  PRESS =     0.0
 Etot   =    -34052.6724  EKtot   =      8956.7803  EPtot      =    -43009.4527
 BOND   =       321.6176  ANGLE   =      1041.2380  DIHED      =      1358.5997
 1-4 NB =       457.2490  1-4 EEL =      6370.5862  VDWAALS    =      4728.0284
 EELEC  =    -57362.2198  EHBOND  =         0.0000  RESTRAINT  =        75.4482
 EAMBER (non-restraint)  =    -43084.9009
 EKCMT  =         0.0000  VIRIAL  =         0.0000  VOLUME     =    164430.6805
                                                    Density    =         0.9130
 ------------------------------------------------------------------------------


 NSTEP =     2000   TIME(PS) =       2.000  TEMP(K) =   303.67  PRESS =     0.0
 Etot   =    -33937.3703  EKtot   =      9202.3789  EPtot      =    -43139.7492
 BOND   =       317.5920  ANGLE   =      1009.7064  DIHED      =      1347.8314
 1-4 NB =       443.4738  1-4 EEL =      6389.0236  VDWAALS    =      4827.0578
 EELEC  =    -57551.2685  EHBOND  =         0.0000  RESTRAINT  =        76.8344
 EAMBER (non-restraint)  =    -43216.5836
 EKCMT  =         0.0000  VIRIAL  =         0.0000  VOLUME     =    164430.6805
                                                    Density    =         0.9130
 ------------------------------------------------------------------------------


 NSTEP =     2050   TIME(PS) =       2.050  TEMP(K) =   298.90  PRESS =     0.0
 Etot   =    -34021.5589  EKtot   =      9057.7705  EPtot      =    -43079.3294
 BOND   =       359.1153  ANGLE   =      1034.9599  DIHED      =      1343.4702
 1-4 NB =       445.9091  1-4 EEL =      6337.2941  VDWAALS    =      4768.5564
 EELEC  =    -57449.1509  EHBOND  =         0.0000  RESTRAINT  =        80.5165
 EAMBER (non-restraint)  =    -43159.8458
 EKCMT  =         0.0000  VIRIAL  =         0.0000  VOLUME     =    164430.6805
                                                    Density    =         0.9130
 ------------------------------------------------------------------------------


 NSTEP =     2100   TIME(PS) =       2.100  TEMP(K) =   298.58  PRESS =     0.0
 Etot   =    -33961.0749  EKtot   =      9048.1846  EPtot      =    -43009.2594
 BOND   =       336.0907  ANGLE   =      1011.8854  DIHED      =      1366.9321
 1-4 NB =       438.1509  1-4 EEL =      6379.5847  VDWAALS    =      4801.2818
 EELEC  =    -57427.8431  EHBOND  =         0.0000  RESTRAINT  =        84.6580
 EAMBER (non-restraint)  =    -43093.9175
 EKCMT  =         0.0000  VIRIAL  =         0.0000  VOLUME     =    164430.6805
                                                    Density    =         0.9130
 ------------------------------------------------------------------------------


 NSTEP =     2150   TIME(PS) =       2.150  TEMP(K) =   299.12  PRESS =     0.0
 Etot   =    -33964.5977  EKtot   =      9064.5137  EPtot      =    -43029.1114
 BOND   =       347.8830  ANGLE   =      1004.9261  DIHED      =      1338.7851
 1-4 NB =       429.1130  1-4 EEL =      6347.4354  VDWAALS    =      4721.7113
 EELEC  =    -57300.9178  EHBOND  =         0.0000  RESTRAINT  =        81.9525
 EAMBER (non-restraint)  =    -43111.0639
 EKCMT  =         0.0000  VIRIAL  =         0.0000  VOLUME     =    164430.6805
                                                    Density    =         0.9130
 ------------------------------------------------------------------------------


 NSTEP =     2200   TIME(PS) =       2.200  TEMP(K) =   298.27  PRESS =     0.0
 Etot   =    -33949.1173  EKtot   =      9038.7969  EPtot      =    -42987.9142
 BOND   =       330.9901  ANGLE   =      1004.8448  DIHED      =      1345.6678
 1-4 NB =       435.6824  1-4 EEL =      6393.0401  VDWAALS    =      4538.1186
 EELEC  =    -57114.1547  EHBOND  =         0.0000  RESTRAINT  =        77.8967
 EAMBER (non-restraint)  =    -43065.8109
 EKCMT  =         0.0000  VIRIAL  =         0.0000  VOLUME     =    164430.6805
                                                    Density    =         0.9130
 ------------------------------------------------------------------------------


 NSTEP =     2250   TIME(PS) =       2.250  TEMP(K) =   300.30  PRESS =     0.0
 Etot   =    -33928.4173  EKtot   =      9100.2764  EPtot      =    -43028.6937
 BOND   =       341.1370  ANGLE   =      1050.2165  DIHED      =      1337.5113
 1-4 NB =       442.5416  1-4 EEL =      6367.4638  VDWAALS    =      4547.2368
 EELEC  =    -57192.9598  EHBOND  =         0.0000  RESTRAINT  =        78.1591
 EAMBER (non-restraint)  =    -43106.8527
 EKCMT  =         0.0000  VIRIAL  =         0.0000  VOLUME     =    164430.6805
                                                    Density    =         0.9130
 ------------------------------------------------------------------------------


 NSTEP =     2300   TIME(PS) =       2.300  TEMP(K) =   298.09  PRESS =     0.0
 Etot   =    -33894.0368  EKtot   =      9033.1289  EPtot      =    -42927.1657
 BOND   =       333.3291  ANGLE   =      1033.9824  DIHED      =      1353.3310
 1-4 NB =       448.5788  1-4 EEL =      6354.9634  VDWAALS    =      4959.3283
 EELEC  =    -57490.3210  EHBOND  =         0.0000  RESTRAINT  =        79.6423
 EAMBER (non-restraint)  =    -43006.8080
 EKCMT  =         0.0000  VIRIAL  =         0.0000  VOLUME     =    163523.0683
                                                    Density    =         0.9180
 ------------------------------------------------------------------------------


 NSTEP =     2350   TIME(PS) =       2.350  TEMP(K) =   300.51  PRESS =     0.0
 Etot   =    -33947.1265  EKtot   =      9106.4121  EPtot      =    -43053.5386
 BOND   =       350.3278  ANGLE   =      1006.8080  DIHED      =      1335.9565
 1-4 NB =       440.6045  1-4 EEL =      6362.4447  VDWAALS    =      4657.2197
 EELEC  =    -57288.7880  EHBOND  =         0.0000  RESTRAINT  =        81.8883
 EAMBER (non-restraint)  =    -43135.4269
 EKCMT  =         0.0000  VIRIAL  =         0.0000  VOLUME     =    163523.0683
                                                    Density    =         0.9180
 ------------------------------------------------------------------------------


 NSTEP =     2400   TIME(PS) =       2.400  TEMP(K) =   297.07  PRESS =     0.0
 Etot   =    -33935.9743  EKtot   =      9002.2295  EPtot      =    -42938.2038
 BOND   =       341.0935  ANGLE   =      1017.6534  DIHED      =      1369.2966
 1-4 NB =       441.2726  1-4 EEL =      6348.5307  VDWAALS    =      5058.5316
 EELEC  =    -57598.3792  EHBOND  =         0.0000  RESTRAINT  =        83.7970
 EAMBER (non-restraint)  =    -43022.0008
 EKCMT  =         0.0000  VIRIAL  =         0.0000  VOLUME     =    162228.5525
                                                    Density    =         0.9253
 ------------------------------------------------------------------------------


 NSTEP =     2450   TIME(PS) =       2.450  TEMP(K) =   296.72  PRESS =     0.0
 Etot   =    -33948.7714  EKtot   =      8991.8516  EPtot      =    -42940.6229
 BOND   =       331.0723  ANGLE   =      1022.1466  DIHED      =      1358.5732
 1-4 NB =       451.4839  1-4 EEL =      6362.5213  VDWAALS    =      4691.2888
 EELEC  =    -57237.3003  EHBOND  =         0.0000  RESTRAINT  =        79.5912
 EAMBER (non-restraint)  =    -43020.2142
 EKCMT  =         0.0000  VIRIAL  =         0.0000  VOLUME     =    162228.5525
                                                    Density    =         0.9253
 ------------------------------------------------------------------------------


 NSTEP =     2500   TIME(PS) =       2.500  TEMP(K) =   292.14  PRESS =     0.0
 Etot   =    -34153.5203  EKtot   =      8852.7715  EPtot      =    -43006.2918
 BOND   =       347.1003  ANGLE   =      1029.0129  DIHED      =      1338.0416
 1-4 NB =       444.7574  1-4 EEL =      6402.6385  VDWAALS    =      5174.0114
 EELEC  =    -57821.6696  EHBOND  =         0.0000  RESTRAINT  =        79.8156
 EAMBER (non-restraint)  =    -43086.1074
 EKCMT  =         0.0000  VIRIAL  =         0.0000  VOLUME     =    160987.2637
                                                    Density    =         0.9325
 ------------------------------------------------------------------------------


 NSTEP =     2550   TIME(PS) =       2.550  TEMP(K) =   298.78  PRESS =     0.0
 Etot   =    -34094.8904  EKtot   =      9054.0713  EPtot      =    -43148.9617
 BOND   =       340.5758  ANGLE   =      1021.7044  DIHED      =      1358.4519
 1-4 NB =       437.9095  1-4 EEL =      6353.8251  VDWAALS    =      4901.2273
 EELEC  =    -57641.5491  EHBOND  =         0.0000  RESTRAINT  =        78.8933
 EAMBER (non-restraint)  =    -43227.8550
 EKCMT  =         0.0000  VIRIAL  =         0.0000  VOLUME     =    160987.2637
                                                    Density    =         0.9325
 ------------------------------------------------------------------------------


 NSTEP =     2600   TIME(PS) =       2.600  TEMP(K) =   300.51  PRESS =     0.0
 Etot   =    -34060.4389  EKtot   =      9106.6924  EPtot      =    -43167.1313
 BOND   =       290.2922  ANGLE   =      1049.9888  DIHED      =      1339.0101
 1-4 NB =       452.5739  1-4 EEL =      6412.2761  VDWAALS    =      4774.2171
 EELEC  =    -57563.4061  EHBOND  =         0.0000  RESTRAINT  =        77.9167
 EAMBER (non-restraint)  =    -43245.0480
 EKCMT  =         0.0000  VIRIAL  =         0.0000  VOLUME     =    160987.2637
                                                    Density    =         0.9325
 ------------------------------------------------------------------------------


 NSTEP =     2650   TIME(PS) =       2.650  TEMP(K) =   297.85  PRESS =     0.0
 Etot   =    -34088.7985  EKtot   =      9025.8789  EPtot      =    -43114.6774
 BOND   =       347.3927  ANGLE   =      1051.2666  DIHED      =      1348.0173
 1-4 NB =       426.6509  1-4 EEL =      6325.1371  VDWAALS    =      4704.3857
 EELEC  =    -57391.4036  EHBOND  =         0.0000  RESTRAINT  =        73.8758
 EAMBER (non-restraint)  =    -43188.5533
 EKCMT  =         0.0000  VIRIAL  =         0.0000  VOLUME     =    160987.2637
                                                    Density    =         0.9325
 ------------------------------------------------------------------------------


 NSTEP =     2700   TIME(PS) =       2.700  TEMP(K) =   301.09  PRESS =     0.0
 Etot   =    -34032.5484  EKtot   =      9124.0303  EPtot      =    -43156.5786
 BOND   =       353.5465  ANGLE   =      1006.7722  DIHED      =      1352.6539
 1-4 NB =       449.8207  1-4 EEL =      6386.0988  VDWAALS    =      4720.6096
 EELEC  =    -57501.2297  EHBOND  =         0.0000  RESTRAINT  =        75.1492
 EAMBER (non-restraint)  =    -43231.7279
 EKCMT  =         0.0000  VIRIAL  =         0.0000  VOLUME     =    160987.2637
                                                    Density    =         0.9325
 ------------------------------------------------------------------------------


 NSTEP =     2750   TIME(PS) =       2.750  TEMP(K) =   299.00  PRESS =     0.0
 Etot   =    -34133.6019  EKtot   =      9060.8477  EPtot      =    -43194.4496
 BOND   =       339.8679  ANGLE   =      1012.6264  DIHED      =      1350.7945
 1-4 NB =       439.4280  1-4 EEL =      6352.2048  VDWAALS    =      4636.7341
 EELEC  =    -57407.5896  EHBOND  =         0.0000  RESTRAINT  =        81.4842
 EAMBER (non-restraint)  =    -43275.9338
 EKCMT  =         0.0000  VIRIAL  =         0.0000  VOLUME     =    160987.2637
                                                    Density    =         0.9325
 ------------------------------------------------------------------------------


 NSTEP =     2800   TIME(PS) =       2.800  TEMP(K) =   296.71  PRESS =     0.0
 Etot   =    -34241.2450  EKtot   =      8991.3213  EPtot      =    -43232.5663
 BOND   =       317.1612  ANGLE   =      1026.8455  DIHED      =      1355.8437
 1-4 NB =       438.5874  1-4 EEL =      6379.5389  VDWAALS    =      4656.5644
 EELEC  =    -57489.6186  EHBOND  =         0.0000  RESTRAINT  =        82.5112
 EAMBER (non-restraint)  =    -43315.0776
 EKCMT  =         0.0000  VIRIAL  =         0.0000  VOLUME     =    160987.2637
                                                    Density    =         0.9325
 ------------------------------------------------------------------------------


 NSTEP =     2850   TIME(PS) =       2.850  TEMP(K) =   297.98  PRESS =     0.0
 Etot   =    -34153.1746  EKtot   =      9029.9990  EPtot      =    -43183.1736
 BOND   =       327.2115  ANGLE   =      1033.6564  DIHED      =      1343.0381
 1-4 NB =       440.1474  1-4 EEL =      6349.6324  VDWAALS    =      4746.9899
 EELEC  =    -57505.8363  EHBOND  =         0.0000  RESTRAINT  =        81.9871
 EAMBER (non-restraint)  =    -43265.1607
 EKCMT  =         0.0000  VIRIAL  =         0.0000  VOLUME     =    160987.2637
                                                    Density    =         0.9325
 ------------------------------------------------------------------------------


 NSTEP =     2900   TIME(PS) =       2.900  TEMP(K) =   297.26  PRESS =     0.0
 Etot   =    -34075.7207  EKtot   =      9007.9375  EPtot      =    -43083.6582
 BOND   =       356.7878  ANGLE   =      1004.8688  DIHED      =      1366.6827
 1-4 NB =       437.2913  1-4 EEL =      6367.2997  VDWAALS    =      5144.9516
 EELEC  =    -57845.1654  EHBOND  =         0.0000  RESTRAINT  =        83.6253
 EAMBER (non-restraint)  =    -43167.2835
 EKCMT  =         0.0000  VIRIAL  =         0.0000  VOLUME     =    159715.4058
                                                    Density    =         0.9399
 ------------------------------------------------------------------------------


 NSTEP =     2950   TIME(PS) =       2.950  TEMP(K) =   303.28  PRESS =     0.0
 Etot   =    -34119.4164  EKtot   =      9190.3867  EPtot      =    -43309.8031
 BOND   =       334.9827  ANGLE   =       977.4384  DIHED      =      1347.6891
 1-4 NB =       451.3298  1-4 EEL =      6375.4491  VDWAALS    =      4812.1629
 EELEC  =    -57690.6034  EHBOND  =         0.0000  RESTRAINT  =        81.7484
 EAMBER (non-restraint)  =    -43391.5515
 EKCMT  =         0.0000  VIRIAL  =         0.0000  VOLUME     =    159715.4058
                                                    Density    =         0.9399
 ------------------------------------------------------------------------------


 NSTEP =     3000   TIME(PS) =       3.000  TEMP(K) =   296.45  PRESS =     0.0
 Etot   =    -34223.7052  EKtot   =      8983.6387  EPtot      =    -43207.3438
 BOND   =       345.8897  ANGLE   =      1023.5173  DIHED      =      1351.5984
 1-4 NB =       446.6626  1-4 EEL =      6372.7671  VDWAALS    =      4691.4588
 EELEC  =    -57521.8109  EHBOND  =         0.0000  RESTRAINT  =        82.5731
 EAMBER (non-restraint)  =    -43289.9170
 EKCMT  =         0.0000  VIRIAL  =         0.0000  VOLUME     =    159715.4058
                                                    Density    =         0.9399
 ------------------------------------------------------------------------------


 NSTEP =     3050   TIME(PS) =       3.050  TEMP(K) =   295.61  PRESS =     0.0
 Etot   =    -34304.0607  EKtot   =      8958.1855  EPtot      =    -43262.2463
 BOND   =       325.9310  ANGLE   =       999.5238  DIHED      =      1352.7641
 1-4 NB =       440.5164  1-4 EEL =      6381.1443  VDWAALS    =      4747.6254
 EELEC  =    -57589.9089  EHBOND  =         0.0000  RESTRAINT  =        80.1577
 EAMBER (non-restraint)  =    -43342.4039
 EKCMT  =         0.0000  VIRIAL  =         0.0000  VOLUME     =    159715.4058
                                                    Density    =         0.9399
 ------------------------------------------------------------------------------


 NSTEP =     3100   TIME(PS) =       3.100  TEMP(K) =   294.53  PRESS =     0.0
 Etot   =    -34257.8402  EKtot   =      8925.4287  EPtot      =    -43183.2689
 BOND   =       377.2585  ANGLE   =      1032.5840  DIHED      =      1341.2975
 1-4 NB =       430.8516  1-4 EEL =      6338.9340  VDWAALS    =      4767.9988
 EELEC  =    -57556.2320  EHBOND  =         0.0000  RESTRAINT  =        84.0387
 EAMBER (non-restraint)  =    -43267.3076
 EKCMT  =         0.0000  VIRIAL  =         0.0000  VOLUME     =    159715.4058
                                                    Density    =         0.9399
 ------------------------------------------------------------------------------


 NSTEP =     3150   TIME(PS) =       3.150  TEMP(K) =   300.88  PRESS =     0.0
 Etot   =    -34116.5187  EKtot   =      9117.8711  EPtot      =    -43234.3898
 BOND   =       345.6261  ANGLE   =      1017.4570  DIHED      =      1361.2064
 1-4 NB =       449.2917  1-4 EEL =      6336.2917  VDWAALS    =      4741.1195
 EELEC  =    -57569.2629  EHBOND  =         0.0000  RESTRAINT  =        83.8807
 EAMBER (non-restraint)  =    -43318.2705
 EKCMT  =         0.0000  VIRIAL  =         0.0000  VOLUME     =    159715.4058
                                                    Density    =         0.9399
 ------------------------------------------------------------------------------


 NSTEP =     3200   TIME(PS) =       3.200  TEMP(K) =   298.56  PRESS =     0.0
 Etot   =    -34213.0690  EKtot   =      9047.3379  EPtot      =    -43260.4069
 BOND   =       352.2124  ANGLE   =      1026.6473  DIHED      =      1347.1115
 1-4 NB =       442.9192  1-4 EEL =      6386.2673  VDWAALS    =      4725.9183
 EELEC  =    -57623.4026  EHBOND  =         0.0000  RESTRAINT  =        81.9197
 EAMBER (non-restraint)  =    -43342.3266
 EKCMT  =         0.0000  VIRIAL  =         0.0000  VOLUME     =    159715.4058
                                                    Density    =         0.9399
 ------------------------------------------------------------------------------


 NSTEP =     3250   TIME(PS) =       3.250  TEMP(K) =   300.16  PRESS =     0.0
 Etot   =    -34258.5396  EKtot   =      9095.8740  EPtot      =    -43354.4136
 BOND   =       350.5101  ANGLE   =      1045.3074  DIHED      =      1353.8457
 1-4 NB =       443.5081  1-4 EEL =      6363.4365  VDWAALS    =      4877.0823
 EELEC  =    -57868.2293  EHBOND  =         0.0000  RESTRAINT  =        80.1256
 EAMBER (non-restraint)  =    -43434.5392
 EKCMT  =         0.0000  VIRIAL  =         0.0000  VOLUME     =    159715.4058
                                                    Density    =         0.9399
 ------------------------------------------------------------------------------


 NSTEP =     3300   TIME(PS) =       3.300  TEMP(K) =   295.48  PRESS =     0.0
 Etot   =    -34352.1504  EKtot   =      8954.1094  EPtot      =    -43306.2598
 BOND   =       355.2577  ANGLE   =      1027.4592  DIHED      =      1365.6528
 1-4 NB =       439.9932  1-4 EEL =      6368.3817  VDWAALS    =      5382.6777
 EELEC  =    -58322.7220  EHBOND  =         0.0000  RESTRAINT  =        77.0400
 EAMBER (non-restraint)  =    -43383.2997
 EKCMT  =         0.0000  VIRIAL  =         0.0000  VOLUME     =    158560.6038
                                                    Density    =         0.9468
 ------------------------------------------------------------------------------


 NSTEP =     3350   TIME(PS) =       3.350  TEMP(K) =   301.01  PRESS =     0.0
 Etot   =    -34255.5180  EKtot   =      9121.7988  EPtot      =    -43377.3168
 BOND   =       330.1236  ANGLE   =      1022.4800  DIHED      =      1375.4249
 1-4 NB =       446.4216  1-4 EEL =      6342.4071  VDWAALS    =      4860.2266
 EELEC  =    -57833.8691  EHBOND  =         0.0000  RESTRAINT  =        79.4684
 EAMBER (non-restraint)  =    -43456.7852
 EKCMT  =         0.0000  VIRIAL  =         0.0000  VOLUME     =    158560.6038
                                                    Density    =         0.9468
 ------------------------------------------------------------------------------


 NSTEP =     3400   TIME(PS) =       3.400  TEMP(K) =   301.16  PRESS =     0.0
 Etot   =    -34196.6294  EKtot   =      9126.3301  EPtot      =    -43322.9594
 BOND   =       344.9292  ANGLE   =      1035.2228  DIHED      =      1362.2285
 1-4 NB =       441.9417  1-4 EEL =      6401.7548  VDWAALS    =      4745.3663
 EELEC  =    -57732.7447  EHBOND  =         0.0000  RESTRAINT  =        78.3420
 EAMBER (non-restraint)  =    -43401.3014
 EKCMT  =         0.0000  VIRIAL  =         0.0000  VOLUME     =    158560.6038
                                                    Density    =         0.9468
 ------------------------------------------------------------------------------


 NSTEP =     3450   TIME(PS) =       3.450  TEMP(K) =   298.86  PRESS =     0.0
 Etot   =    -34158.8827  EKtot   =      9056.6729  EPtot      =    -43215.5555
 BOND   =       356.1701  ANGLE   =      1040.4711  DIHED      =      1364.4686
 1-4 NB =       444.4449  1-4 EEL =      6347.4895  VDWAALS    =      4673.9740
 EELEC  =    -57522.1562  EHBOND  =         0.0000  RESTRAINT  =        79.5824
 EAMBER (non-restraint)  =    -43295.1379
 EKCMT  =         0.0000  VIRIAL  =         0.0000  VOLUME     =    158560.6038
                                                    Density    =         0.9468
 ------------------------------------------------------------------------------


 NSTEP =     3500   TIME(PS) =       3.500  TEMP(K) =   299.65  PRESS =     0.0
 Etot   =    -34176.4742  EKtot   =      9080.5234  EPtot      =    -43256.9976
 BOND   =       335.8918  ANGLE   =      1050.0271  DIHED      =      1344.4871
 1-4 NB =       439.8534  1-4 EEL =      6376.7752  VDWAALS    =      4645.1759
 EELEC  =    -57534.9732  EHBOND  =         0.0000  RESTRAINT  =        85.7651
 EAMBER (non-restraint)  =    -43342.7627
 EKCMT  =         0.0000  VIRIAL  =         0.0000  VOLUME     =    158560.6038
                                                    Density    =         0.9468
 ------------------------------------------------------------------------------


 NSTEP =     3550   TIME(PS) =       3.550  TEMP(K) =   301.02  PRESS =     0.0
 Etot   =    -34110.6945  EKtot   =      9121.9600  EPtot      =    -43232.6544
 BOND   =       325.4557  ANGLE   =      1011.2924  DIHED      =      1352.4679
 1-4 NB =       447.9318  1-4 EEL =      6351.7353  VDWAALS    =      4846.1568
 EELEC  =    -57654.5427  EHBOND  =         0.0000  RESTRAINT  =        86.8484
 EAMBER (non-restraint)  =    -43319.5028
 EKCMT  =         0.0000  VIRIAL  =         0.0000  VOLUME     =    158560.6038
                                                    Density    =         0.9468
 ------------------------------------------------------------------------------


 NSTEP =     3600   TIME(PS) =       3.600  TEMP(K) =   298.15  PRESS =     0.0
 Etot   =    -34260.9958  EKtot   =      9034.9961  EPtot      =    -43295.9919
 BOND   =       357.8949  ANGLE   =      1005.1017  DIHED      =      1351.7082
 1-4 NB =       439.2793  1-4 EEL =      6370.1076  VDWAALS    =      4950.7770
 EELEC  =    -57856.8329  EHBOND  =         0.0000  RESTRAINT  =        85.9724
 EAMBER (non-restraint)  =    -43381.9643
 EKCMT  =         0.0000  VIRIAL  =         0.0000  VOLUME     =    158138.7076
                                                    Density    =         0.9493
 ------------------------------------------------------------------------------


 NSTEP =     3650   TIME(PS) =       3.650  TEMP(K) =   297.97  PRESS =     0.0
 Etot   =    -34344.7122  EKtot   =      9029.6338  EPtot      =    -43374.3459
 BOND   =       320.4305  ANGLE   =      1003.4451  DIHED      =      1326.7912
 1-4 NB =       447.9705  1-4 EEL =      6352.3218  VDWAALS    =      4754.7664
 EELEC  =    -57666.4019  EHBOND  =         0.0000  RESTRAINT  =        86.3306
 EAMBER (non-restraint)  =    -43460.6765
 EKCMT  =         0.0000  VIRIAL  =         0.0000  VOLUME     =    158138.7076
                                                    Density    =         0.9493
 ------------------------------------------------------------------------------


 NSTEP =     3700   TIME(PS) =       3.700  TEMP(K) =   301.16  PRESS =     0.0
 Etot   =    -34181.8120  EKtot   =      9126.3252  EPtot      =    -43308.1372
 BOND   =       332.7557  ANGLE   =      1016.9697  DIHED      =      1344.4545
 1-4 NB =       449.3255  1-4 EEL =      6384.7427  VDWAALS    =      4803.6134
 EELEC  =    -57722.8787  EHBOND  =         0.0000  RESTRAINT  =        82.8800
 EAMBER (non-restraint)  =    -43391.0172
 EKCMT  =         0.0000  VIRIAL  =         0.0000  VOLUME     =    158138.7076
                                                    Density    =         0.9493
 ------------------------------------------------------------------------------


 NSTEP =     3750   TIME(PS) =       3.750  TEMP(K) =   303.07  PRESS =     0.0
 Etot   =    -34134.9375  EKtot   =      9184.1641  EPtot      =    -43319.1016
 BOND   =       378.7736  ANGLE   =       998.8779  DIHED      =      1341.4315
 1-4 NB =       440.5657  1-4 EEL =      6361.4433  VDWAALS    =      4741.9631
 EELEC  =    -57663.7004  EHBOND  =         0.0000  RESTRAINT  =        81.5437
 EAMBER (non-restraint)  =    -43400.6453
 EKCMT  =         0.0000  VIRIAL  =         0.0000  VOLUME     =    158138.7076
                                                    Density    =         0.9493
 ------------------------------------------------------------------------------


 NSTEP =     3800   TIME(PS) =       3.800  TEMP(K) =   305.31  PRESS =     0.0
 Etot   =    -34094.6799  EKtot   =      9252.1455  EPtot      =    -43346.8254
 BOND   =       355.9598  ANGLE   =      1026.3666  DIHED      =      1352.1233
 1-4 NB =       441.0381  1-4 EEL =      6365.0791  VDWAALS    =      4803.0846
 EELEC  =    -57772.0154  EHBOND  =         0.0000  RESTRAINT  =        81.5384
 EAMBER (non-restraint)  =    -43428.3638
 EKCMT  =         0.0000  VIRIAL  =         0.0000  VOLUME     =    158138.7076
                                                    Density    =         0.9493
 ------------------------------------------------------------------------------


 NSTEP =     3850   TIME(PS) =       3.850  TEMP(K) =   299.43  PRESS =     0.0
 Etot   =    -34173.7121  EKtot   =      9073.8604  EPtot      =    -43247.5725
 BOND   =       350.2140  ANGLE   =      1014.5382  DIHED      =      1345.9528
 1-4 NB =       451.9584  1-4 EEL =      6351.0800  VDWAALS    =      4734.0095
 EELEC  =    -57577.7352  EHBOND  =         0.0000  RESTRAINT  =        82.4099
 EAMBER (non-restraint)  =    -43329.9823
 EKCMT  =         0.0000  VIRIAL  =         0.0000  VOLUME     =    158138.7076
                                                    Density    =         0.9493
 ------------------------------------------------------------------------------


 NSTEP =     3900   TIME(PS) =       3.900  TEMP(K) =   298.74  PRESS =     0.0
 Etot   =    -34188.3871  EKtot   =      9052.8193  EPtot      =    -43241.2064
 BOND   =       351.9117  ANGLE   =       986.2881  DIHED      =      1348.2054
 1-4 NB =       443.4617  1-4 EEL =      6406.0162  VDWAALS    =      4692.9105
 EELEC  =    -57549.6260  EHBOND  =         0.0000  RESTRAINT  =        79.6260
 EAMBER (non-restraint)  =    -43320.8324
 EKCMT  =         0.0000  VIRIAL  =         0.0000  VOLUME     =    158138.7076
                                                    Density    =         0.9493
 ------------------------------------------------------------------------------


 NSTEP =     3950   TIME(PS) =       3.950  TEMP(K) =   295.30  PRESS =     0.0
 Etot   =    -34265.6782  EKtot   =      8948.5371  EPtot      =    -43214.2153
 BOND   =       335.2211  ANGLE   =      1015.2068  DIHED      =      1363.9223
 1-4 NB =       429.1622  1-4 EEL =      6354.7793  VDWAALS    =      4676.8968
 EELEC  =    -57468.9554  EHBOND  =         0.0000  RESTRAINT  =        79.5517
 EAMBER (non-restraint)  =    -43293.7670
 EKCMT  =         0.0000  VIRIAL  =         0.0000  VOLUME     =    158138.7076
                                                    Density    =         0.9493
 ------------------------------------------------------------------------------


 NSTEP =     4000   TIME(PS) =       4.000  TEMP(K) =   296.37  PRESS =     0.0
 Etot   =    -34247.0387  EKtot   =      8981.1172  EPtot      =    -43228.1559
 BOND   =       346.9735  ANGLE   =      1003.8121  DIHED      =      1346.8097
 1-4 NB =       461.7843  1-4 EEL =      6395.0150  VDWAALS    =      4656.4800
 EELEC  =    -57520.4106  EHBOND  =         0.0000  RESTRAINT  =        81.3801
 EAMBER (non-restraint)  =    -43309.5361
 EKCMT  =         0.0000  VIRIAL  =         0.0000  VOLUME     =    158138.7076
                                                    Density    =         0.9493
 ------------------------------------------------------------------------------


 NSTEP =     4050   TIME(PS) =       4.050  TEMP(K) =   300.54  PRESS =     0.0
 Etot   =    -34164.3445  EKtot   =      9107.5771  EPtot      =    -43271.9216
 BOND   =       353.4434  ANGLE   =      1009.9766  DIHED      =      1367.1051
 1-4 NB =       444.9403  1-4 EEL =      6371.7817  VDWAALS    =      4671.3578
 EELEC  =    -57571.5300  EHBOND  =         0.0000  RESTRAINT  =        81.0035
 EAMBER (non-restraint)  =    -43352.9251
 EKCMT  =         0.0000  VIRIAL  =         0.0000  VOLUME     =    158138.7076
                                                    Density    =         0.9493
 ------------------------------------------------------------------------------


 NSTEP =     4100   TIME(PS) =       4.100  TEMP(K) =   297.51  PRESS =     0.0
 Etot   =    -34186.3424  EKtot   =      9015.6221  EPtot      =    -43201.9644
 BOND   =       325.7694  ANGLE   =      1004.0071  DIHED      =      1357.3636
 1-4 NB =       440.5350  1-4 EEL =      6388.8050  VDWAALS    =      4698.9733
 EELEC  =    -57499.2551  EHBOND  =         0.0000  RESTRAINT  =        81.8374
 EAMBER (non-restraint)  =    -43283.8018
 EKCMT  =         0.0000  VIRIAL  =         0.0000  VOLUME     =    158138.7076
                                                    Density    =         0.9493
 ------------------------------------------------------------------------------


 NSTEP =     4150   TIME(PS) =       4.150  TEMP(K) =   301.17  PRESS =     0.0
 Etot   =    -34115.5957  EKtot   =      9126.6504  EPtot      =    -43242.2461
 BOND   =       334.0970  ANGLE   =      1014.2043  DIHED      =      1363.2897
 1-4 NB =       448.5669  1-4 EEL =      6341.9816  VDWAALS    =      4837.9097
 EELEC  =    -57660.7347  EHBOND  =         0.0000  RESTRAINT  =        78.4394
 EAMBER (non-restraint)  =    -43320.6855
 EKCMT  =         0.0000  VIRIAL  =         0.0000  VOLUME     =    158138.7076
                                                    Density    =         0.9493
 ------------------------------------------------------------------------------


 NSTEP =     4200   TIME(PS) =       4.200  TEMP(K) =   301.33  PRESS =     0.0
 Etot   =    -34165.1749  EKtot   =      9131.4795  EPtot      =    -43296.6544
 BOND   =       345.9598  ANGLE   =      1004.3052  DIHED      =      1359.7515
 1-4 NB =       459.1319  1-4 EEL =      6369.5541  VDWAALS    =      5209.5211
 EELEC  =    -58119.3853  EHBOND  =         0.0000  RESTRAINT  =        74.5073
 EAMBER (non-restraint)  =    -43371.1617
 EKCMT  =         0.0000  VIRIAL  =         0.0000  VOLUME     =    157161.2944
                                                    Density    =         0.9552
 ------------------------------------------------------------------------------


 NSTEP =     4250   TIME(PS) =       4.250  TEMP(K) =   300.65  PRESS =     0.0
 Etot   =    -34305.0643  EKtot   =      9110.8672  EPtot      =    -43415.9315
 BOND   =       340.1483  ANGLE   =       965.1313  DIHED      =      1348.7183
 1-4 NB =       439.5344  1-4 EEL =      6366.0158  VDWAALS    =      4947.3973
 EELEC  =    -57894.4391  EHBOND  =         0.0000  RESTRAINT  =        71.5622
 EAMBER (non-restraint)  =    -43487.4937
 EKCMT  =         0.0000  VIRIAL  =         0.0000  VOLUME     =    157161.2944
                                                    Density    =         0.9552
 ------------------------------------------------------------------------------


 NSTEP =     4300   TIME(PS) =       4.300  TEMP(K) =   298.33  PRESS =     0.0
 Etot   =    -34209.1170  EKtot   =      9040.3652  EPtot      =    -43249.4822
 BOND   =       356.9590  ANGLE   =      1021.0111  DIHED      =      1365.0014
 1-4 NB =       441.7999  1-4 EEL =      6378.3590  VDWAALS    =      4860.7263
 EELEC  =    -57748.3669  EHBOND  =         0.0000  RESTRAINT  =        75.0279
 EAMBER (non-restraint)  =    -43324.5101
 EKCMT  =         0.0000  VIRIAL  =         0.0000  VOLUME     =    157161.2944
                                                    Density    =         0.9552
 ------------------------------------------------------------------------------


 NSTEP =     4350   TIME(PS) =       4.350  TEMP(K) =   301.16  PRESS =     0.0
 Etot   =    -34229.1499  EKtot   =      9126.1982  EPtot      =    -43355.3481
 BOND   =       312.5282  ANGLE   =      1019.8837  DIHED      =      1369.9754
 1-4 NB =       445.1509  1-4 EEL =      6390.6776  VDWAALS    =      4716.1538
 EELEC  =    -57686.1710  EHBOND  =         0.0000  RESTRAINT  =        76.4534
 EAMBER (non-restraint)  =    -43431.8016
 EKCMT  =         0.0000  VIRIAL  =         0.0000  VOLUME     =    157161.2944
                                                    Density    =         0.9552
 ------------------------------------------------------------------------------


 NSTEP =     4400   TIME(PS) =       4.400  TEMP(K) =   298.28  PRESS =     0.0
 Etot   =    -34164.3614  EKtot   =      9039.0107  EPtot      =    -43203.3721
 BOND   =       325.3138  ANGLE   =      1038.0408  DIHED      =      1375.4944
 1-4 NB =       443.7015  1-4 EEL =      6361.6545  VDWAALS    =      4707.4855
 EELEC  =    -57537.1134  EHBOND  =         0.0000  RESTRAINT  =        82.0507
 EAMBER (non-restraint)  =    -43285.4228
 EKCMT  =         0.0000  VIRIAL  =         0.0000  VOLUME     =    157161.2944
                                                    Density    =         0.9552
 ------------------------------------------------------------------------------


 NSTEP =     4450   TIME(PS) =       4.450  TEMP(K) =   295.09  PRESS =     0.0
 Etot   =    -34266.4698  EKtot   =      8942.2246  EPtot      =    -43208.6944
 BOND   =       333.4674  ANGLE   =      1031.4062  DIHED      =      1376.5634
 1-4 NB =       438.6116  1-4 EEL =      6371.4290  VDWAALS    =      4651.6100
 EELEC  =    -57498.8934  EHBOND  =         0.0000  RESTRAINT  =        87.1115
 EAMBER (non-restraint)  =    -43295.8059
 EKCMT  =         0.0000  VIRIAL  =         0.0000  VOLUME     =    157161.2944
                                                    Density    =         0.9552
 ------------------------------------------------------------------------------


 NSTEP =     4500   TIME(PS) =       4.500  TEMP(K) =   300.46  PRESS =     0.0
 Etot   =    -34198.6772  EKtot   =      9105.0186  EPtot      =    -43303.6958
 BOND   =       346.7160  ANGLE   =      1035.2333  DIHED      =      1353.4251
 1-4 NB =       449.4739  1-4 EEL =      6393.4185  VDWAALS    =      5210.6491
 EELEC  =    -58178.0713  EHBOND  =         0.0000  RESTRAINT  =        85.4596
 EAMBER (non-restraint)  =    -43389.1554
 EKCMT  =         0.0000  VIRIAL  =         0.0000  VOLUME     =    156107.5687
                                                    Density    =         0.9616
 ------------------------------------------------------------------------------


 NSTEP =     4550   TIME(PS) =       4.550  TEMP(K) =   302.80  PRESS =     0.0
 Etot   =    -34261.4330  EKtot   =      9175.8359  EPtot      =    -43437.2689
 BOND   =       333.5392  ANGLE   =      1022.8183  DIHED      =      1369.3122
 1-4 NB =       451.9161  1-4 EEL =      6398.9768  VDWAALS    =      5017.8256
 EELEC  =    -58117.6359  EHBOND  =         0.0000  RESTRAINT  =        85.9788
 EAMBER (non-restraint)  =    -43523.2477
 EKCMT  =         0.0000  VIRIAL  =         0.0000  VOLUME     =    156107.5687
                                                    Density    =         0.9616
 ------------------------------------------------------------------------------


 NSTEP =     4600   TIME(PS) =       4.600  TEMP(K) =   302.73  PRESS =     0.0
 Etot   =    -34169.2593  EKtot   =      9173.9395  EPtot      =    -43343.1987
 BOND   =       334.0977  ANGLE   =      1034.3448  DIHED      =      1383.9637
 1-4 NB =       448.5832  1-4 EEL =      6366.1750  VDWAALS    =      4855.2764
 EELEC  =    -57852.4634  EHBOND  =         0.0000  RESTRAINT  =        86.8238
 EAMBER (non-restraint)  =    -43430.0226
 EKCMT  =         0.0000  VIRIAL  =         0.0000  VOLUME     =    155963.3367
                                                    Density    =         0.9625
 ------------------------------------------------------------------------------


 NSTEP =     4650   TIME(PS) =       4.650  TEMP(K) =   301.74  PRESS =     0.0
 Etot   =    -34281.1890  EKtot   =      9143.7764  EPtot      =    -43424.9654
 BOND   =       320.3313  ANGLE   =      1055.1322  DIHED      =      1357.4063
 1-4 NB =       447.7765  1-4 EEL =      6393.2665  VDWAALS    =      4764.1943
 EELEC  =    -57849.8795  EHBOND  =         0.0000  RESTRAINT  =        86.8070
 EAMBER (non-restraint)  =    -43511.7724
 EKCMT  =         0.0000  VIRIAL  =         0.0000  VOLUME     =    155963.3367
                                                    Density    =         0.9625
 ------------------------------------------------------------------------------


 NSTEP =     4700   TIME(PS) =       4.700  TEMP(K) =   303.81  PRESS =     0.0
 Etot   =    -34231.9049  EKtot   =      9206.5010  EPtot      =    -43438.4059
 BOND   =       324.1682  ANGLE   =      1028.2217  DIHED      =      1379.1398
 1-4 NB =       432.1684  1-4 EEL =      6364.6545  VDWAALS    =      4782.4629
 EELEC  =    -57836.0514  EHBOND  =         0.0000  RESTRAINT  =        86.8300
 EAMBER (non-restraint)  =    -43525.2358
 EKCMT  =         0.0000  VIRIAL  =         0.0000  VOLUME     =    155963.3367
                                                    Density    =         0.9625
 ------------------------------------------------------------------------------


 NSTEP =     4750   TIME(PS) =       4.750  TEMP(K) =   301.92  PRESS =     0.0
 Etot   =    -34313.5857  EKtot   =      9149.3691  EPtot      =    -43462.9548
 BOND   =       343.8609  ANGLE   =      1009.7715  DIHED      =      1368.7911
 1-4 NB =       425.9181  1-4 EEL =      6394.9485  VDWAALS    =      4692.5845
 EELEC  =    -57784.1023  EHBOND  =         0.0000  RESTRAINT  =        85.2729
 EAMBER (non-restraint)  =    -43548.2277
 EKCMT  =         0.0000  VIRIAL  =         0.0000  VOLUME     =    155963.3367
                                                    Density    =         0.9625
 ------------------------------------------------------------------------------


 NSTEP =     4800   TIME(PS) =       4.800  TEMP(K) =   298.52  PRESS =     0.0
 Etot   =    -34236.8800  EKtot   =      9046.2734  EPtot      =    -43283.1534
 BOND   =       338.3895  ANGLE   =      1058.8742  DIHED      =      1375.0282
 1-4 NB =       425.9784  1-4 EEL =      6362.2490  VDWAALS    =      4642.4731
 EELEC  =    -57573.4715  EHBOND  =         0.0000  RESTRAINT  =        87.3257
 EAMBER (non-restraint)  =    -43370.4792
 EKCMT  =         0.0000  VIRIAL  =         0.0000  VOLUME     =    155963.3367
                                                    Density    =         0.9625
 ------------------------------------------------------------------------------


 NSTEP =     4850   TIME(PS) =       4.850  TEMP(K) =   298.98  PRESS =     0.0
 Etot   =    -34369.7613  EKtot   =      9060.0752  EPtot      =    -43429.8365
 BOND   =       324.6028  ANGLE   =      1017.8311  DIHED      =      1365.1093
 1-4 NB =       448.6991  1-4 EEL =      6401.2552  VDWAALS    =      4716.6960
 EELEC  =    -57793.8593  EHBOND  =         0.0000  RESTRAINT  =        89.8291
 EAMBER (non-restraint)  =    -43519.6657
 EKCMT  =         0.0000  VIRIAL  =         0.0000  VOLUME     =    155963.3367
                                                    Density    =         0.9625
 ------------------------------------------------------------------------------


 NSTEP =     4900   TIME(PS) =       4.900  TEMP(K) =   297.22  PRESS =     0.0
 Etot   =    -34386.2249  EKtot   =      9006.8750  EPtot      =    -43393.0999
 BOND   =       311.6055  ANGLE   =      1019.5927  DIHED      =      1362.6999
 1-4 NB =       452.9376  1-4 EEL =      6371.4849  VDWAALS    =      4754.5444
 EELEC  =    -57752.0513  EHBOND  =         0.0000  RESTRAINT  =        86.0864
 EAMBER (non-restraint)  =    -43479.1862
 EKCMT  =         0.0000  VIRIAL  =         0.0000  VOLUME     =    155963.3367
                                                    Density    =         0.9625
 ------------------------------------------------------------------------------


 NSTEP =     4950   TIME(PS) =       4.950  TEMP(K) =   302.61  PRESS =     0.0
 Etot   =    -34368.2876  EKtot   =      9170.1572  EPtot      =    -43538.4448
 BOND   =       340.6864  ANGLE   =      1009.8751  DIHED      =      1350.2061
 1-4 NB =       441.2982  1-4 EEL =      6347.3303  VDWAALS    =      4709.4366
 EELEC  =    -57822.3573  EHBOND  =         0.0000  RESTRAINT  =        85.0799
 EAMBER (non-restraint)  =    -43623.5248
 EKCMT  =         0.0000  VIRIAL  =         0.0000  VOLUME     =    155963.3367
                                                    Density    =         0.9625
 ------------------------------------------------------------------------------


 NSTEP =     5000   TIME(PS) =       5.000  TEMP(K) =   302.95  PRESS =     0.0
 Etot   =    -34274.9569  EKtot   =      9180.3604  EPtot      =    -43455.3172
 BOND   =       333.3976  ANGLE   =      1027.7977  DIHED      =      1349.5651
 1-4 NB =       437.0491  1-4 EEL =      6368.0199  VDWAALS    =      4722.9924
 EELEC  =    -57776.1127  EHBOND  =         0.0000  RESTRAINT  =        81.9736
 EAMBER (non-restraint)  =    -43537.2909
 EKCMT  =         0.0000  VIRIAL  =         0.0000  VOLUME     =    155963.3367
                                                    Density    =         0.9625
 ------------------------------------------------------------------------------


      A V E R A G E S   O V E R     100 S T E P S


 NSTEP =     5000   TIME(PS) =       5.000  TEMP(K) =   292.81  PRESS =     0.0
 Etot   =    -34672.8117  EKtot   =      8873.2058  EPtot      =    -43546.0176
 BOND   =       335.3990  ANGLE   =      1010.4704  DIHED      =      1354.3473
 1-4 NB =       442.1821  1-4 EEL =      6367.7565  VDWAALS    =      5018.3403
 EELEC  =    -58150.6786  EHBOND  =         0.0000  RESTRAINT  =        76.1653
 EAMBER (non-restraint)  =    -43622.1829
 EKCMT  =         0.0000  VIRIAL  =         0.0000  VOLUME     =    162562.7857
                                                    Density    =         0.9243
 ------------------------------------------------------------------------------


      R M S  F L U C T U A T I O N S


 NSTEP =     5000   TIME(PS) =       5.000  TEMP(K) =    18.65  PRESS =     0.0
 Etot   =      1508.2887  EKtot   =       565.2024  EPtot      =       953.4316
 BOND   =        19.7366  ANGLE   =        47.1320  DIHED      =        15.3830
 1-4 NB =         8.9609  1-4 EEL =        20.0836  VDWAALS    =       587.5649
 EELEC  =      1424.8723  EHBOND  =         0.0000  RESTRAINT  =        11.5716
 EAMBER (non-restraint)  =       941.8601
 EKCMT  =         0.0000  VIRIAL  =         0.0000  VOLUME     =      4933.5516
                                                    Density    =         0.0278
 ------------------------------------------------------------------------------

| MC Barostat:         50 volume changes attempted.
| MC Barostat:         17 changes successful ( 34.00%)
 ------------------------------------------------------------------------------

--------------------------------------------------------------------------------
   5.  TIMINGS
--------------------------------------------------------------------------------

|  NonSetup CPU Time in Major Routines:
|
|     Routine           Sec        %
|     ------------------------------
|     Nonbond           0.51   23.39
|     Bond              0.00    0.00
|     Angle             0.00    0.00
|     Dihedral          0.00    0.00
|     Shake             0.03    1.32
|     RunMD             1.59   73.47
|     Other             0.04    1.81
|     ------------------------------
|     Total             2.16

|  PME Nonbond Pairlist CPU Time:
|
|     Routine              Sec        %
|     ---------------------------------
|     Set Up Cit           0.00    0.00
|     Build List           0.00    0.00
|     ---------------------------------
|     Total                0.00    0.00

|  PME Direct Force CPU Time:
|
|     Routine              Sec        %
|     ---------------------------------
|     NonBonded Calc       0.00    0.00
|     Exclude Masked       0.00    0.00
|     Other                0.01    0.44
|     ---------------------------------
|     Total                0.01    0.44

|  PME Reciprocal Force CPU Time:
|
|     Routine              Sec        %
|     ---------------------------------
|     1D bspline           0.00    0.00
|     Grid Charges         0.00    0.00
|     Scalar Sum           0.00    0.00
|     Gradient Sum         0.00    0.00
|     FFT                  0.00    0.00
|     ---------------------------------
|     Total                0.00    0.00

|  Final Performance Info:
|     -----------------------------------------------------
|     Average timings for last    5000 steps:
|     Elapsed(s) =       2.18 Per Step(ms) =       0.44
|         ns/day =     197.94   seconds/ns =     436.50
|
|     Average timings for all steps:
|     Elapsed(s) =       2.18 Per Step(ms) =       0.44
|         ns/day =     197.94   seconds/ns =     436.50
|     -----------------------------------------------------

|  Setup CPU time:            0.52 seconds
|  NonSetup CPU time:         2.16 seconds
|  Total CPU time:            2.69 seconds     0.00 hours

|  Setup wall time:           1    seconds
|  NonSetup wall time:        2    seconds
|  Total wall time:           3    seconds     0.00 hours
