
          -------------------------------------------------------
          Amber 20 PMEMD                              2020
          -------------------------------------------------------

| PMEMD implementation of SANDER, Release 18

|  Compiled date/time: Tue Apr 28 03:19:54 2020
| Run on 05/02/2022 at 09:11:37

|   Executable path: pmemd.cuda
| Working directory: /m100_work/AIRC_Fortun21/barletta/extra_obp/eol/pre
|          Hostname: login06

  [-O]verwriting output

File Assignments:
|   MDIN: step7.in                                                              
|  MDOUT: step7.out                                                             
| INPCRD: step6.rst7                                                            
|   PARM: ../top/eol.prmtop                                                     
| RESTRT: step7.rst7                                                            
|   REFC: step5.rst7                                                            
|  MDVEL: mdvel                                                                 
|   MDEN: mden                                                                  
|  MDCRD: step7.nc                                                              
| MDINFO: step7.mdinfo                                                          
|  MDFRC: mdfrc                                                                 


 Here is the input file:

MD: step7.in                                                                   
 &cntrl                                                                        
   imin = 0, nstlim = 5000, dt = 0.001,                                        
   ntx = 5, irest = 1, ig = -1,                                                
   ntwx = 500, ntwv = -1, ioutfm = 1, ntxo = 1, ntpr = 50, ntwr = 500,         
   iwrap = 0, nscm = 0,                                                        
   ntc = 2, ntf = 2, ntb = 2, cut = 8.0, icnstph = 2, ntcnstph = 100000,       
   ntt = 3, gamma_ln = 5, temp0 = 300, tempi = 300,                            
   ntp = 1, barostat = 2, pres0 = 1.0, mcbarint = 100,                         
   ntr = 1, restraintmask = ":1-119&!@H=", restraint_wt = 0.5,                 
 &end                                                                          


Note: ig = -1. Setting random seed to   547766 based on wallclock time in 
      microseconds.
| irandom = 1, using AMBER's internal random number generator (default).
 
|--------------------- INFORMATION ----------------------
| GPU (CUDA) Version of PMEMD in use: NVIDIA GPU IN USE.
|                    Version 18.0.0
| 
|                      03/25/2018
| 
| Implementation by:
|                    Ross C. Walker     (SDSC)
|                    Scott Le Grand     (nVIDIA)
| 
| Version 18 performance extensions by:
|                    David Cerutti     (Rutgers)
| 
| Precision model in use:
|      [SPFP] - Single Precision Forces, 64-bit Fixed Point
|               Accumulation. (Default)
| 
|--------------------------------------------------------
 
|----------------- CITATION INFORMATION -----------------
|
|    When publishing work that utilized the CUDA version
|    of AMBER, please cite the following in addition to
|    the regular AMBER citations:
|
|  - Romelia Salomon-Ferrer; Andreas W. Goetz; Duncan
|    Poole; Scott Le Grand; Ross C. Walker "Routine
|    microsecond molecular dynamics simulations with
|    AMBER - Part II: Particle Mesh Ewald", J. Chem.
|    Theory Comput., 2013, 9 (9), pp3878-3888,
|    DOI: 10.1021/ct400314y.
|
|  - Andreas W. Goetz; Mark J. Williamson; Dong Xu;
|    Duncan Poole; Scott Le Grand; Ross C. Walker
|    "Routine microsecond molecular dynamics simulations
|    with AMBER - Part I: Generalized Born", J. Chem.
|    Theory Comput., 2012, 8 (5), pp1542-1555.
|
|  - Scott Le Grand; Andreas W. Goetz; Ross C. Walker
|    "SPFP: Speed without compromise - a mixed precision
|    model for GPU accelerated molecular dynamics
|    simulations.", Comp. Phys. Comm., 2013, 184
|    pp374-380, DOI: 10.1016/j.cpc.2012.09.022
|
|    When publishing work that utilized the CUDA version
|    of Constant pH MD please cite the following in
|    addition to the regular AMBER GPU citations:
|
|  - Daniel J. Mermelstein; J. Andrew McCammon; Ross C. Walker
|    "pH dependent conformational dynamics of Beta-secretase 1:
|    a molecular dynamics study".
|    J. Chem. Theory Comput., 2018, in review.
|
|
|--------------------------------------------------------
 
|------------------- GPU DEVICE INFO --------------------
|
|            CUDA_VISIBLE_DEVICES: 0
|   CUDA Capable Devices Detected:      1
|           CUDA Device ID in use:      0
|                CUDA Device Name: Tesla V100-SXM2-16GB
|     CUDA Device Global Mem Size:  16128 MB
| CUDA Device Num Multiprocessors:     80
|           CUDA Device Core Freq:   1.53 GHz
|
|--------------------------------------------------------
 
 
| Conditional Compilation Defines Used:
| PUBFFT
| BINTRAJ
| CUDA
| EMIL

| Largest sphere to fit in unit cell has radius =    26.160

| New format PARM file being parsed.
| Version =    1.000 Date = 05/02/22 Time = 09:00:18

| Note: 1-4 EEL scale factors are being read from the topology file.

| Note: 1-4 VDW scale factors are being read from the topology file.
| INFO:    Reading atomic numbers from topology file.
| Duplicated    0 dihedrals

| Duplicated    0 dihedrals

--------------------------------------------------------------------------------
   1.  RESOURCE   USE: 
--------------------------------------------------------------------------------

 getting new box info from bottom of inpcrd
 NATOM  =   19204 NTYPES =      18 NBONH =   18248 MBONA  =     965
 NTHETH =    2360 MTHETA =    1297 NPHIH =    4513 MPHIA  =    3275
 NHPARM =       0 NPARM  =       0 NNB   =   34006 NRES   =    5852
 NBONA  =     965 NTHETA =    1297 NPHIA =    3275 NUMBND =      54
 NUMANG =     109 NPTRA  =      44 NATYP =      37 NPHB   =       1
 IFBOX  =       2 NMXRS  =      24 IFCAP =       0 NEXTRA =       0
 NCOPY  =       0

 Implicit solvent radii are H(N)-modified Bondi radii (mbondi2)                                             
|reading charge increments from file: ../top/cpin_eol                                                                                                                                                                                                                                                 
| Coordinate Index Table dimensions:    12   12   12
| Direct force subcell size =     5.3399    5.3399    5.3399

     BOX TYPE: TRUNCATED OCTAHEDRON

--------------------------------------------------------------------------------
   2.  CONTROL  DATA  FOR  THE  RUN
--------------------------------------------------------------------------------

default_name                                                                    

General flags:
     imin    =       0, nmropt  =       0

Nature and format of input:
     ntx     =       5, irest   =       1, ntrx    =       1

Nature and format of output:
     ntxo    =       1, ntpr    =      50, ntrx    =       1, ntwr    =     500
     iwrap   =       0, ntwx    =     500, ntwv    =      -1, ntwe    =       0
     ioutfm  =       1, ntwprt  =       0, idecomp =       0, rbornstat=      0

Potential function:
     ntf     =       2, ntb     =       2, igb     =       0, nsnb    =      25
     ipol    =       0, gbsa    =       0, iesp    =       0
     dielc   =   1.00000, cut     =   8.00000, intdiel =   1.00000
     saltcon =   0.00000, offset  =   0.09000, gbalpha=    0.80000
     gbbeta  =   0.00000, gbgamma =   2.90912, surften =   0.00500
     rdt     =   0.00000, rgbmax  =  25.00000  extdiel =  78.50000
     alpb  =        0

Frozen or restrained atoms:
     ibelly  =       0, ntr     =       1
     restraint_wt =   0.50000

Molecular dynamics:
     nstlim  =      5000, nscm    =         0, nrespa  =         1
     t       =   0.00000, dt      =   0.00100, vlimit  =  -1.00000

Langevin dynamics temperature regulation:
     ig      =  547766
     temp0   = 300.00000, tempi   = 300.00000, gamma_ln=   5.00000

Pressure regulation:
     ntp     =       1
     pres0   =   1.00000, comp    =  44.60000, taup    =   1.00000
     Monte-Carlo Barostat:
     mcbarint  =     100

SHAKE:
     ntc     =       2, jfastw  =       0
     tol     =   0.00001

Constant pH options:
     icnstph =       2
     ntcnstph =  100000
     solvph =   7.00000
     ntrelax =     500 mccycles =       1

| Intermolecular bonds treatment:
|     no_intermolecular_bonds =       1

| Energy averages sample interval:
|     ene_avg_sampling =      50

Ewald parameters:
     verbose =       0, ew_type =       0, nbflag  =       1, use_pme =       1
     vdwmeth =       1, eedmeth =       1, netfrc  =       1
     Box X =   64.079   Box Y =   64.079   Box Z =   64.079
     Alpha =  109.471   Beta  =  109.471   Gamma =  109.471
     NFFT1 =   64       NFFT2 =   64       NFFT3 =   64
     Cutoff=    8.000   Tol   =0.100E-04
     Ewald Coefficient =  0.34864
     Interpolation order =    4

    LOADING THE CONSTRAINED ATOMS AS GROUPS


   5.  REFERENCE ATOM COORDINATES

  default_name                                                                    
     Mask :1-119&!@H=; matches   943 atoms
| MONTE CARLO BAROSTAT IMPORTANT NOTE:
|   The Monte-Carlo barostat does not require the virial to adjust the system volume.
|   Since it is an expensive calculation, it is skipped for efficiency. A side-effect
|   is that the reported pressure is always 0 because it is not calculated.

--------------------------------------------------------------------------------
   3.  ATOMIC COORDINATES AND VELOCITIES
--------------------------------------------------------------------------------

default_name                                                                    
 begin time read from input coords =     5.000 ps

 
 Number of triangulated 3-point waters found:     5731

     Sum of charges from parm topology file =  -0.00000007
     Forcing neutrality...

| Dynamic Memory, Types Used:
| Reals             1082098
| Integers           872406

| Nonbonded Pairs Initial Allocation:     3207548

| GPU memory information (estimate):
| KB of GPU memory in use:    148498
| KB of CPU memory in use:     43402

--------------------------------------------------------------------------------
   4.  RESULTS
--------------------------------------------------------------------------------


 NSTEP =       50   TIME(PS) =       5.050  TEMP(K) =   302.14  PRESS =     0.0
 Etot   =    -44658.4331  EKtot   =     11817.1904  EPtot      =    -56475.6236
 BOND   =       335.0077  ANGLE   =      1042.5519  DIHED      =      1370.6232
 1-4 NB =       431.5328  1-4 EEL =      6419.9297  VDWAALS    =      6933.6596
 EELEC  =    -74095.1440  EHBOND  =         0.0000  RESTRAINT  =      1086.2155
 EAMBER (non-restraint)  =    -57561.8391
 EKCMT  =         0.0000  VIRIAL  =         0.0000  VOLUME     =    202548.5227
                                                    Density    =         0.9596
 ------------------------------------------------------------------------------


 NSTEP =      100   TIME(PS) =       5.100  TEMP(K) =   305.45  PRESS =     0.0
 Etot   =    -44736.0884  EKtot   =     11946.5811  EPtot      =    -56682.6694
 BOND   =       366.2461  ANGLE   =      1023.4110  DIHED      =      1362.8623
 1-4 NB =       460.1966  1-4 EEL =      6443.6545  VDWAALS    =      6961.9230
 EELEC  =    -74236.2140  EHBOND  =         0.0000  RESTRAINT  =       935.2510
 EAMBER (non-restraint)  =    -57617.9204
 EKCMT  =         0.0000  VIRIAL  =         0.0000  VOLUME     =    202548.5227
                                                    Density    =         0.9596
 ------------------------------------------------------------------------------


 NSTEP =      150   TIME(PS) =       5.150  TEMP(K) =   307.25  PRESS =     0.0
 Etot   =    -44884.2917  EKtot   =     12016.9629  EPtot      =    -56901.2546
 BOND   =       354.4502  ANGLE   =      1024.1385  DIHED      =      1364.9229
 1-4 NB =       457.2675  1-4 EEL =      6424.8456  VDWAALS    =      7036.1261
 EELEC  =    -74316.5094  EHBOND  =         0.0000  RESTRAINT  =       753.5041
 EAMBER (non-restraint)  =    -57654.7586
 EKCMT  =         0.0000  VIRIAL  =         0.0000  VOLUME     =    202548.5227
                                                    Density    =         0.9596
 ------------------------------------------------------------------------------


 NSTEP =      200   TIME(PS) =       5.200  TEMP(K) =   309.73  PRESS =     0.0
 Etot   =    -44955.6770  EKtot   =     12114.2451  EPtot      =    -57069.9221
 BOND   =       374.4397  ANGLE   =       992.6520  DIHED      =      1366.7372
 1-4 NB =       453.9189  1-4 EEL =      6424.4902  VDWAALS    =      7148.7041
 EELEC  =    -74410.0216  EHBOND  =         0.0000  RESTRAINT  =       579.1573
 EAMBER (non-restraint)  =    -57649.0794
 EKCMT  =         0.0000  VIRIAL  =         0.0000  VOLUME     =    202548.5227
                                                    Density    =         0.9596
 ------------------------------------------------------------------------------


 NSTEP =      250   TIME(PS) =       5.250  TEMP(K) =   305.05  PRESS =     0.0
 Etot   =    -45175.5372  EKtot   =     11931.1885  EPtot      =    -57106.7257
 BOND   =       343.8223  ANGLE   =      1025.7983  DIHED      =      1356.6469
 1-4 NB =       450.8166  1-4 EEL =      6428.5482  VDWAALS    =      6806.6208
 EELEC  =    -73955.4510  EHBOND  =         0.0000  RESTRAINT  =       436.4722
 EAMBER (non-restraint)  =    -57543.1979
 EKCMT  =         0.0000  VIRIAL  =         0.0000  VOLUME     =    202548.5227
                                                    Density    =         0.9596
 ------------------------------------------------------------------------------


 NSTEP =      300   TIME(PS) =       5.300  TEMP(K) =   306.86  PRESS =     0.0
 Etot   =    -45145.4627  EKtot   =     12001.7686  EPtot      =    -57147.2312
 BOND   =       340.2804  ANGLE   =      1056.9090  DIHED      =      1367.8018
 1-4 NB =       447.9467  1-4 EEL =      6414.3711  VDWAALS    =      6690.6096
 EELEC  =    -73787.7740  EHBOND  =         0.0000  RESTRAINT  =       322.6242
 EAMBER (non-restraint)  =    -57469.8554
 EKCMT  =         0.0000  VIRIAL  =         0.0000  VOLUME     =    202637.3957
                                                    Density    =         0.9591
 ------------------------------------------------------------------------------


 NSTEP =      350   TIME(PS) =       5.350  TEMP(K) =   307.66  PRESS =     0.0
 Etot   =    -45291.5452  EKtot   =     12033.2529  EPtot      =    -57324.7981
 BOND   =       327.5167  ANGLE   =      1003.8601  DIHED      =      1383.5682
 1-4 NB =       450.6883  1-4 EEL =      6448.0046  VDWAALS    =      6791.2401
 EELEC  =    -73967.4079  EHBOND  =         0.0000  RESTRAINT  =       237.7318
 EAMBER (non-restraint)  =    -57562.5299
 EKCMT  =         0.0000  VIRIAL  =         0.0000  VOLUME     =    202637.3957
                                                    Density    =         0.9591
 ------------------------------------------------------------------------------


 NSTEP =      400   TIME(PS) =       5.400  TEMP(K) =   305.55  PRESS =     0.0
 Etot   =    -45458.7706  EKtot   =     11950.7676  EPtot      =    -57409.5382
 BOND   =       329.2471  ANGLE   =      1047.5479  DIHED      =      1357.9093
 1-4 NB =       444.1361  1-4 EEL =      6418.7576  VDWAALS    =      7081.5719
 EELEC  =    -74266.9255  EHBOND  =         0.0000  RESTRAINT  =       178.2174
 EAMBER (non-restraint)  =    -57587.7556
 EKCMT  =         0.0000  VIRIAL  =         0.0000  VOLUME     =    202260.2073
                                                    Density    =         0.9609
 ------------------------------------------------------------------------------


 NSTEP =      450   TIME(PS) =       5.450  TEMP(K) =   300.67  PRESS =     0.0
 Etot   =    -45626.1682  EKtot   =     11759.7031  EPtot      =    -57385.8713
 BOND   =       334.9051  ANGLE   =      1005.3972  DIHED      =      1363.1284
 1-4 NB =       447.5648  1-4 EEL =      6435.6923  VDWAALS    =      7007.9111
 EELEC  =    -74123.6137  EHBOND  =         0.0000  RESTRAINT  =       143.1434
 EAMBER (non-restraint)  =    -57529.0147
 EKCMT  =         0.0000  VIRIAL  =         0.0000  VOLUME     =    202260.2073
                                                    Density    =         0.9609
 ------------------------------------------------------------------------------


 NSTEP =      500   TIME(PS) =       5.500  TEMP(K) =   299.42  PRESS =     0.0
 Etot   =    -45719.8646  EKtot   =     11710.7451  EPtot      =    -57430.6097
 BOND   =       370.0289  ANGLE   =      1012.7558  DIHED      =      1369.1710
 1-4 NB =       451.3281  1-4 EEL =      6418.5835  VDWAALS    =      6819.4213
 EELEC  =    -73990.0651  EHBOND  =         0.0000  RESTRAINT  =       118.1669
 EAMBER (non-restraint)  =    -57548.7766
 EKCMT  =         0.0000  VIRIAL  =         0.0000  VOLUME     =    202260.2073
                                                    Density    =         0.9609
 ------------------------------------------------------------------------------


 NSTEP =      550   TIME(PS) =       5.550  TEMP(K) =   296.29  PRESS =     0.0
 Etot   =    -45868.2578  EKtot   =     11588.3467  EPtot      =    -57456.6045
 BOND   =       342.6904  ANGLE   =      1053.4115  DIHED      =      1351.5860
 1-4 NB =       459.3937  1-4 EEL =      6455.1187  VDWAALS    =      6817.5887
 EELEC  =    -74040.2539  EHBOND  =         0.0000  RESTRAINT  =       103.8605
 EAMBER (non-restraint)  =    -57560.4650
 EKCMT  =         0.0000  VIRIAL  =         0.0000  VOLUME     =    202260.2073
                                                    Density    =         0.9609
 ------------------------------------------------------------------------------


 NSTEP =      600   TIME(PS) =       5.600  TEMP(K) =   298.88  PRESS =     0.0
 Etot   =    -45785.9484  EKtot   =     11689.5811  EPtot      =    -57475.5295
 BOND   =       348.0814  ANGLE   =      1024.7344  DIHED      =      1379.8231
 1-4 NB =       443.6198  1-4 EEL =      6436.4838  VDWAALS    =      6787.7417
 EELEC  =    -73991.8705  EHBOND  =         0.0000  RESTRAINT  =        95.8568
 EAMBER (non-restraint)  =    -57571.3862
 EKCMT  =         0.0000  VIRIAL  =         0.0000  VOLUME     =    202260.2073
                                                    Density    =         0.9609
 ------------------------------------------------------------------------------


 NSTEP =      650   TIME(PS) =       5.650  TEMP(K) =   302.29  PRESS =     0.0
 Etot   =    -45729.9844  EKtot   =     11823.2383  EPtot      =    -57553.2226
 BOND   =       328.3700  ANGLE   =      1047.7642  DIHED      =      1392.4057
 1-4 NB =       454.5420  1-4 EEL =      6442.8367  VDWAALS    =      6896.8478
 EELEC  =    -74204.9759  EHBOND  =         0.0000  RESTRAINT  =        88.9869
 EAMBER (non-restraint)  =    -57642.2095
 EKCMT  =         0.0000  VIRIAL  =         0.0000  VOLUME     =    202260.2073
                                                    Density    =         0.9609
 ------------------------------------------------------------------------------


 NSTEP =      700   TIME(PS) =       5.700  TEMP(K) =   302.50  PRESS =     0.0
 Etot   =    -45643.8207  EKtot   =     11831.4688  EPtot      =    -57475.2895
 BOND   =       347.2947  ANGLE   =      1011.7526  DIHED      =      1348.5611
 1-4 NB =       461.7701  1-4 EEL =      6457.7430  VDWAALS    =      6858.8666
 EELEC  =    -74042.5894  EHBOND  =         0.0000  RESTRAINT  =        81.3118
 EAMBER (non-restraint)  =    -57556.6013
 EKCMT  =         0.0000  VIRIAL  =         0.0000  VOLUME     =    202260.2073
                                                    Density    =         0.9609
 ------------------------------------------------------------------------------


 NSTEP =      750   TIME(PS) =       5.750  TEMP(K) =   296.41  PRESS =     0.0
 Etot   =    -45808.9575  EKtot   =     11593.0107  EPtot      =    -57401.9682
 BOND   =       341.0231  ANGLE   =      1052.2814  DIHED      =      1367.0765
 1-4 NB =       460.1548  1-4 EEL =      6468.4596  VDWAALS    =      6822.7007
 EELEC  =    -73988.1483  EHBOND  =         0.0000  RESTRAINT  =        74.4841
 EAMBER (non-restraint)  =    -57476.4523
 EKCMT  =         0.0000  VIRIAL  =         0.0000  VOLUME     =    202260.2073
                                                    Density    =         0.9609
 ------------------------------------------------------------------------------


 NSTEP =      800   TIME(PS) =       5.800  TEMP(K) =   299.48  PRESS =     0.0
 Etot   =    -45802.8727  EKtot   =     11713.1025  EPtot      =    -57515.9752
 BOND   =       317.3662  ANGLE   =      1014.2950  DIHED      =      1367.8800
 1-4 NB =       427.7454  1-4 EEL =      6431.7367  VDWAALS    =      6908.3113
 EELEC  =    -74051.9224  EHBOND  =         0.0000  RESTRAINT  =        68.6126
 EAMBER (non-restraint)  =    -57584.5878
 EKCMT  =         0.0000  VIRIAL  =         0.0000  VOLUME     =    202260.2073
                                                    Density    =         0.9609
 ------------------------------------------------------------------------------


 NSTEP =      850   TIME(PS) =       5.850  TEMP(K) =   299.34  PRESS =     0.0
 Etot   =    -45770.9712  EKtot   =     11707.6377  EPtot      =    -57478.6089
 BOND   =       327.9790  ANGLE   =      1012.1296  DIHED      =      1356.0223
 1-4 NB =       445.5177  1-4 EEL =      6445.9339  VDWAALS    =      6931.6444
 EELEC  =    -74064.4514  EHBOND  =         0.0000  RESTRAINT  =        66.6155
 EAMBER (non-restraint)  =    -57545.2244
 EKCMT  =         0.0000  VIRIAL  =         0.0000  VOLUME     =    202260.2073
                                                    Density    =         0.9609
 ------------------------------------------------------------------------------


 NSTEP =      900   TIME(PS) =       5.900  TEMP(K) =   300.46  PRESS =     0.0
 Etot   =    -45781.6480  EKtot   =     11751.4385  EPtot      =    -57533.0865
 BOND   =       326.6581  ANGLE   =       994.9140  DIHED      =      1338.7454
 1-4 NB =       451.6803  1-4 EEL =      6438.0367  VDWAALS    =      7189.3063
 EELEC  =    -74342.0198  EHBOND  =         0.0000  RESTRAINT  =        69.5927
 EAMBER (non-restraint)  =    -57602.6792
 EKCMT  =         0.0000  VIRIAL  =         0.0000  VOLUME     =    201636.8606
                                                    Density    =         0.9639
 ------------------------------------------------------------------------------


 NSTEP =      950   TIME(PS) =       5.950  TEMP(K) =   302.35  PRESS =     0.0
 Etot   =    -45805.2309  EKtot   =     11825.4404  EPtot      =    -57630.6714
 BOND   =       326.4519  ANGLE   =      1033.5074  DIHED      =      1343.9679
 1-4 NB =       430.1951  1-4 EEL =      6421.1899  VDWAALS    =      6889.3354
 EELEC  =    -74146.8012  EHBOND  =         0.0000  RESTRAINT  =        71.4823
 EAMBER (non-restraint)  =    -57702.1536
 EKCMT  =         0.0000  VIRIAL  =         0.0000  VOLUME     =    201636.8606
                                                    Density    =         0.9639
 ------------------------------------------------------------------------------


 NSTEP =     1000   TIME(PS) =       6.000  TEMP(K) =   299.70  PRESS =     0.0
 Etot   =    -45662.7718  EKtot   =     11721.9668  EPtot      =    -57384.7386
 BOND   =       350.4844  ANGLE   =       974.1461  DIHED      =      1343.5865
 1-4 NB =       461.1297  1-4 EEL =      6469.2494  VDWAALS    =      6925.6908
 EELEC  =    -73983.4779  EHBOND  =         0.0000  RESTRAINT  =        74.4523
 EAMBER (non-restraint)  =    -57459.1909
 EKCMT  =         0.0000  VIRIAL  =         0.0000  VOLUME     =    201636.8606
                                                    Density    =         0.9639
 ------------------------------------------------------------------------------


 NSTEP =     1050   TIME(PS) =       6.050  TEMP(K) =   300.73  PRESS =     0.0
 Etot   =    -45616.3679  EKtot   =     11762.0312  EPtot      =    -57378.3991
 BOND   =       356.5283  ANGLE   =      1016.8652  DIHED      =      1359.6234
 1-4 NB =       444.4798  1-4 EEL =      6419.6820  VDWAALS    =      6720.2157
 EELEC  =    -73770.6816  EHBOND  =         0.0000  RESTRAINT  =        74.8880
 EAMBER (non-restraint)  =    -57453.2871
 EKCMT  =         0.0000  VIRIAL  =         0.0000  VOLUME     =    201636.8606
                                                    Density    =         0.9639
 ------------------------------------------------------------------------------


 NSTEP =     1100   TIME(PS) =       6.100  TEMP(K) =   298.74  PRESS =     0.0
 Etot   =    -45580.6015  EKtot   =     11684.3467  EPtot      =    -57264.9482
 BOND   =       353.6337  ANGLE   =      1079.2706  DIHED      =      1364.4531
 1-4 NB =       441.2997  1-4 EEL =      6459.0657  VDWAALS    =      7173.5438
 EELEC  =    -74212.4464  EHBOND  =         0.0000  RESTRAINT  =        76.2317
 EAMBER (non-restraint)  =    -57341.1799
 EKCMT  =         0.0000  VIRIAL  =         0.0000  VOLUME     =    200519.7592
                                                    Density    =         0.9693
 ------------------------------------------------------------------------------


 NSTEP =     1150   TIME(PS) =       6.150  TEMP(K) =   300.32  PRESS =     0.0
 Etot   =    -45662.2095  EKtot   =     11745.9688  EPtot      =    -57408.1782
 BOND   =       371.4587  ANGLE   =      1006.5235  DIHED      =      1367.6522
 1-4 NB =       445.9940  1-4 EEL =      6421.1411  VDWAALS    =      6876.4779
 EELEC  =    -73974.1427  EHBOND  =         0.0000  RESTRAINT  =        76.7172
 EAMBER (non-restraint)  =    -57484.8954
 EKCMT  =         0.0000  VIRIAL  =         0.0000  VOLUME     =    200519.7592
                                                    Density    =         0.9693
 ------------------------------------------------------------------------------


 NSTEP =     1200   TIME(PS) =       6.200  TEMP(K) =   299.87  PRESS =     0.0
 Etot   =    -45661.6368  EKtot   =     11728.6221  EPtot      =    -57390.2588
 BOND   =       328.6604  ANGLE   =      1044.3273  DIHED      =      1358.6371
 1-4 NB =       451.8526  1-4 EEL =      6424.3074  VDWAALS    =      6681.7391
 EELEC  =    -73755.3799  EHBOND  =         0.0000  RESTRAINT  =        75.5972
 EAMBER (non-restraint)  =    -57465.8560
 EKCMT  =         0.0000  VIRIAL  =         0.0000  VOLUME     =    200519.7592
                                                    Density    =         0.9693
 ------------------------------------------------------------------------------


 NSTEP =     1250   TIME(PS) =       6.250  TEMP(K) =   301.06  PRESS =     0.0
 Etot   =    -45501.1291  EKtot   =     11774.8467  EPtot      =    -57275.9758
 BOND   =       318.6809  ANGLE   =      1042.4379  DIHED      =      1349.9220
 1-4 NB =       464.9906  1-4 EEL =      6470.6752  VDWAALS    =      6631.4313
 EELEC  =    -73626.6901  EHBOND  =         0.0000  RESTRAINT  =        72.5764
 EAMBER (non-restraint)  =    -57348.5522
 EKCMT  =         0.0000  VIRIAL  =         0.0000  VOLUME     =    200519.7592
                                                    Density    =         0.9693
 ------------------------------------------------------------------------------


 NSTEP =     1300   TIME(PS) =       6.300  TEMP(K) =   303.84  PRESS =     0.0
 Etot   =    -45510.6340  EKtot   =     11883.9160  EPtot      =    -57394.5500
 BOND   =       364.9746  ANGLE   =      1020.7076  DIHED      =      1345.7282
 1-4 NB =       437.6670  1-4 EEL =      6453.4638  VDWAALS    =      6518.8206
 EELEC  =    -73605.3000  EHBOND  =         0.0000  RESTRAINT  =        69.3883
 EAMBER (non-restraint)  =    -57463.9383
 EKCMT  =         0.0000  VIRIAL  =         0.0000  VOLUME     =    200519.7592
                                                    Density    =         0.9693
 ------------------------------------------------------------------------------


 NSTEP =     1350   TIME(PS) =       6.350  TEMP(K) =   300.74  PRESS =     0.0
 Etot   =    -45633.3024  EKtot   =     11762.6348  EPtot      =    -57395.9372
 BOND   =       337.4130  ANGLE   =      1057.8568  DIHED      =      1354.6626
 1-4 NB =       458.8951  1-4 EEL =      6448.8381  VDWAALS    =      6754.9820
 EELEC  =    -73875.7227  EHBOND  =         0.0000  RESTRAINT  =        67.1379
 EAMBER (non-restraint)  =    -57463.0751
 EKCMT  =         0.0000  VIRIAL  =         0.0000  VOLUME     =    200519.7592
                                                    Density    =         0.9693
 ------------------------------------------------------------------------------


 NSTEP =     1400   TIME(PS) =       6.400  TEMP(K) =   304.57  PRESS =     0.0
 Etot   =    -45632.4911  EKtot   =     11912.1377  EPtot      =    -57544.6288
 BOND   =       322.3691  ANGLE   =      1038.6004  DIHED      =      1369.0700
 1-4 NB =       445.9242  1-4 EEL =      6491.8647  VDWAALS    =      6692.8089
 EELEC  =    -73971.2118  EHBOND  =         0.0000  RESTRAINT  =        65.9457
 EAMBER (non-restraint)  =    -57610.5745
 EKCMT  =         0.0000  VIRIAL  =         0.0000  VOLUME     =    200519.7592
                                                    Density    =         0.9693
 ------------------------------------------------------------------------------


 NSTEP =     1450   TIME(PS) =       6.450  TEMP(K) =   299.83  PRESS =     0.0
 Etot   =    -45676.4102  EKtot   =     11726.7666  EPtot      =    -57403.1768
 BOND   =       347.6684  ANGLE   =      1030.7734  DIHED      =      1356.9288
 1-4 NB =       468.3125  1-4 EEL =      6445.7777  VDWAALS    =      6720.7772
 EELEC  =    -73838.0210  EHBOND  =         0.0000  RESTRAINT  =        64.6062
 EAMBER (non-restraint)  =    -57467.7830
 EKCMT  =         0.0000  VIRIAL  =         0.0000  VOLUME     =    200519.7592
                                                    Density    =         0.9693
 ------------------------------------------------------------------------------


 NSTEP =     1500   TIME(PS) =       6.500  TEMP(K) =   302.70  PRESS =     0.0
 Etot   =    -45598.1830  EKtot   =     11839.2461  EPtot      =    -57437.4291
 BOND   =       339.5418  ANGLE   =      1012.0280  DIHED      =      1363.1945
 1-4 NB =       451.6591  1-4 EEL =      6445.6253  VDWAALS    =      6730.9085
 EELEC  =    -73841.8413  EHBOND  =         0.0000  RESTRAINT  =        61.4552
 EAMBER (non-restraint)  =    -57498.8843
 EKCMT  =         0.0000  VIRIAL  =         0.0000  VOLUME     =    200389.1377
                                                    Density    =         0.9699
 ------------------------------------------------------------------------------


 NSTEP =     1550   TIME(PS) =       6.550  TEMP(K) =   302.67  PRESS =     0.0
 Etot   =    -45614.5977  EKtot   =     11837.8066  EPtot      =    -57452.4043
 BOND   =       335.3654  ANGLE   =      1049.4649  DIHED      =      1384.3439
 1-4 NB =       456.9332  1-4 EEL =      6453.9034  VDWAALS    =      6637.4015
 EELEC  =    -73830.0550  EHBOND  =         0.0000  RESTRAINT  =        60.2384
 EAMBER (non-restraint)  =    -57512.6428
 EKCMT  =         0.0000  VIRIAL  =         0.0000  VOLUME     =    200389.1377
                                                    Density    =         0.9699
 ------------------------------------------------------------------------------


 NSTEP =     1600   TIME(PS) =       6.600  TEMP(K) =   302.65  PRESS =     0.0
 Etot   =    -45596.1813  EKtot   =     11837.1807  EPtot      =    -57433.3619
 BOND   =       335.3538  ANGLE   =      1063.3860  DIHED      =      1349.6200
 1-4 NB =       451.4214  1-4 EEL =      6440.8405  VDWAALS    =      6753.0872
 EELEC  =    -73888.2776  EHBOND  =         0.0000  RESTRAINT  =        61.2068
 EAMBER (non-restraint)  =    -57494.5687
 EKCMT  =         0.0000  VIRIAL  =         0.0000  VOLUME     =    200389.1377
                                                    Density    =         0.9699
 ------------------------------------------------------------------------------


 NSTEP =     1650   TIME(PS) =       6.650  TEMP(K) =   304.84  PRESS =     0.0
 Etot   =    -45484.4283  EKtot   =     11922.7959  EPtot      =    -57407.2242
 BOND   =       373.4320  ANGLE   =      1017.5944  DIHED      =      1366.5413
 1-4 NB =       460.4573  1-4 EEL =      6432.9602  VDWAALS    =      6901.9784
 EELEC  =    -74021.6490  EHBOND  =         0.0000  RESTRAINT  =        61.4612
 EAMBER (non-restraint)  =    -57468.6854
 EKCMT  =         0.0000  VIRIAL  =         0.0000  VOLUME     =    200389.1377
                                                    Density    =         0.9699
 ------------------------------------------------------------------------------


 NSTEP =     1700   TIME(PS) =       6.700  TEMP(K) =   303.03  PRESS =     0.0
 Etot   =    -45542.6538  EKtot   =     11852.0566  EPtot      =    -57394.7104
 BOND   =       337.9952  ANGLE   =      1071.3943  DIHED      =      1370.9326
 1-4 NB =       457.6183  1-4 EEL =      6418.8554  VDWAALS    =      6712.3026
 EELEC  =    -73826.4230  EHBOND  =         0.0000  RESTRAINT  =        62.6143
 EAMBER (non-restraint)  =    -57457.3247
 EKCMT  =         0.0000  VIRIAL  =         0.0000  VOLUME     =    200389.1377
                                                    Density    =         0.9699
 ------------------------------------------------------------------------------


 NSTEP =     1750   TIME(PS) =       6.750  TEMP(K) =   305.27  PRESS =     0.0
 Etot   =    -45570.1822  EKtot   =     11939.7764  EPtot      =    -57509.9585
 BOND   =       329.3034  ANGLE   =      1017.0821  DIHED      =      1356.6994
 1-4 NB =       453.0803  1-4 EEL =      6457.2720  VDWAALS    =      6760.4083
 EELEC  =    -73948.2373  EHBOND  =         0.0000  RESTRAINT  =        64.4332
 EAMBER (non-restraint)  =    -57574.3917
 EKCMT  =         0.0000  VIRIAL  =         0.0000  VOLUME     =    200389.1377
                                                    Density    =         0.9699
 ------------------------------------------------------------------------------


 NSTEP =     1800   TIME(PS) =       6.800  TEMP(K) =   304.48  PRESS =     0.0
 Etot   =    -45640.3419  EKtot   =     11908.9697  EPtot      =    -57549.3116
 BOND   =       345.5399  ANGLE   =      1039.9086  DIHED      =      1355.8957
 1-4 NB =       443.0715  1-4 EEL =      6438.0648  VDWAALS    =      6924.0312
 EELEC  =    -74161.6847  EHBOND  =         0.0000  RESTRAINT  =        65.8615
 EAMBER (non-restraint)  =    -57615.1731
 EKCMT  =         0.0000  VIRIAL  =         0.0000  VOLUME     =    200371.3969
                                                    Density    =         0.9700
 ------------------------------------------------------------------------------


 NSTEP =     1850   TIME(PS) =       6.850  TEMP(K) =   302.86  PRESS =     0.0
 Etot   =    -45654.7820  EKtot   =     11845.5088  EPtot      =    -57500.2908
 BOND   =       317.5734  ANGLE   =       995.9391  DIHED      =      1363.2617
 1-4 NB =       462.1053  1-4 EEL =      6447.7875  VDWAALS    =      7043.2477
 EELEC  =    -74196.3732  EHBOND  =         0.0000  RESTRAINT  =        66.1678
 EAMBER (non-restraint)  =    -57566.4586
 EKCMT  =         0.0000  VIRIAL  =         0.0000  VOLUME     =    200371.3969
                                                    Density    =         0.9700
 ------------------------------------------------------------------------------


 NSTEP =     1900   TIME(PS) =       6.900  TEMP(K) =   302.46  PRESS =     0.0
 Etot   =    -45680.9894  EKtot   =     11829.7852  EPtot      =    -57510.7746
 BOND   =       341.8767  ANGLE   =      1082.1155  DIHED      =      1368.2931
 1-4 NB =       436.7487  1-4 EEL =      6417.6897  VDWAALS    =      7096.3255
 EELEC  =    -74321.1274  EHBOND  =         0.0000  RESTRAINT  =        67.3036
 EAMBER (non-restraint)  =    -57578.0782
 EKCMT  =         0.0000  VIRIAL  =         0.0000  VOLUME     =    199810.4674
                                                    Density    =         0.9727
 ------------------------------------------------------------------------------


 NSTEP =     1950   TIME(PS) =       6.950  TEMP(K) =   300.54  PRESS =     0.0
 Etot   =    -45677.8014  EKtot   =     11754.8623  EPtot      =    -57432.6637
 BOND   =       339.6243  ANGLE   =      1024.2148  DIHED      =      1356.1017
 1-4 NB =       451.5116  1-4 EEL =      6479.1497  VDWAALS    =      6766.8348
 EELEC  =    -73915.2655  EHBOND  =         0.0000  RESTRAINT  =        65.1649
 EAMBER (non-restraint)  =    -57497.8286
 EKCMT  =         0.0000  VIRIAL  =         0.0000  VOLUME     =    199810.4674
                                                    Density    =         0.9727
 ------------------------------------------------------------------------------


 NSTEP =     2000   TIME(PS) =       7.000  TEMP(K) =   300.27  PRESS =     0.0
 Etot   =    -45863.0008  EKtot   =     11743.9590  EPtot      =    -57606.9598
 BOND   =       322.2926  ANGLE   =      1047.3482  DIHED      =      1351.1324
 1-4 NB =       455.8353  1-4 EEL =      6445.6529  VDWAALS    =      6586.8389
 EELEC  =    -73880.7089  EHBOND  =         0.0000  RESTRAINT  =        64.6486
 EAMBER (non-restraint)  =    -57671.6084
 EKCMT  =         0.0000  VIRIAL  =         0.0000  VOLUME     =    199810.4674
                                                    Density    =         0.9727
 ------------------------------------------------------------------------------


 NSTEP =     2050   TIME(PS) =       7.050  TEMP(K) =   298.89  PRESS =     0.0
 Etot   =    -45892.7883  EKtot   =     11690.3184  EPtot      =    -57583.1067
 BOND   =       352.8531  ANGLE   =      1056.4167  DIHED      =      1373.1402
 1-4 NB =       437.3244  1-4 EEL =      6441.2537  VDWAALS    =      6780.7975
 EELEC  =    -74089.9167  EHBOND  =         0.0000  RESTRAINT  =        65.0244
 EAMBER (non-restraint)  =    -57648.1311
 EKCMT  =         0.0000  VIRIAL  =         0.0000  VOLUME     =    199810.4674
                                                    Density    =         0.9727
 ------------------------------------------------------------------------------


 NSTEP =     2100   TIME(PS) =       7.100  TEMP(K) =   303.79  PRESS =     0.0
 Etot   =    -45925.9655  EKtot   =     11881.6445  EPtot      =    -57807.6100
 BOND   =       333.1869  ANGLE   =      1036.8722  DIHED      =      1336.3028
 1-4 NB =       449.0628  1-4 EEL =      6446.6040  VDWAALS    =      6908.4253
 EELEC  =    -74381.2094  EHBOND  =         0.0000  RESTRAINT  =        63.1453
 EAMBER (non-restraint)  =    -57870.7553
 EKCMT  =         0.0000  VIRIAL  =         0.0000  VOLUME     =    199810.4674
                                                    Density    =         0.9727
 ------------------------------------------------------------------------------


 NSTEP =     2150   TIME(PS) =       7.150  TEMP(K) =   300.87  PRESS =     0.0
 Etot   =    -45936.0763  EKtot   =     11767.5264  EPtot      =    -57703.6027
 BOND   =       341.3662  ANGLE   =      1040.8939  DIHED      =      1359.6688
 1-4 NB =       444.4076  1-4 EEL =      6430.3426  VDWAALS    =      7085.9826
 EELEC  =    -74467.7212  EHBOND  =         0.0000  RESTRAINT  =        61.4568
 EAMBER (non-restraint)  =    -57765.0595
 EKCMT  =         0.0000  VIRIAL  =         0.0000  VOLUME     =    199810.4674
                                                    Density    =         0.9727
 ------------------------------------------------------------------------------


 NSTEP =     2200   TIME(PS) =       7.200  TEMP(K) =   300.94  PRESS =     0.0
 Etot   =    -45987.1187  EKtot   =     11770.4990  EPtot      =    -57757.6177
 BOND   =       357.9984  ANGLE   =      1036.0549  DIHED      =      1355.0933
 1-4 NB =       444.4817  1-4 EEL =      6423.5133  VDWAALS    =      7332.8296
 EELEC  =    -74769.0570  EHBOND  =         0.0000  RESTRAINT  =        61.4680
 EAMBER (non-restraint)  =    -57819.0858
 EKCMT  =         0.0000  VIRIAL  =         0.0000  VOLUME     =    199153.0724
                                                    Density    =         0.9759
 ------------------------------------------------------------------------------


 NSTEP =     2250   TIME(PS) =       7.250  TEMP(K) =   300.80  PRESS =     0.0
 Etot   =    -45979.7876  EKtot   =     11764.9600  EPtot      =    -57744.7475
 BOND   =       335.0361  ANGLE   =      1038.0529  DIHED      =      1338.4216
 1-4 NB =       459.7602  1-4 EEL =      6458.9565  VDWAALS    =      7001.3930
 EELEC  =    -74438.3102  EHBOND  =         0.0000  RESTRAINT  =        61.9424
 EAMBER (non-restraint)  =    -57806.6899
 EKCMT  =         0.0000  VIRIAL  =         0.0000  VOLUME     =    199153.0724
                                                    Density    =         0.9759
 ------------------------------------------------------------------------------


 NSTEP =     2300   TIME(PS) =       7.300  TEMP(K) =   301.42  PRESS =     0.0
 Etot   =    -45912.8548  EKtot   =     11789.1729  EPtot      =    -57702.0276
 BOND   =       386.4582  ANGLE   =       994.3352  DIHED      =      1342.1241
 1-4 NB =       452.5898  1-4 EEL =      6458.2762  VDWAALS    =      7382.2536
 EELEC  =    -74781.6999  EHBOND  =         0.0000  RESTRAINT  =        63.6353
 EAMBER (non-restraint)  =    -57765.6629
 EKCMT  =         0.0000  VIRIAL  =         0.0000  VOLUME     =    198010.3530
                                                    Density    =         0.9816
 ------------------------------------------------------------------------------


 NSTEP =     2350   TIME(PS) =       7.350  TEMP(K) =   303.70  PRESS =     0.0
 Etot   =    -45985.9792  EKtot   =     11878.4219  EPtot      =    -57864.4011
 BOND   =       328.3241  ANGLE   =      1051.6869  DIHED      =      1356.1672
 1-4 NB =       464.7860  1-4 EEL =      6467.0962  VDWAALS    =      7163.5115
 EELEC  =    -74762.3313  EHBOND  =         0.0000  RESTRAINT  =        66.3583
 EAMBER (non-restraint)  =    -57930.7594
 EKCMT  =         0.0000  VIRIAL  =         0.0000  VOLUME     =    198010.3530
                                                    Density    =         0.9816
 ------------------------------------------------------------------------------


 NSTEP =     2400   TIME(PS) =       7.400  TEMP(K) =   306.44  PRESS =     0.0
 Etot   =    -46023.9023  EKtot   =     11985.3857  EPtot      =    -58009.2881
 BOND   =       346.0181  ANGLE   =      1045.6774  DIHED      =      1352.1073
 1-4 NB =       447.3316  1-4 EEL =      6419.4710  VDWAALS    =      7078.8981
 EELEC  =    -74766.4246  EHBOND  =         0.0000  RESTRAINT  =        67.6329
 EAMBER (non-restraint)  =    -58076.9210
 EKCMT  =         0.0000  VIRIAL  =         0.0000  VOLUME     =    198010.3530
                                                    Density    =         0.9816
 ------------------------------------------------------------------------------


 NSTEP =     2450   TIME(PS) =       7.450  TEMP(K) =   300.74  PRESS =     0.0
 Etot   =    -46140.6397  EKtot   =     11762.3447  EPtot      =    -57902.9844
 BOND   =       343.7395  ANGLE   =      1037.2580  DIHED      =      1388.7005
 1-4 NB =       446.0680  1-4 EEL =      6450.5226  VDWAALS    =      6999.0453
 EELEC  =    -74636.2664  EHBOND  =         0.0000  RESTRAINT  =        67.9481
 EAMBER (non-restraint)  =    -57970.9325
 EKCMT  =         0.0000  VIRIAL  =         0.0000  VOLUME     =    198010.3530
                                                    Density    =         0.9816
 ------------------------------------------------------------------------------


 NSTEP =     2500   TIME(PS) =       7.500  TEMP(K) =   297.66  PRESS =     0.0
 Etot   =    -46179.9603  EKtot   =     11642.0996  EPtot      =    -57822.0599
 BOND   =       334.4248  ANGLE   =      1060.9775  DIHED      =      1360.1272
 1-4 NB =       451.4578  1-4 EEL =      6455.4654  VDWAALS    =      7087.7667
 EELEC  =    -74637.1264  EHBOND  =         0.0000  RESTRAINT  =        64.8472
 EAMBER (non-restraint)  =    -57886.9071
 EKCMT  =         0.0000  VIRIAL  =         0.0000  VOLUME     =    197881.1099
                                                    Density    =         0.9822
 ------------------------------------------------------------------------------


 NSTEP =     2550   TIME(PS) =       7.550  TEMP(K) =   300.16  PRESS =     0.0
 Etot   =    -46132.0518  EKtot   =     11739.9248  EPtot      =    -57871.9766
 BOND   =       356.0518  ANGLE   =      1022.3439  DIHED      =      1380.5643
 1-4 NB =       467.3789  1-4 EEL =      6431.5800  VDWAALS    =      6809.7889
 EELEC  =    -74402.8851  EHBOND  =         0.0000  RESTRAINT  =        63.2007
 EAMBER (non-restraint)  =    -57935.1773
 EKCMT  =         0.0000  VIRIAL  =         0.0000  VOLUME     =    197881.1099
                                                    Density    =         0.9822
 ------------------------------------------------------------------------------


 NSTEP =     2600   TIME(PS) =       7.600  TEMP(K) =   300.14  PRESS =     0.0
 Etot   =    -46186.9951  EKtot   =     11738.9756  EPtot      =    -57925.9707
 BOND   =       363.7712  ANGLE   =      1066.4234  DIHED      =      1350.2438
 1-4 NB =       451.5571  1-4 EEL =      6404.3356  VDWAALS    =      6770.4713
 EELEC  =    -74396.3493  EHBOND  =         0.0000  RESTRAINT  =        63.5763
 EAMBER (non-restraint)  =    -57989.5470
 EKCMT  =         0.0000  VIRIAL  =         0.0000  VOLUME     =    197881.1099
                                                    Density    =         0.9822
 ------------------------------------------------------------------------------


 NSTEP =     2650   TIME(PS) =       7.650  TEMP(K) =   301.98  PRESS =     0.0
 Etot   =    -46056.3641  EKtot   =     11811.1836  EPtot      =    -57867.5477
 BOND   =       367.1120  ANGLE   =      1026.6555  DIHED      =      1356.6949
 1-4 NB =       455.5028  1-4 EEL =      6424.4298  VDWAALS    =      6834.4534
 EELEC  =    -74395.1049  EHBOND  =         0.0000  RESTRAINT  =        62.7088
 EAMBER (non-restraint)  =    -57930.2565
 EKCMT  =         0.0000  VIRIAL  =         0.0000  VOLUME     =    197881.1099
                                                    Density    =         0.9822
 ------------------------------------------------------------------------------


 NSTEP =     2700   TIME(PS) =       7.700  TEMP(K) =   301.54  PRESS =     0.0
 Etot   =    -45983.9697  EKtot   =     11793.6562  EPtot      =    -57777.6260
 BOND   =       343.1675  ANGLE   =      1043.2642  DIHED      =      1339.5757
 1-4 NB =       454.2361  1-4 EEL =      6464.0292  VDWAALS    =      6815.5562
 EELEC  =    -74299.1520  EHBOND  =         0.0000  RESTRAINT  =        61.6971
 EAMBER (non-restraint)  =    -57839.3231
 EKCMT  =         0.0000  VIRIAL  =         0.0000  VOLUME     =    197881.1099
                                                    Density    =         0.9822
 ------------------------------------------------------------------------------


 NSTEP =     2750   TIME(PS) =       7.750  TEMP(K) =   301.41  PRESS =     0.0
 Etot   =    -46006.5722  EKtot   =     11788.5684  EPtot      =    -57795.1405
 BOND   =       325.9391  ANGLE   =      1074.1712  DIHED      =      1359.2234
 1-4 NB =       456.6865  1-4 EEL =      6453.1268  VDWAALS    =      6638.0270
 EELEC  =    -74164.1431  EHBOND  =         0.0000  RESTRAINT  =        61.8284
 EAMBER (non-restraint)  =    -57856.9689
 EKCMT  =         0.0000  VIRIAL  =         0.0000  VOLUME     =    197881.1099
                                                    Density    =         0.9822
 ------------------------------------------------------------------------------


 NSTEP =     2800   TIME(PS) =       7.800  TEMP(K) =   296.77  PRESS =     0.0
 Etot   =    -46116.0861  EKtot   =     11607.2666  EPtot      =    -57723.3527
 BOND   =       323.1747  ANGLE   =      1031.0224  DIHED      =      1354.9617
 1-4 NB =       446.7207  1-4 EEL =      6468.1182  VDWAALS    =      6662.1189
 EELEC  =    -74071.8903  EHBOND  =         0.0000  RESTRAINT  =        62.4210
 EAMBER (non-restraint)  =    -57785.7738
 EKCMT  =         0.0000  VIRIAL  =         0.0000  VOLUME     =    197881.1099
                                                    Density    =         0.9822
 ------------------------------------------------------------------------------


 NSTEP =     2850   TIME(PS) =       7.850  TEMP(K) =   299.15  PRESS =     0.0
 Etot   =    -46243.5878  EKtot   =     11700.3213  EPtot      =    -57943.9091
 BOND   =       326.4702  ANGLE   =      1041.9281  DIHED      =      1353.8610
 1-4 NB =       451.1306  1-4 EEL =      6453.4165  VDWAALS    =      6662.2528
 EELEC  =    -74294.7108  EHBOND  =         0.0000  RESTRAINT  =        61.7427
 EAMBER (non-restraint)  =    -58005.6518
 EKCMT  =         0.0000  VIRIAL  =         0.0000  VOLUME     =    197881.1099
                                                    Density    =         0.9822
 ------------------------------------------------------------------------------


 NSTEP =     2900   TIME(PS) =       7.900  TEMP(K) =   298.41  PRESS =     0.0
 Etot   =    -46200.0651  EKtot   =     11671.2324  EPtot      =    -57871.2975
 BOND   =       347.8351  ANGLE   =      1065.6309  DIHED      =      1357.5904
 1-4 NB =       445.0988  1-4 EEL =      6410.6172  VDWAALS    =      6956.6942
 EELEC  =    -74516.6731  EHBOND  =         0.0000  RESTRAINT  =        61.9091
 EAMBER (non-restraint)  =    -57933.2066
 EKCMT  =         0.0000  VIRIAL  =         0.0000  VOLUME     =    197881.1099
                                                    Density    =         0.9822
 ------------------------------------------------------------------------------


 NSTEP =     2950   TIME(PS) =       7.950  TEMP(K) =   298.32  PRESS =     0.0
 Etot   =    -46106.7545  EKtot   =     11667.7148  EPtot      =    -57774.4693
 BOND   =       346.3534  ANGLE   =      1023.5931  DIHED      =      1329.1112
 1-4 NB =       465.1255  1-4 EEL =      6483.2745  VDWAALS    =      7002.0279
 EELEC  =    -74485.9704  EHBOND  =         0.0000  RESTRAINT  =        62.0154
 EAMBER (non-restraint)  =    -57836.4847
 EKCMT  =         0.0000  VIRIAL  =         0.0000  VOLUME     =    197881.1099
                                                    Density    =         0.9822
 ------------------------------------------------------------------------------


 NSTEP =     3000   TIME(PS) =       8.000  TEMP(K) =   298.48  PRESS =     0.0
 Etot   =    -46154.0877  EKtot   =     11673.9629  EPtot      =    -57828.0506
 BOND   =       341.3160  ANGLE   =      1059.0002  DIHED      =      1338.2785
 1-4 NB =       435.6524  1-4 EEL =      6438.6987  VDWAALS    =      6961.5201
 EELEC  =    -74463.8278  EHBOND  =         0.0000  RESTRAINT  =        61.3113
 EAMBER (non-restraint)  =    -57889.3619
 EKCMT  =         0.0000  VIRIAL  =         0.0000  VOLUME     =    197881.1099
                                                    Density    =         0.9822
 ------------------------------------------------------------------------------


 NSTEP =     3050   TIME(PS) =       8.050  TEMP(K) =   300.73  PRESS =     0.0
 Etot   =    -46109.0177  EKtot   =     11762.0684  EPtot      =    -57871.0861
 BOND   =       312.1251  ANGLE   =      1027.1124  DIHED      =      1345.4805
 1-4 NB =       442.2788  1-4 EEL =      6464.1177  VDWAALS    =      6851.2539
 EELEC  =    -74373.5520  EHBOND  =         0.0000  RESTRAINT  =        60.0976
 EAMBER (non-restraint)  =    -57931.1837
 EKCMT  =         0.0000  VIRIAL  =         0.0000  VOLUME     =    197881.1099
                                                    Density    =         0.9822
 ------------------------------------------------------------------------------


 NSTEP =     3100   TIME(PS) =       8.100  TEMP(K) =   299.69  PRESS =     0.0
 Etot   =    -46107.1249  EKtot   =     11721.5645  EPtot      =    -57828.6893
 BOND   =       334.6181  ANGLE   =      1014.3504  DIHED      =      1371.5099
 1-4 NB =       444.7204  1-4 EEL =      6421.4553  VDWAALS    =      6890.4204
 EELEC  =    -74369.1988  EHBOND  =         0.0000  RESTRAINT  =        63.4351
 EAMBER (non-restraint)  =    -57892.1244
 EKCMT  =         0.0000  VIRIAL  =         0.0000  VOLUME     =    197881.1099
                                                    Density    =         0.9822
 ------------------------------------------------------------------------------


 NSTEP =     3150   TIME(PS) =       8.150  TEMP(K) =   301.03  PRESS =     0.0
 Etot   =    -45969.7394  EKtot   =     11773.8047  EPtot      =    -57743.5441
 BOND   =       340.5084  ANGLE   =      1036.6782  DIHED      =      1356.8036
 1-4 NB =       443.5622  1-4 EEL =      6431.1254  VDWAALS    =      6835.6344
 EELEC  =    -74253.9567  EHBOND  =         0.0000  RESTRAINT  =        66.1005
 EAMBER (non-restraint)  =    -57809.6446
 EKCMT  =         0.0000  VIRIAL  =         0.0000  VOLUME     =    197881.1099
                                                    Density    =         0.9822
 ------------------------------------------------------------------------------


 NSTEP =     3200   TIME(PS) =       8.200  TEMP(K) =   301.44  PRESS =     0.0
 Etot   =    -45966.5461  EKtot   =     11789.9658  EPtot      =    -57756.5119
 BOND   =       356.0723  ANGLE   =      1033.2162  DIHED      =      1362.8163
 1-4 NB =       451.4307  1-4 EEL =      6463.4501  VDWAALS    =      6789.7356
 EELEC  =    -74280.0482  EHBOND  =         0.0000  RESTRAINT  =        66.8151
 EAMBER (non-restraint)  =    -57823.3270
 EKCMT  =         0.0000  VIRIAL  =         0.0000  VOLUME     =    197881.1099
                                                    Density    =         0.9822
 ------------------------------------------------------------------------------


 NSTEP =     3250   TIME(PS) =       8.250  TEMP(K) =   298.83  PRESS =     0.0
 Etot   =    -46030.7837  EKtot   =     11687.6836  EPtot      =    -57718.4673
 BOND   =       346.0477  ANGLE   =      1050.3861  DIHED      =      1342.2148
 1-4 NB =       450.0880  1-4 EEL =      6438.1182  VDWAALS    =      6835.0298
 EELEC  =    -74245.2692  EHBOND  =         0.0000  RESTRAINT  =        64.9173
 EAMBER (non-restraint)  =    -57783.3846
 EKCMT  =         0.0000  VIRIAL  =         0.0000  VOLUME     =    197881.1099
                                                    Density    =         0.9822
 ------------------------------------------------------------------------------


 NSTEP =     3300   TIME(PS) =       8.300  TEMP(K) =   301.38  PRESS =     0.0
 Etot   =    -46145.2643  EKtot   =     11787.5674  EPtot      =    -57932.8316
 BOND   =       344.3375  ANGLE   =      1079.7434  DIHED      =      1366.8832
 1-4 NB =       435.5874  1-4 EEL =      6414.4953  VDWAALS    =      7132.5790
 EELEC  =    -74771.5609  EHBOND  =         0.0000  RESTRAINT  =        65.1034
 EAMBER (non-restraint)  =    -57997.9351
 EKCMT  =         0.0000  VIRIAL  =         0.0000  VOLUME     =    196991.3237
                                                    Density    =         0.9866
 ------------------------------------------------------------------------------


 NSTEP =     3350   TIME(PS) =       8.350  TEMP(K) =   301.02  PRESS =     0.0
 Etot   =    -46250.7299  EKtot   =     11773.5859  EPtot      =    -58024.3158
 BOND   =       344.9143  ANGLE   =      1023.5266  DIHED      =      1364.9640
 1-4 NB =       445.2577  1-4 EEL =      6459.1617  VDWAALS    =      6960.4164
 EELEC  =    -74688.5798  EHBOND  =         0.0000  RESTRAINT  =        66.0232
 EAMBER (non-restraint)  =    -58090.3390
 EKCMT  =         0.0000  VIRIAL  =         0.0000  VOLUME     =    196991.3237
                                                    Density    =         0.9866
 ------------------------------------------------------------------------------


 NSTEP =     3400   TIME(PS) =       8.400  TEMP(K) =   299.29  PRESS =     0.0
 Etot   =    -46321.1706  EKtot   =     11705.9707  EPtot      =    -58027.1413
 BOND   =       321.8079  ANGLE   =      1036.9340  DIHED      =      1374.1913
 1-4 NB =       438.1192  1-4 EEL =      6444.1121  VDWAALS    =      7130.4807
 EELEC  =    -74837.6571  EHBOND  =         0.0000  RESTRAINT  =        64.8707
 EAMBER (non-restraint)  =    -58092.0119
 EKCMT  =         0.0000  VIRIAL  =         0.0000  VOLUME     =    196514.4366
                                                    Density    =         0.9890
 ------------------------------------------------------------------------------


 NSTEP =     3450   TIME(PS) =       8.450  TEMP(K) =   302.77  PRESS =     0.0
 Etot   =    -46143.2814  EKtot   =     11841.9658  EPtot      =    -57985.2472
 BOND   =       318.5965  ANGLE   =      1030.9887  DIHED      =      1378.8829
 1-4 NB =       465.3636  1-4 EEL =      6422.1175  VDWAALS    =      6957.6514
 EELEC  =    -74624.2663  EHBOND  =         0.0000  RESTRAINT  =        65.4185
 EAMBER (non-restraint)  =    -58050.6657
 EKCMT  =         0.0000  VIRIAL  =         0.0000  VOLUME     =    196514.4366
                                                    Density    =         0.9890
 ------------------------------------------------------------------------------


 NSTEP =     3500   TIME(PS) =       8.500  TEMP(K) =   299.60  PRESS =     0.0
 Etot   =    -46188.7495  EKtot   =     11717.9990  EPtot      =    -57906.7485
 BOND   =       338.0781  ANGLE   =      1037.0659  DIHED      =      1338.4042
 1-4 NB =       440.8700  1-4 EEL =      6438.2845  VDWAALS    =      7029.7082
 EELEC  =    -74595.9240  EHBOND  =         0.0000  RESTRAINT  =        66.7647
 EAMBER (non-restraint)  =    -57973.5133
 EKCMT  =         0.0000  VIRIAL  =         0.0000  VOLUME     =    196514.4366
                                                    Density    =         0.9890
 ------------------------------------------------------------------------------


 NSTEP =     3550   TIME(PS) =       8.550  TEMP(K) =   299.56  PRESS =     0.0
 Etot   =    -46283.3022  EKtot   =     11716.3125  EPtot      =    -57999.6147
 BOND   =       356.2387  ANGLE   =      1051.7953  DIHED      =      1364.7287
 1-4 NB =       437.6482  1-4 EEL =      6426.8986  VDWAALS    =      6781.3636
 EELEC  =    -74484.3402  EHBOND  =         0.0000  RESTRAINT  =        66.0524
 EAMBER (non-restraint)  =    -58065.6671
 EKCMT  =         0.0000  VIRIAL  =         0.0000  VOLUME     =    196514.4366
                                                    Density    =         0.9890
 ------------------------------------------------------------------------------


 NSTEP =     3600   TIME(PS) =       8.600  TEMP(K) =   300.75  PRESS =     0.0
 Etot   =    -46117.3620  EKtot   =     11762.9453  EPtot      =    -57880.3074
 BOND   =       360.1658  ANGLE   =      1027.3695  DIHED      =      1355.2302
 1-4 NB =       456.4719  1-4 EEL =      6475.6296  VDWAALS    =      6552.2241
 EELEC  =    -74171.9748  EHBOND  =         0.0000  RESTRAINT  =        64.5762
 EAMBER (non-restraint)  =    -57944.8836
 EKCMT  =         0.0000  VIRIAL  =         0.0000  VOLUME     =    196514.4366
                                                    Density    =         0.9890
 ------------------------------------------------------------------------------


 NSTEP =     3650   TIME(PS) =       8.650  TEMP(K) =   297.38  PRESS =     0.0
 Etot   =    -46218.3130  EKtot   =     11631.1719  EPtot      =    -57849.4849
 BOND   =       369.1031  ANGLE   =      1013.1373  DIHED      =      1386.3555
 1-4 NB =       445.9249  1-4 EEL =      6429.0172  VDWAALS    =      6655.1312
 EELEC  =    -74212.2999  EHBOND  =         0.0000  RESTRAINT  =        64.1458
 EAMBER (non-restraint)  =    -57913.6307
 EKCMT  =         0.0000  VIRIAL  =         0.0000  VOLUME     =    196514.4366
                                                    Density    =         0.9890
 ------------------------------------------------------------------------------


 NSTEP =     3700   TIME(PS) =       8.700  TEMP(K) =   301.10  PRESS =     0.0
 Etot   =    -46120.3405  EKtot   =     11776.5098  EPtot      =    -57896.8503
 BOND   =       323.2442  ANGLE   =      1056.1961  DIHED      =      1343.2497
 1-4 NB =       462.6360  1-4 EEL =      6426.7908  VDWAALS    =      6620.2517
 EELEC  =    -74193.3312  EHBOND  =         0.0000  RESTRAINT  =        64.1126
 EAMBER (non-restraint)  =    -57960.9628
 EKCMT  =         0.0000  VIRIAL  =         0.0000  VOLUME     =    196514.4366
                                                    Density    =         0.9890
 ------------------------------------------------------------------------------


 NSTEP =     3750   TIME(PS) =       8.750  TEMP(K) =   300.59  PRESS =     0.0
 Etot   =    -46199.3710  EKtot   =     11756.5254  EPtot      =    -57955.8964
 BOND   =       321.9234  ANGLE   =      1061.5053  DIHED      =      1347.9634
 1-4 NB =       447.2670  1-4 EEL =      6473.5333  VDWAALS    =      6775.6476
 EELEC  =    -74446.6582  EHBOND  =         0.0000  RESTRAINT  =        62.9217
 EAMBER (non-restraint)  =    -58018.8181
 EKCMT  =         0.0000  VIRIAL  =         0.0000  VOLUME     =    196514.4366
                                                    Density    =         0.9890
 ------------------------------------------------------------------------------


 NSTEP =     3800   TIME(PS) =       8.800  TEMP(K) =   300.81  PRESS =     0.0
 Etot   =    -46110.9935  EKtot   =     11765.4463  EPtot      =    -57876.4398
 BOND   =       354.6007  ANGLE   =      1019.9925  DIHED      =      1344.7159
 1-4 NB =       458.5766  1-4 EEL =      6439.7729  VDWAALS    =      6868.8146
 EELEC  =    -74424.9863  EHBOND  =         0.0000  RESTRAINT  =        62.0732
 EAMBER (non-restraint)  =    -57938.5130
 EKCMT  =         0.0000  VIRIAL  =         0.0000  VOLUME     =    196514.4366
                                                    Density    =         0.9890
 ------------------------------------------------------------------------------


 NSTEP =     3850   TIME(PS) =       8.850  TEMP(K) =   300.56  PRESS =     0.0
 Etot   =    -46091.9850  EKtot   =     11755.5732  EPtot      =    -57847.5583
 BOND   =       363.0884  ANGLE   =      1011.8685  DIHED      =      1355.2534
 1-4 NB =       449.3066  1-4 EEL =      6471.5484  VDWAALS    =      6863.3711
 EELEC  =    -74423.9441  EHBOND  =         0.0000  RESTRAINT  =        61.9493
 EAMBER (non-restraint)  =    -57909.5076
 EKCMT  =         0.0000  VIRIAL  =         0.0000  VOLUME     =    196514.4366
                                                    Density    =         0.9890
 ------------------------------------------------------------------------------


 NSTEP =     3900   TIME(PS) =       8.900  TEMP(K) =   300.56  PRESS =     0.0
 Etot   =    -46135.0410  EKtot   =     11755.3525  EPtot      =    -57890.3936
 BOND   =       340.8842  ANGLE   =      1029.1047  DIHED      =      1379.8212
 1-4 NB =       449.6288  1-4 EEL =      6407.3467  VDWAALS    =      6729.0006
 EELEC  =    -74289.0168  EHBOND  =         0.0000  RESTRAINT  =        62.8370
 EAMBER (non-restraint)  =    -57953.2306
 EKCMT  =         0.0000  VIRIAL  =         0.0000  VOLUME     =    196445.8377
                                                    Density    =         0.9894
 ------------------------------------------------------------------------------


 NSTEP =     3950   TIME(PS) =       8.950  TEMP(K) =   301.26  PRESS =     0.0
 Etot   =    -45928.8400  EKtot   =     11782.6826  EPtot      =    -57711.5226
 BOND   =       328.6498  ANGLE   =      1081.8570  DIHED      =      1366.0051
 1-4 NB =       453.5393  1-4 EEL =      6445.1300  VDWAALS    =      6715.2896
 EELEC  =    -74166.3746  EHBOND  =         0.0000  RESTRAINT  =        64.3812
 EAMBER (non-restraint)  =    -57775.9038
 EKCMT  =         0.0000  VIRIAL  =         0.0000  VOLUME     =    196445.8377
                                                    Density    =         0.9894
 ------------------------------------------------------------------------------


 NSTEP =     4000   TIME(PS) =       9.000  TEMP(K) =   305.63  PRESS =     0.0
 Etot   =    -45908.2621  EKtot   =     11953.6348  EPtot      =    -57861.8969
 BOND   =       357.2554  ANGLE   =      1048.8967  DIHED      =      1371.9790
 1-4 NB =       447.9137  1-4 EEL =      6413.4023  VDWAALS    =      7152.2305
 EELEC  =    -74718.5756  EHBOND  =         0.0000  RESTRAINT  =        65.0011
 EAMBER (non-restraint)  =    -57926.8980
 EKCMT  =         0.0000  VIRIAL  =         0.0000  VOLUME     =    195248.1304
                                                    Density    =         0.9954
 ------------------------------------------------------------------------------


 NSTEP =     4050   TIME(PS) =       9.050  TEMP(K) =   304.70  PRESS =     0.0
 Etot   =    -46036.2979  EKtot   =     11917.5068  EPtot      =    -57953.8047
 BOND   =       357.3472  ANGLE   =      1022.1864  DIHED      =      1384.1162
 1-4 NB =       471.8794  1-4 EEL =      6479.5372  VDWAALS    =      6802.4578
 EELEC  =    -74534.5667  EHBOND  =         0.0000  RESTRAINT  =        63.2377
 EAMBER (non-restraint)  =    -58017.0424
 EKCMT  =         0.0000  VIRIAL  =         0.0000  VOLUME     =    195248.1304
                                                    Density    =         0.9954
 ------------------------------------------------------------------------------


 NSTEP =     4100   TIME(PS) =       9.100  TEMP(K) =   302.57  PRESS =     0.0
 Etot   =    -46070.1455  EKtot   =     11834.2393  EPtot      =    -57904.3848
 BOND   =       336.8949  ANGLE   =      1059.4642  DIHED      =      1361.1342
 1-4 NB =       448.3421  1-4 EEL =      6440.5599  VDWAALS    =      6718.2924
 EELEC  =    -74332.5652  EHBOND  =         0.0000  RESTRAINT  =        63.4927
 EAMBER (non-restraint)  =    -57967.8775
 EKCMT  =         0.0000  VIRIAL  =         0.0000  VOLUME     =    195248.1304
                                                    Density    =         0.9954
 ------------------------------------------------------------------------------


 NSTEP =     4150   TIME(PS) =       9.150  TEMP(K) =   300.71  PRESS =     0.0
 Etot   =    -46138.6517  EKtot   =     11761.2109  EPtot      =    -57899.8627
 BOND   =       326.8584  ANGLE   =      1028.0728  DIHED      =      1352.6775
 1-4 NB =       455.7006  1-4 EEL =      6438.4253  VDWAALS    =      7049.5744
 EELEC  =    -74613.8027  EHBOND  =         0.0000  RESTRAINT  =        62.6309
 EAMBER (non-restraint)  =    -57962.4936
 EKCMT  =         0.0000  VIRIAL  =         0.0000  VOLUME     =    195248.1304
                                                    Density    =         0.9954
 ------------------------------------------------------------------------------


 NSTEP =     4200   TIME(PS) =       9.200  TEMP(K) =   302.53  PRESS =     0.0
 Etot   =    -46170.5510  EKtot   =     11832.3350  EPtot      =    -58002.8859
 BOND   =       350.8057  ANGLE   =      1034.6031  DIHED      =      1333.1725
 1-4 NB =       442.2542  1-4 EEL =      6431.4524  VDWAALS    =      7202.5530
 EELEC  =    -74860.3146  EHBOND  =         0.0000  RESTRAINT  =        62.5877
 EAMBER (non-restraint)  =    -58065.4736
 EKCMT  =         0.0000  VIRIAL  =         0.0000  VOLUME     =    194796.8871
                                                    Density    =         0.9978
 ------------------------------------------------------------------------------


 NSTEP =     4250   TIME(PS) =       9.250  TEMP(K) =   302.27  PRESS =     0.0
 Etot   =    -46199.0350  EKtot   =     11822.4541  EPtot      =    -58021.4891
 BOND   =       384.9805  ANGLE   =      1043.5945  DIHED      =      1354.8275
 1-4 NB =       437.1548  1-4 EEL =      6422.9826  VDWAALS    =      6971.8732
 EELEC  =    -74698.3993  EHBOND  =         0.0000  RESTRAINT  =        61.4971
 EAMBER (non-restraint)  =    -58082.9862
 EKCMT  =         0.0000  VIRIAL  =         0.0000  VOLUME     =    194796.8871
                                                    Density    =         0.9978
 ------------------------------------------------------------------------------


 NSTEP =     4300   TIME(PS) =       9.300  TEMP(K) =   301.69  PRESS =     0.0
 Etot   =    -46172.1365  EKtot   =     11799.7832  EPtot      =    -57971.9197
 BOND   =       348.7938  ANGLE   =      1024.7308  DIHED      =      1366.7130
 1-4 NB =       440.3129  1-4 EEL =      6433.2235  VDWAALS    =      6894.6442
 EELEC  =    -74541.4590  EHBOND  =         0.0000  RESTRAINT  =        61.1210
 EAMBER (non-restraint)  =    -58033.0407
 EKCMT  =         0.0000  VIRIAL  =         0.0000  VOLUME     =    194796.8871
                                                    Density    =         0.9978
 ------------------------------------------------------------------------------


 NSTEP =     4350   TIME(PS) =       9.350  TEMP(K) =   299.37  PRESS =     0.0
 Etot   =    -46259.8776  EKtot   =     11709.0283  EPtot      =    -57968.9059
 BOND   =       312.7216  ANGLE   =      1072.2111  DIHED      =      1355.1891
 1-4 NB =       459.4702  1-4 EEL =      6479.4117  VDWAALS    =      6938.8749
 EELEC  =    -74649.5168  EHBOND  =         0.0000  RESTRAINT  =        62.7324
 EAMBER (non-restraint)  =    -58031.6383
 EKCMT  =         0.0000  VIRIAL  =         0.0000  VOLUME     =    194796.8871
                                                    Density    =         0.9978
 ------------------------------------------------------------------------------


 NSTEP =     4400   TIME(PS) =       9.400  TEMP(K) =   300.25  PRESS =     0.0
 Etot   =    -46335.1381  EKtot   =     11743.3691  EPtot      =    -58078.5073
 BOND   =       343.3511  ANGLE   =      1028.8092  DIHED      =      1366.3170
 1-4 NB =       442.3402  1-4 EEL =      6410.2721  VDWAALS    =      7206.8029
 EELEC  =    -74939.1939  EHBOND  =         0.0000  RESTRAINT  =        62.7940
 EAMBER (non-restraint)  =    -58141.3013
 EKCMT  =         0.0000  VIRIAL  =         0.0000  VOLUME     =    194362.9064
                                                    Density    =         1.0000
 ------------------------------------------------------------------------------


 NSTEP =     4450   TIME(PS) =       9.450  TEMP(K) =   301.69  PRESS =     0.0
 Etot   =    -46395.1493  EKtot   =     11799.5078  EPtot      =    -58194.6571
 BOND   =       305.2807  ANGLE   =      1010.6913  DIHED      =      1377.6615
 1-4 NB =       458.7354  1-4 EEL =      6460.0689  VDWAALS    =      7243.9178
 EELEC  =    -75115.1070  EHBOND  =         0.0000  RESTRAINT  =        64.0944
 EAMBER (non-restraint)  =    -58258.7515
 EKCMT  =         0.0000  VIRIAL  =         0.0000  VOLUME     =    194362.9064
                                                    Density    =         1.0000
 ------------------------------------------------------------------------------


 NSTEP =     4500   TIME(PS) =       9.500  TEMP(K) =   300.83  PRESS =     0.0
 Etot   =    -46381.1149  EKtot   =     11766.1699  EPtot      =    -58147.2848
 BOND   =       304.4774  ANGLE   =      1015.1213  DIHED      =      1364.6000
 1-4 NB =       448.5479  1-4 EEL =      6461.3774  VDWAALS    =      7279.7177
 EELEC  =    -75084.4126  EHBOND  =         0.0000  RESTRAINT  =        63.2861
 EAMBER (non-restraint)  =    -58210.5709
 EKCMT  =         0.0000  VIRIAL  =         0.0000  VOLUME     =    194362.9064
                                                    Density    =         1.0000
 ------------------------------------------------------------------------------


 NSTEP =     4550   TIME(PS) =       9.550  TEMP(K) =   297.47  PRESS =     0.0
 Etot   =    -46316.0703  EKtot   =     11634.5508  EPtot      =    -57950.6211
 BOND   =       300.1814  ANGLE   =      1043.6431  DIHED      =      1376.2980
 1-4 NB =       453.5186  1-4 EEL =      6447.8631  VDWAALS    =      7109.9863
 EELEC  =    -74743.5427  EHBOND  =         0.0000  RESTRAINT  =        61.4310
 EAMBER (non-restraint)  =    -58012.0521
 EKCMT  =         0.0000  VIRIAL  =         0.0000  VOLUME     =    194362.9064
                                                    Density    =         1.0000
 ------------------------------------------------------------------------------


 NSTEP =     4600   TIME(PS) =       9.600  TEMP(K) =   296.81  PRESS =     0.0
 Etot   =    -46476.4926  EKtot   =     11608.8438  EPtot      =    -58085.3364
 BOND   =       337.0875  ANGLE   =      1032.0629  DIHED      =      1357.4448
 1-4 NB =       436.7270  1-4 EEL =      6446.6481  VDWAALS    =      6819.2125
 EELEC  =    -74576.2031  EHBOND  =         0.0000  RESTRAINT  =        61.6839
 EAMBER (non-restraint)  =    -58147.0203
 EKCMT  =         0.0000  VIRIAL  =         0.0000  VOLUME     =    194362.9064
                                                    Density    =         1.0000
 ------------------------------------------------------------------------------


 NSTEP =     4650   TIME(PS) =       9.650  TEMP(K) =   298.25  PRESS =     0.0
 Etot   =    -46460.3112  EKtot   =     11665.0273  EPtot      =    -58125.3385
 BOND   =       297.5615  ANGLE   =      1014.3149  DIHED      =      1367.9617
 1-4 NB =       456.6674  1-4 EEL =      6457.8358  VDWAALS    =      6895.3345
 EELEC  =    -74675.5810  EHBOND  =         0.0000  RESTRAINT  =        60.5666
 EAMBER (non-restraint)  =    -58185.9052
 EKCMT  =         0.0000  VIRIAL  =         0.0000  VOLUME     =    194362.9064
                                                    Density    =         1.0000
 ------------------------------------------------------------------------------


 NSTEP =     4700   TIME(PS) =       9.700  TEMP(K) =   295.87  PRESS =     0.0
 Etot   =    -46509.8881  EKtot   =     11571.9844  EPtot      =    -58081.8724
 BOND   =       318.5574  ANGLE   =      1020.0601  DIHED      =      1379.3272
 1-4 NB =       445.6806  1-4 EEL =      6457.7829  VDWAALS    =      6917.0889
 EELEC  =    -74682.1013  EHBOND  =         0.0000  RESTRAINT  =        61.7317
 EAMBER (non-restraint)  =    -58143.6041
 EKCMT  =         0.0000  VIRIAL  =         0.0000  VOLUME     =    194362.9064
                                                    Density    =         1.0000
 ------------------------------------------------------------------------------


 NSTEP =     4750   TIME(PS) =       9.750  TEMP(K) =   298.37  PRESS =     0.0
 Etot   =    -46387.0013  EKtot   =     11669.7637  EPtot      =    -58056.7649
 BOND   =       329.4748  ANGLE   =      1054.0760  DIHED      =      1353.9416
 1-4 NB =       453.2971  1-4 EEL =      6437.1199  VDWAALS    =      6786.6436
 EELEC  =    -74534.0496  EHBOND  =         0.0000  RESTRAINT  =        62.7317
 EAMBER (non-restraint)  =    -58119.4966
 EKCMT  =         0.0000  VIRIAL  =         0.0000  VOLUME     =    194362.9064
                                                    Density    =         1.0000
 ------------------------------------------------------------------------------


 NSTEP =     4800   TIME(PS) =       9.800  TEMP(K) =   298.78  PRESS =     0.0
 Etot   =    -46252.6541  EKtot   =     11685.9727  EPtot      =    -57938.6268
 BOND   =       353.1135  ANGLE   =      1056.0463  DIHED      =      1340.8626
 1-4 NB =       439.0046  1-4 EEL =      6421.7622  VDWAALS    =      6717.7907
 EELEC  =    -74329.4222  EHBOND  =         0.0000  RESTRAINT  =        62.2155
 EAMBER (non-restraint)  =    -58000.8423
 EKCMT  =         0.0000  VIRIAL  =         0.0000  VOLUME     =    194362.9064
                                                    Density    =         1.0000
 ------------------------------------------------------------------------------


 NSTEP =     4850   TIME(PS) =       9.850  TEMP(K) =   300.75  PRESS =     0.0
 Etot   =    -46170.7780  EKtot   =     11762.8555  EPtot      =    -57933.6335
 BOND   =       367.8703  ANGLE   =      1055.6480  DIHED      =      1354.0653
 1-4 NB =       430.1252  1-4 EEL =      6429.1610  VDWAALS    =      6805.6450
 EELEC  =    -74436.7083  EHBOND  =         0.0000  RESTRAINT  =        60.5600
 EAMBER (non-restraint)  =    -57994.1935
 EKCMT  =         0.0000  VIRIAL  =         0.0000  VOLUME     =    194362.9064
                                                    Density    =         1.0000
 ------------------------------------------------------------------------------


 NSTEP =     4900   TIME(PS) =       9.900  TEMP(K) =   301.03  PRESS =     0.0
 Etot   =    -46291.3917  EKtot   =     11773.8271  EPtot      =    -58065.2188
 BOND   =       357.6720  ANGLE   =      1042.5024  DIHED      =      1347.5057
 1-4 NB =       442.1650  1-4 EEL =      6442.1856  VDWAALS    =      6912.4659
 EELEC  =    -74668.5094  EHBOND  =         0.0000  RESTRAINT  =        58.7939
 EAMBER (non-restraint)  =    -58124.0127
 EKCMT  =         0.0000  VIRIAL  =         0.0000  VOLUME     =    193880.4090
                                                    Density    =         1.0025
 ------------------------------------------------------------------------------


 NSTEP =     4950   TIME(PS) =       9.950  TEMP(K) =   298.70  PRESS =     0.0
 Etot   =    -46319.6125  EKtot   =     11682.8623  EPtot      =    -58002.4748
 BOND   =       346.7329  ANGLE   =      1068.5938  DIHED      =      1348.7020
 1-4 NB =       456.6974  1-4 EEL =      6468.1211  VDWAALS    =      6915.3992
 EELEC  =    -74667.2504  EHBOND  =         0.0000  RESTRAINT  =        60.5292
 EAMBER (non-restraint)  =    -58063.0040
 EKCMT  =         0.0000  VIRIAL  =         0.0000  VOLUME     =    193880.4090
                                                    Density    =         1.0025
 ------------------------------------------------------------------------------


 NSTEP =     5000   TIME(PS) =      10.000  TEMP(K) =   298.21  PRESS =     0.0
 Etot   =    -46384.4351  EKtot   =     11663.4854  EPtot      =    -58047.9205
 BOND   =       336.2433  ANGLE   =      1036.0420  DIHED      =      1353.9578
 1-4 NB =       445.9534  1-4 EEL =      6408.3466  VDWAALS    =      7006.1259
 EELEC  =    -74697.3429  EHBOND  =         0.0000  RESTRAINT  =        62.7536
 EAMBER (non-restraint)  =    -58110.6740
 EKCMT  =         0.0000  VIRIAL  =         0.0000  VOLUME     =    193880.4090
                                                    Density    =         1.0025
 ------------------------------------------------------------------------------


      A V E R A G E S   O V E R     100 S T E P S


 NSTEP =     5000   TIME(PS) =      10.000  TEMP(K) =   301.15  PRESS =     0.0
 Etot   =    -45909.3478  EKtot   =     11778.6914  EPtot      =    -57688.0392
 BOND   =       341.0049  ANGLE   =      1035.9825  DIHED      =      1359.6161
 1-4 NB =       449.8813  1-4 EEL =      6442.1906  VDWAALS    =      6892.4443
 EELEC  =    -74316.3921  EHBOND  =         0.0000  RESTRAINT  =       107.2332
 EAMBER (non-restraint)  =    -57795.2725
 EKCMT  =         0.0000  VIRIAL  =         0.0000  VOLUME     =    198471.7978
                                                    Density    =         0.9795
 ------------------------------------------------------------------------------


      R M S  F L U C T U A T I O N S


 NSTEP =     5000   TIME(PS) =      10.000  TEMP(K) =     2.60  PRESS =     0.0
 Etot   =       370.5333  EKtot   =       101.7427  EPtot      =       317.6393
 BOND   =        17.7459  ANGLE   =        21.6023  DIHED      =        13.1064
 1-4 NB =         9.0790  1-4 EEL =        19.7023  VDWAALS    =       178.7805
 EELEC  =       330.1173  EHBOND  =         0.0000  RESTRAINT  =       161.8890
 EAMBER (non-restraint)  =       155.7503
 EKCMT  =         0.0000  VIRIAL  =         0.0000  VOLUME     =      2758.4445
                                                    Density    =         0.0136
 ------------------------------------------------------------------------------

| MC Barostat:         50 volume changes attempted.
| MC Barostat:         17 changes successful ( 34.00%)
 ------------------------------------------------------------------------------

--------------------------------------------------------------------------------
   5.  TIMINGS
--------------------------------------------------------------------------------

|  NonSetup CPU Time in Major Routines:
|
|     Routine           Sec        %
|     ------------------------------
|     Nonbond           0.45   16.10
|     Bond              0.00    0.00
|     Angle             0.00    0.00
|     Dihedral          0.00    0.00
|     Shake             0.03    0.94
|     RunMD             2.26   81.45
|     Other             0.04    1.51
|     ------------------------------
|     Total             2.77

|  PME Nonbond Pairlist CPU Time:
|
|     Routine              Sec        %
|     ---------------------------------
|     Set Up Cit           0.00    0.00
|     Build List           0.00    0.00
|     ---------------------------------
|     Total                0.00    0.00

|  PME Direct Force CPU Time:
|
|     Routine              Sec        %
|     ---------------------------------
|     NonBonded Calc       0.00    0.00
|     Exclude Masked       0.00    0.00
|     Other                0.01    0.34
|     ---------------------------------
|     Total                0.01    0.34

|  PME Reciprocal Force CPU Time:
|
|     Routine              Sec        %
|     ---------------------------------
|     1D bspline           0.00    0.00
|     Grid Charges         0.00    0.00
|     Scalar Sum           0.00    0.00
|     Gradient Sum         0.00    0.00
|     FFT                  0.00    0.00
|     ---------------------------------
|     Total                0.00    0.00

|  Final Performance Info:
|     -----------------------------------------------------
|     Average timings for last    4950 steps:
|     Elapsed(s) =       2.77 Per Step(ms) =       0.56
|         ns/day =     154.31   seconds/ns =     559.90
|
|     Average timings for all steps:
|     Elapsed(s) =       2.79 Per Step(ms) =       0.56
|         ns/day =     154.84   seconds/ns =     558.01
|     -----------------------------------------------------

|  Setup CPU time:            0.57 seconds
|  NonSetup CPU time:         2.77 seconds
|  Total CPU time:            3.34 seconds     0.00 hours

|  Setup wall time:           0    seconds
|  NonSetup wall time:        3    seconds
|  Total wall time:           3    seconds     0.00 hours
